#
# There is insufficient memory for the Java Runtime Environment to continue.
# Native memory allocation (malloc) failed to allocate 1879696 bytes for Chunk::new
# Possible reasons:
#   The system is out of physical RAM or swap space
#   The process is running with CompressedOops enabled, and the Java Heap may be blocking the growth of the native heap
# Possible solutions:
#   Reduce memory load on the system
#   Increase physical memory or swap space
#   Check if swap backing store is full
#   Decrease Java heap size (-Xmx/-Xms)
#   Decrease number of Java threads
#   Decrease Java thread stack sizes (-Xss)
#   Set larger code cache with -XX:ReservedCodeCacheSize=
#   JVM is running with Unscaled Compressed Oops mode in which the Java heap is
#     placed in the first 4GB address space. The Java Heap base address is the
#     maximum limit for the native heap growth. Please use -XX:HeapBaseMinAddress
#     to set the Java Heap base and to place the Java Heap above 4GB virtual address.
# This output file may be truncated or incomplete.
#
#  Out of Memory Error (t:/workspace/hotspot/src/share/vm/memory/allocation.cpp:372), pid=17796, tid=14608
#
# JRE version: Java(TM) SE Runtime Environment (9.0+11) (build 9.0.1+11)
# Java VM: Java HotSpot(TM) 64-Bit Server VM (9.0.1+11, mixed mode, tiered, compressed oops, g1 gc, windows-amd64)
# No core dump will be written. Minidumps are not enabled by default on client versions of Windows
#

---------------  S U M M A R Y ------------

Command Line: -XX:MaxMetaspaceSize=256m -XX:+HeapDumpOnOutOfMemoryError --add-opens=java.base/java.util=ALL-UNNAMED --add-opens=java.base/java.lang=ALL-UNNAMED --add-opens=java.base/java.lang.invoke=ALL-UNNAMED --add-opens=java.prefs/java.util.prefs=ALL-UNNAMED -Xms256m -Xmx512m -Dfile.encoding=windows-1251 -Duser.country=RU -Duser.language=ru -Duser.variant org.gradle.launcher.daemon.bootstrap.GradleDaemon 6.8

Host: Intel(R) Core(TM) i7-3630QM CPU @ 2.40GHz, 8 cores, 5G,  Windows 10 , 64 bit Build 19041 (10.0.19041.1645)
Time: Mon May 16 16:53:39 2022 Aca?aaea?aineia a?aiy (ceia) elapsed time: 93 seconds (0d 0h 1m 33s)

---------------  T H R E A D  ---------------

Current thread (0x000002791a3f7800):  JavaThread "C2 CompilerThread2" daemon [_thread_in_native, id=14608, stack(0x000000f8bee00000,0x000000f8bef00000)]


Current CompileTask:
C2:  93216 4328       4       java.net.URLClassLoader$1::run (5 bytes)

Stack: [0x000000f8bee00000,0x000000f8bef00000]
Native frames: (J=compiled Java code, j=interpreted, Vv=VM code, C=native code)
V  [jvm.dll+0x5870b8]
V  [jvm.dll+0x69c0ee]
V  [jvm.dll+0x69d00a]
V  [jvm.dll+0x69d643]
V  [jvm.dll+0x21d148]
V  [jvm.dll+0xa7c6c]
V  [jvm.dll+0xa85ac]
V  [jvm.dll+0x320eac]
V  [jvm.dll+0x2e78ca]
V  [jvm.dll+0x2e6e5a]
V  [jvm.dll+0x1e99c1]
V  [jvm.dll+0x1e8c66]
V  [jvm.dll+0x1691bb]
V  [jvm.dll+0x1f64f0]
V  [jvm.dll+0x1f5176]
V  [jvm.dll+0x66b2df]
V  [jvm.dll+0x5864e0]
C  [msvcr120.dll+0x24f7f]
C  [msvcr120.dll+0x25126]
C  [KERNEL32.DLL+0x17034]
C  [ntdll.dll+0x52651]


---------------  P R O C E S S  ---------------

Java Threads: ( => current thread )
  0x000002791b612800 JavaThread "Cache worker for file content cache (C:\Users\mirza\.gradle\caches\6.8\fileContent)" [_thread_blocked, id=15440, stack(0x000000f8bcf00000,0x000000f8bd000000)]
  0x000002791b618800 JavaThread "Cache worker for execution history cache (C:\Users\mirza\.gradle\caches\6.8\executionHistory)" [_thread_blocked, id=17252, stack(0x000000f8c2000000,0x000000f8c2100000)]
  0x000002791b618000 JavaThread "Cache worker for cache directory md-rule (C:\Users\mirza\.gradle\caches\6.8\md-rule)" [_thread_blocked, id=13532, stack(0x000000f8c1f00000,0x000000f8c2000000)]
  0x000002791b616800 JavaThread "Cache worker for cache directory md-supplier (C:\Users\mirza\.gradle\caches\6.8\md-supplier)" [_thread_blocked, id=7116, stack(0x000000f8c1e00000,0x000000f8c1f00000)]
  0x000002791b619800 JavaThread "Cache worker for checksums cache (C:\Users\mirza\Desktop\parcel-delivery\ms-courier\.gradle\checksums)" [_thread_blocked, id=16732, stack(0x000000f8c1d00000,0x000000f8c1e00000)]
  0x000002791b60e000 JavaThread "File lock release action executor" [_thread_blocked, id=15520, stack(0x000000f8c1c00000,0x000000f8c1d00000)]
  0x000002791b615000 JavaThread "jar transforms Thread 24" [_thread_blocked, id=15028, stack(0x000000f8c1b00000,0x000000f8c1c00000)]
  0x000002791b613800 JavaThread "jar transforms Thread 23" [_thread_blocked, id=7208, stack(0x000000f8c1a00000,0x000000f8c1b00000)]
  0x000002791b60f000 JavaThread "jar transforms Thread 22" [_thread_blocked, id=10280, stack(0x000000f8c1900000,0x000000f8c1a00000)]
  0x000002791b60d800 JavaThread "jar transforms Thread 21" [_thread_blocked, id=15536, stack(0x000000f8c1800000,0x000000f8c1900000)]
  0x000002791b614000 JavaThread "jar transforms Thread 20" [_thread_blocked, id=2784, stack(0x000000f8c1700000,0x000000f8c1800000)]
  0x000002791b612000 JavaThread "jar transforms Thread 19" [_thread_blocked, id=17916, stack(0x000000f8c1600000,0x000000f8c1700000)]
  0x000002791b611000 JavaThread "jar transforms Thread 18" [_thread_blocked, id=12312, stack(0x000000f8c1500000,0x000000f8c1600000)]
  0x000002791b610800 JavaThread "jar transforms Thread 17" [_thread_blocked, id=8808, stack(0x000000f8c1400000,0x000000f8c1500000)]
  0x000002791b60f800 JavaThread "jar transforms Thread 16" [_thread_blocked, id=3440, stack(0x000000f8c1300000,0x000000f8c1400000)]
  0x000002791a450800 JavaThread "jar transforms Thread 15" [_thread_blocked, id=15764, stack(0x000000f8c1200000,0x000000f8c1300000)]
  0x000002791a450000 JavaThread "jar transforms Thread 14" [_thread_blocked, id=11100, stack(0x000000f8c1100000,0x000000f8c1200000)]
  0x000002791a44f000 JavaThread "jar transforms Thread 13" [_thread_blocked, id=11404, stack(0x000000f8c1000000,0x000000f8c1100000)]
  0x000002791a456000 JavaThread "jar transforms Thread 12" [_thread_blocked, id=9920, stack(0x000000f8c0f00000,0x000000f8c1000000)]
  0x000002791a454800 JavaThread "jar transforms Thread 11" [_thread_blocked, id=5508, stack(0x000000f8c0e00000,0x000000f8c0f00000)]
  0x000002791a452000 JavaThread "jar transforms Thread 10" [_thread_blocked, id=6796, stack(0x000000f8c0d00000,0x000000f8c0e00000)]
  0x000002791a455000 JavaThread "jar transforms Thread 9" [_thread_blocked, id=4472, stack(0x000000f8c0c00000,0x000000f8c0d00000)]
  0x000002791a453800 JavaThread "jar transforms Thread 8" [_thread_blocked, id=9744, stack(0x000000f8c0b00000,0x000000f8c0c00000)]
  0x000002791a451800 JavaThread "jar transforms Thread 7" [_thread_blocked, id=12616, stack(0x000000f8c0a00000,0x000000f8c0b00000)]
  0x000002791a453000 JavaThread "jar transforms Thread 6" [_thread_blocked, id=8056, stack(0x000000f8c0900000,0x000000f8c0a00000)]
  0x000002791b3f1000 JavaThread "Cache worker for file hash cache (C:\Users\mirza\Desktop\parcel-delivery\ms-courier\.gradle\6.8\fileHashes)" [_thread_blocked, id=16556, stack(0x000000f8c0300000,0x000000f8c0400000)]
  0x000002791b3ef000 JavaThread "Cache worker for journal cache (C:\Users\mirza\.gradle\caches\journal-1)" [_thread_blocked, id=12520, stack(0x000000f8c0200000,0x000000f8c0300000)]
  0x000002791b3ec800 JavaThread "File lock request listener" [_thread_in_native, id=14316, stack(0x000000f8c0100000,0x000000f8c0200000)]
  0x000002791b3f0800 JavaThread "Cache worker for file hash cache (C:\Users\mirza\.gradle\caches\6.8\fileHashes)" [_thread_blocked, id=12180, stack(0x000000f8c0000000,0x000000f8c0100000)]
  0x000002791b3eb000 JavaThread "Daemon client event forwarder" [_thread_blocked, id=11964, stack(0x000000f8bff00000,0x000000f8c0000000)]
  0x000002791b197800 JavaThread "Asynchronous log dispatcher for DefaultDaemonConnection: socket connection from /127.0.0.1:54574 to /127.0.0.1:54575" [_thread_blocked, id=9312, stack(0x000000f8bfd00000,0x000000f8bfe00000)]
  0x000002791c425000 JavaThread "Daemon worker" [_thread_in_native, id=14172, stack(0x000000f8bfc00000,0x000000f8bfd00000)]
  0x000002791c424000 JavaThread "Cancel handler" [_thread_blocked, id=17764, stack(0x000000f8bfb00000,0x000000f8bfc00000)]
  0x000002791b9d8000 JavaThread "Handler for socket connection from /127.0.0.1:54574 to /127.0.0.1:54575" [_thread_in_native, id=9892, stack(0x000000f8bfa00000,0x000000f8bfb00000)]
  0x000002791b9d7800 JavaThread "Daemon" [_thread_blocked, id=1028, stack(0x000000f8bf900000,0x000000f8bfa00000)]
  0x000002791b9e5800 JavaThread "Daemon periodic checks" [_thread_blocked, id=8444, stack(0x000000f8bf800000,0x000000f8bf900000)]
  0x000002791bf5f800 JavaThread "Incoming local TCP Connector on port 54574" [_thread_in_native, id=14136, stack(0x000000f8bf700000,0x000000f8bf800000)]
  0x000002791c918000 JavaThread "Daemon health stats" [_thread_blocked, id=16820, stack(0x000000f8bf400000,0x000000f8bf500000)]
  0x000002791a717000 JavaThread "Service Thread" daemon [_thread_blocked, id=8972, stack(0x000000f8bf200000,0x000000f8bf300000)]
  0x000002791a5f8000 JavaThread "Common-Cleaner" daemon [_thread_blocked, id=7104, stack(0x000000f8bf100000,0x000000f8bf200000)]
  0x000002791a41d000 JavaThread "Sweeper thread" daemon [_thread_blocked, id=13024, stack(0x000000f8bf000000,0x000000f8bf100000)]
  0x000002791a3fb800 JavaThread "C1 CompilerThread3" daemon [_thread_blocked, id=13860, stack(0x000000f8bef00000,0x000000f8bf000000)]
=>0x000002791a3f7800 JavaThread "C2 CompilerThread2" daemon [_thread_in_native, id=14608, stack(0x000000f8bee00000,0x000000f8bef00000)]
  0x000002791a3fd000 JavaThread "C2 CompilerThread1" daemon [_thread_in_native, id=8264, stack(0x000000f8bed00000,0x000000f8bee00000)]
  0x000002791a3f6000 JavaThread "C2 CompilerThread0" daemon [_thread_blocked, id=10188, stack(0x000000f8bec00000,0x000000f8bed00000)]
  0x000002791a3f3800 JavaThread "Attach Listener" daemon [_thread_blocked, id=15464, stack(0x000000f8beb00000,0x000000f8bec00000)]
  0x000002791a3f2800 JavaThread "Signal Dispatcher" daemon [_thread_blocked, id=7192, stack(0x000000f8bea00000,0x000000f8beb00000)]
  0x000002791a39f800 JavaThread "Finalizer" daemon [_thread_blocked, id=11204, stack(0x000000f8be900000,0x000000f8bea00000)]
  0x000002791a38f000 JavaThread "Reference Handler" daemon [_thread_blocked, id=18240, stack(0x000000f8be800000,0x000000f8be900000)]
  0x000002797a1d1000 JavaThread "main" [_thread_blocked, id=4088, stack(0x000000f8bd200000,0x000000f8bd300000)]

Other Threads:
  0x000002791a388000 VMThread "VM Thread" [stack: 0x000000f8be700000,0x000000f8be800000] [id=16112]
  0x000002791a721800 WatcherThread [stack: 0x000000f8bf300000,0x000000f8bf400000] [id=3024]
  0x000002797a1e9000 GCTaskThread "GC Thread#0" [stack: 0x000000f8bd300000,0x000000f8bd400000] [id=10172]
  0x000002797a1eb800 GCTaskThread "GC Thread#1" [stack: 0x000000f8bd400000,0x000000f8bd500000] [id=13664]
  0x000002797a1ed800 GCTaskThread "GC Thread#2" [stack: 0x000000f8bd500000,0x000000f8bd600000] [id=12644]
  0x000002797a1f0800 GCTaskThread "GC Thread#3" [stack: 0x000000f8bd600000,0x000000f8bd700000] [id=17396]
  0x000002797a1f4800 GCTaskThread "GC Thread#4" [stack: 0x000000f8bd700000,0x000000f8bd800000] [id=8024]
  0x000002797a1f8000 GCTaskThread "GC Thread#5" [stack: 0x000000f8bd800000,0x000000f8bd900000] [id=10576]
  0x000002797a1fb000 GCTaskThread "GC Thread#6" [stack: 0x000000f8bd900000,0x000000f8bda00000] [id=7268]
  0x000002797a1fc000 GCTaskThread "GC Thread#7" [stack: 0x000000f8bda00000,0x000000f8bdb00000] [id=13492]
  0x000002797a23f000 ConcurrentGCThread "G1 Main Marker" [stack: 0x000000f8be400000,0x000000f8be500000] [id=17556]
  0x000002797a23f800 ConcurrentGCThread "G1 Marker#0" [stack: 0x000000f8be500000,0x000000f8be600000] [id=9396]
  0x000002797a240000 ConcurrentGCThread "G1 Marker#1" [stack: 0x000000f8be600000,0x000000f8be700000] [id=7796]
  0x000002797a216000 ConcurrentGCThread "G1 Refine#0" [stack: 0x000000f8be200000,0x000000f8be300000] [id=9140]
  0x000002797a213800 ConcurrentGCThread "G1 Refine#1" [stack: 0x000000f8be100000,0x000000f8be200000] [id=16856]
  0x000002797a213000 ConcurrentGCThread "G1 Refine#2" [stack: 0x000000f8be000000,0x000000f8be100000] [id=10512]
  0x000002797a20e000 ConcurrentGCThread "G1 Refine#3" [stack: 0x000000f8bdf00000,0x000000f8be000000] [id=9508]
  0x000002797a206800 ConcurrentGCThread "G1 Refine#4" [stack: 0x000000f8bde00000,0x000000f8bdf00000] [id=11512]
  0x000002797a205000 ConcurrentGCThread "G1 Refine#5" [stack: 0x000000f8bdd00000,0x000000f8bde00000] [id=14148]
  0x000002797a1ff000 ConcurrentGCThread "G1 Refine#6" [stack: 0x000000f8bdc00000,0x000000f8bdd00000] [id=18124]
  0x000002797a1fe800 ConcurrentGCThread "G1 Refine#7" [stack: 0x000000f8bdb00000,0x000000f8bdc00000] [id=9956]
  0x000002797a217000 ConcurrentGCThread "G1 Young RemSet Sampling" [stack: 0x000000f8be300000,0x000000f8be400000] [id=11164]

Threads with active compile tasks:
C2 CompilerThread24328       4       java.net.URLClassLoader$1::run (5 bytes)
C2 CompilerThread14329   !   4       java.net.URLClassLoader$1::run (63 bytes)

VM state:not at safepoint (normal execution)

VM Mutex/Monitor currently owned by a thread: None

Heap address: 0x00000000e0000000, size: 512 MB, Compressed Oops mode: 32-bit
Narrow klass base: 0x0000000000000000, Narrow klass shift: 3
Compressed class space size: 1073741824 Address: 0x0000000100000000

Heap:
 garbage-first heap   total 262144K, used 197544K [0x00000000e0000000, 0x00000000e0100800, 0x0000000100000000)
  region size 1024K, 148 young (151552K), 5 survivors (5120K)
 Metaspace       used 45116K, capacity 47096K, committed 47232K, reserved 1091584K
  class space    used 5599K, capacity 5975K, committed 6016K, reserved 1048576K
Heap Regions: E=young(eden), S=young(survivor), O=old, HS=humongous(starts), HC=humongous(continues), CS=collection set, F=free, A=archive, TS=gc time stamp, AC=allocation context, TAMS=top-at-mark-start (previous, next)
|   0|0x00000000e0000000, 0x00000000e0100000, 0x00000000e0100000|100%| O|  |TS  0|AC  0|TAMS 0x00000000e0100000, 0x00000000e0100000|
|   1|0x00000000e0100000, 0x00000000e0200000, 0x00000000e0200000|100%| O|  |TS  0|AC  0|TAMS 0x00000000e0200000, 0x00000000e0200000|
|   2|0x00000000e0200000, 0x00000000e0300000, 0x00000000e0300000|100%| O|  |TS  0|AC  0|TAMS 0x00000000e0300000, 0x00000000e0300000|
|   3|0x00000000e0300000, 0x00000000e0400000, 0x00000000e0400000|100%|HS|  |TS  0|AC  0|TAMS 0x00000000e0400000, 0x00000000e0400000|
|   4|0x00000000e0400000, 0x00000000e0500000, 0x00000000e0500000|100%|HC|  |TS  0|AC  0|TAMS 0x00000000e0500000, 0x00000000e0500000|
|   5|0x00000000e0500000, 0x00000000e0600000, 0x00000000e0600000|100%|HC|  |TS  0|AC  0|TAMS 0x00000000e0600000, 0x00000000e0600000|
|   6|0x00000000e0600000, 0x00000000e0700000, 0x00000000e0700000|100%| O|  |TS  0|AC  0|TAMS 0x00000000e0700000, 0x00000000e0700000|
|   7|0x00000000e0700000, 0x00000000e0800000, 0x00000000e0800000|100%| O|  |TS  0|AC  0|TAMS 0x00000000e0800000, 0x00000000e0800000|
|   8|0x00000000e0800000, 0x00000000e0900000, 0x00000000e0900000|100%| O|  |TS  0|AC  0|TAMS 0x00000000e0900000, 0x00000000e0900000|
|   9|0x00000000e0900000, 0x00000000e0a00000, 0x00000000e0a00000|100%| O|  |TS  0|AC  0|TAMS 0x00000000e0a00000, 0x00000000e0a00000|
|  10|0x00000000e0a00000, 0x00000000e0b00000, 0x00000000e0b00000|100%| O|  |TS  0|AC  0|TAMS 0x00000000e0b00000, 0x00000000e0b00000|
|  11|0x00000000e0b00000, 0x00000000e0c00000, 0x00000000e0c00000|100%| O|  |TS  0|AC  0|TAMS 0x00000000e0c00000, 0x00000000e0c00000|
|  12|0x00000000e0c00000, 0x00000000e0d00000, 0x00000000e0d00000|100%| O|  |TS  0|AC  0|TAMS 0x00000000e0d00000, 0x00000000e0d00000|
|  13|0x00000000e0d00000, 0x00000000e0e00000, 0x00000000e0e00000|100%| O|  |TS  0|AC  0|TAMS 0x00000000e0e00000, 0x00000000e0e00000|
|  14|0x00000000e0e00000, 0x00000000e0f00000, 0x00000000e0f00000|100%| O|  |TS  0|AC  0|TAMS 0x00000000e0f00000, 0x00000000e0f00000|
|  15|0x00000000e0f00000, 0x00000000e1000000, 0x00000000e1000000|100%| O|  |TS  0|AC  0|TAMS 0x00000000e1000000, 0x00000000e1000000|
|  16|0x00000000e1000000, 0x00000000e1100000, 0x00000000e1100000|100%|HS|  |TS  0|AC  0|TAMS 0x00000000e1100000, 0x00000000e1100000|
|  17|0x00000000e1100000, 0x00000000e1200000, 0x00000000e1200000|100%|HC|  |TS  0|AC  0|TAMS 0x00000000e1200000, 0x00000000e1200000|
|  18|0x00000000e1200000, 0x00000000e1300000, 0x00000000e1300000|100%|HS|  |TS  0|AC  0|TAMS 0x00000000e1300000, 0x00000000e1300000|
|  19|0x00000000e1300000, 0x00000000e1400000, 0x00000000e1400000|100%|HC|  |TS  0|AC  0|TAMS 0x00000000e1400000, 0x00000000e1400000|
|  20|0x00000000e1400000, 0x00000000e1500000, 0x00000000e1500000|100%|HC|  |TS  0|AC  0|TAMS 0x00000000e1500000, 0x00000000e1500000|
|  21|0x00000000e1500000, 0x00000000e1600000, 0x00000000e1600000|100%|HS|  |TS  0|AC  0|TAMS 0x00000000e1600000, 0x00000000e1600000|
|  22|0x00000000e1600000, 0x00000000e1700000, 0x00000000e1700000|100%|HC|  |TS  0|AC  0|TAMS 0x00000000e1700000, 0x00000000e1700000|
|  23|0x00000000e1700000, 0x00000000e1800000, 0x00000000e1800000|100%|HS|  |TS  0|AC  0|TAMS 0x00000000e1800000, 0x00000000e1800000|
|  24|0x00000000e1800000, 0x00000000e1900000, 0x00000000e1900000|100%|HC|  |TS  0|AC  0|TAMS 0x00000000e1900000, 0x00000000e1900000|
|  25|0x00000000e1900000, 0x00000000e1a00000, 0x00000000e1a00000|100%|HC|  |TS  0|AC  0|TAMS 0x00000000e1a00000, 0x00000000e1a00000|
|  26|0x00000000e1a00000, 0x00000000e1b00000, 0x00000000e1b00000|100%|HC|  |TS  0|AC  0|TAMS 0x00000000e1b00000, 0x00000000e1b00000|
|  27|0x00000000e1b00000, 0x00000000e1c00000, 0x00000000e1c00000|100%| O|  |TS  0|AC  0|TAMS 0x00000000e1c00000, 0x00000000e1c00000|
|  28|0x00000000e1c00000, 0x00000000e1d00000, 0x00000000e1d00000|100%| O|  |TS  0|AC  0|TAMS 0x00000000e1d00000, 0x00000000e1d00000|
|  29|0x00000000e1d00000, 0x00000000e1e00000, 0x00000000e1e00000|100%| O|  |TS  0|AC  0|TAMS 0x00000000e1e00000, 0x00000000e1e00000|
|  30|0x00000000e1e00000, 0x00000000e1f00000, 0x00000000e1f00000|100%| O|  |TS  0|AC  0|TAMS 0x00000000e1f00000, 0x00000000e1f00000|
|  31|0x00000000e1f00000, 0x00000000e2000000, 0x00000000e2000000|100%| O|  |TS  0|AC  0|TAMS 0x00000000e2000000, 0x00000000e2000000|
|  32|0x00000000e2000000, 0x00000000e2100000, 0x00000000e2100000|100%| O|  |TS  0|AC  0|TAMS 0x00000000e2100000, 0x00000000e2100000|
|  33|0x00000000e2100000, 0x00000000e219e800, 0x00000000e2200000| 61%| O|  |TS  0|AC  0|TAMS 0x00000000e219e800, 0x00000000e219e800|
|  34|0x00000000e2200000, 0x00000000e2300000, 0x00000000e2300000|100%|HS|  |TS  0|AC  0|TAMS 0x00000000e2200000, 0x00000000e2200000|
|  35|0x00000000e2300000, 0x00000000e2400000, 0x00000000e2400000|100%|HS|  |TS  0|AC  0|TAMS 0x00000000e2300000, 0x00000000e2300000|
|  36|0x00000000e2400000, 0x00000000e2500000, 0x00000000e2500000|100%|HC|  |TS  0|AC  0|TAMS 0x00000000e2400000, 0x00000000e2400000|
|  37|0x00000000e2500000, 0x00000000e2600000, 0x00000000e2600000|100%|HS|  |TS  0|AC  0|TAMS 0x00000000e2500000, 0x00000000e2500000|
|  38|0x00000000e2600000, 0x00000000e2700000, 0x00000000e2700000|100%|HC|  |TS  0|AC  0|TAMS 0x00000000e2600000, 0x00000000e2600000|
|  39|0x00000000e2700000, 0x00000000e2800000, 0x00000000e2800000|100%|HS|  |TS  0|AC  0|TAMS 0x00000000e2700000, 0x00000000e2700000|
|  40|0x00000000e2800000, 0x00000000e2900000, 0x00000000e2900000|100%|HC|  |TS  0|AC  0|TAMS 0x00000000e2800000, 0x00000000e2800000|
|  41|0x00000000e2900000, 0x00000000e2a00000, 0x00000000e2a00000|100%|HC|  |TS  0|AC  0|TAMS 0x00000000e2900000, 0x00000000e2900000|
|  42|0x00000000e2a00000, 0x00000000e2b00000, 0x00000000e2b00000|100%|HC|  |TS  0|AC  0|TAMS 0x00000000e2a00000, 0x00000000e2a00000|
|  43|0x00000000e2b00000, 0x00000000e2c00000, 0x00000000e2c00000|100%|HS|  |TS  0|AC  0|TAMS 0x00000000e2b00000, 0x00000000e2b00000|
|  44|0x00000000e2c00000, 0x00000000e2d00000, 0x00000000e2d00000|100%|HC|  |TS  0|AC  0|TAMS 0x00000000e2c00000, 0x00000000e2c00000|
|  45|0x00000000e2d00000, 0x00000000e2e00000, 0x00000000e2e00000|100%|HC|  |TS  0|AC  0|TAMS 0x00000000e2d00000, 0x00000000e2d00000|
|  46|0x00000000e2e00000, 0x00000000e2f00000, 0x00000000e2f00000|100%|HS|  |TS  0|AC  0|TAMS 0x00000000e2e00000, 0x00000000e2e00000|
|  47|0x00000000e2f00000, 0x00000000e2f00000, 0x00000000e3000000|  0%| F|  |TS  0|AC  0|TAMS 0x00000000e2f00000, 0x00000000e2f00000|
|  48|0x00000000e3000000, 0x00000000e3000000, 0x00000000e3100000|  0%| F|  |TS  0|AC  0|TAMS 0x00000000e3000000, 0x00000000e3000000|
|  49|0x00000000e3100000, 0x00000000e3100000, 0x00000000e3200000|  0%| F|  |TS  0|AC  0|TAMS 0x00000000e3100000, 0x00000000e3100000|
|  50|0x00000000e3200000, 0x00000000e3200000, 0x00000000e3300000|  0%| F|  |TS  0|AC  0|TAMS 0x00000000e3200000, 0x00000000e3200000|
|  51|0x00000000e3300000, 0x00000000e3300000, 0x00000000e3400000|  0%| F|  |TS  0|AC  0|TAMS 0x00000000e3300000, 0x00000000e3300000|
|  52|0x00000000e3400000, 0x00000000e3400000, 0x00000000e3500000|  0%| F|  |TS  0|AC  0|TAMS 0x00000000e3400000, 0x00000000e3400000|
|  53|0x00000000e3500000, 0x00000000e3500000, 0x00000000e3600000|  0%| F|  |TS  0|AC  0|TAMS 0x00000000e3500000, 0x00000000e3500000|
|  54|0x00000000e3600000, 0x00000000e3600000, 0x00000000e3700000|  0%| F|  |TS  0|AC  0|TAMS 0x00000000e3600000, 0x00000000e3600000|
|  55|0x00000000e3700000, 0x00000000e3700000, 0x00000000e3800000|  0%| F|  |TS  0|AC  0|TAMS 0x00000000e3700000, 0x00000000e3700000|
|  56|0x00000000e3800000, 0x00000000e3800000, 0x00000000e3900000|  0%| F|  |TS  0|AC  0|TAMS 0x00000000e3800000, 0x00000000e3800000|
|  57|0x00000000e3900000, 0x00000000e3900000, 0x00000000e3a00000|  0%| F|  |TS  0|AC  0|TAMS 0x00000000e3900000, 0x00000000e3900000|
|  58|0x00000000e3a00000, 0x00000000e3a00000, 0x00000000e3b00000|  0%| F|  |TS  0|AC  0|TAMS 0x00000000e3a00000, 0x00000000e3a00000|
|  59|0x00000000e3b00000, 0x00000000e3b00000, 0x00000000e3c00000|  0%| F|  |TS  0|AC  0|TAMS 0x00000000e3b00000, 0x00000000e3b00000|
|  60|0x00000000e3c00000, 0x00000000e3c00000, 0x00000000e3d00000|  0%| F|  |TS  0|AC  0|TAMS 0x00000000e3c00000, 0x00000000e3c00000|
|  61|0x00000000e3d00000, 0x00000000e3d00000, 0x00000000e3e00000|  0%| F|  |TS  0|AC  0|TAMS 0x00000000e3d00000, 0x00000000e3d00000|
|  62|0x00000000e3e00000, 0x00000000e3e00000, 0x00000000e3f00000|  0%| F|  |TS  0|AC  0|TAMS 0x00000000e3e00000, 0x00000000e3e00000|
|  63|0x00000000e3f00000, 0x00000000e3f00000, 0x00000000e4000000|  0%| F|  |TS  0|AC  0|TAMS 0x00000000e3f00000, 0x00000000e3f00000|
|  64|0x00000000e4000000, 0x00000000e4000000, 0x00000000e4100000|  0%| F|  |TS  0|AC  0|TAMS 0x00000000e4000000, 0x00000000e4000000|
|  65|0x00000000e4100000, 0x00000000e4100000, 0x00000000e4200000|  0%| F|  |TS  0|AC  0|TAMS 0x00000000e4100000, 0x00000000e4100000|
|  66|0x00000000e4200000, 0x00000000e4200000, 0x00000000e4300000|  0%| F|  |TS  0|AC  0|TAMS 0x00000000e4200000, 0x00000000e4200000|
|  67|0x00000000e4300000, 0x00000000e4300000, 0x00000000e4400000|  0%| F|  |TS  0|AC  0|TAMS 0x00000000e4300000, 0x00000000e4300000|
|  68|0x00000000e4400000, 0x00000000e4400000, 0x00000000e4500000|  0%| F|  |TS  0|AC  0|TAMS 0x00000000e4400000, 0x00000000e4400000|
|  69|0x00000000e4500000, 0x00000000e4500000, 0x00000000e4600000|  0%| F|  |TS  0|AC  0|TAMS 0x00000000e4500000, 0x00000000e4500000|
|  70|0x00000000e4600000, 0x00000000e4600000, 0x00000000e4700000|  0%| F|  |TS  0|AC  0|TAMS 0x00000000e4600000, 0x00000000e4600000|
|  71|0x00000000e4700000, 0x00000000e4700000, 0x00000000e4800000|  0%| F|  |TS  0|AC  0|TAMS 0x00000000e4700000, 0x00000000e4700000|
|  72|0x00000000e4800000, 0x00000000e4800000, 0x00000000e4900000|  0%| F|  |TS  0|AC  0|TAMS 0x00000000e4800000, 0x00000000e4800000|
|  73|0x00000000e4900000, 0x00000000e4900000, 0x00000000e4a00000|  0%| F|  |TS  0|AC  0|TAMS 0x00000000e4900000, 0x00000000e4900000|
|  74|0x00000000e4a00000, 0x00000000e4a00000, 0x00000000e4b00000|  0%| F|  |TS  0|AC  0|TAMS 0x00000000e4a00000, 0x00000000e4a00000|
|  75|0x00000000e4b00000, 0x00000000e4b00000, 0x00000000e4c00000|  0%| F|  |TS  0|AC  0|TAMS 0x00000000e4b00000, 0x00000000e4b00000|
|  76|0x00000000e4c00000, 0x00000000e4c00000, 0x00000000e4d00000|  0%| F|  |TS  0|AC  0|TAMS 0x00000000e4c00000, 0x00000000e4c00000|
|  77|0x00000000e4d00000, 0x00000000e4d00000, 0x00000000e4e00000|  0%| F|  |TS  0|AC  0|TAMS 0x00000000e4d00000, 0x00000000e4d00000|
|  78|0x00000000e4e00000, 0x00000000e4e00000, 0x00000000e4f00000|  0%| F|  |TS  0|AC  0|TAMS 0x00000000e4e00000, 0x00000000e4e00000|
|  79|0x00000000e4f00000, 0x00000000e4f00000, 0x00000000e5000000|  0%| F|  |TS  0|AC  0|TAMS 0x00000000e4f00000, 0x00000000e4f00000|
|  80|0x00000000e5000000, 0x00000000e5000000, 0x00000000e5100000|  0%| F|  |TS  0|AC  0|TAMS 0x00000000e5000000, 0x00000000e5000000|
|  81|0x00000000e5100000, 0x00000000e5100000, 0x00000000e5200000|  0%| F|  |TS  0|AC  0|TAMS 0x00000000e5100000, 0x00000000e5100000|
|  82|0x00000000e5200000, 0x00000000e5200000, 0x00000000e5300000|  0%| F|  |TS  0|AC  0|TAMS 0x00000000e5200000, 0x00000000e5200000|
|  83|0x00000000e5300000, 0x00000000e5300000, 0x00000000e5400000|  0%| F|  |TS  0|AC  0|TAMS 0x00000000e5300000, 0x00000000e5300000|
|  84|0x00000000e5400000, 0x00000000e5400000, 0x00000000e5500000|  0%| F|  |TS  0|AC  0|TAMS 0x00000000e5400000, 0x00000000e5400000|
|  85|0x00000000e5500000, 0x00000000e5500000, 0x00000000e5600000|  0%| F|  |TS  0|AC  0|TAMS 0x00000000e5500000, 0x00000000e5500000|
|  86|0x00000000e5600000, 0x00000000e5600000, 0x00000000e5700000|  0%| F|  |TS  0|AC  0|TAMS 0x00000000e5600000, 0x00000000e5600000|
|  87|0x00000000e5700000, 0x00000000e5700000, 0x00000000e5800000|  0%| F|  |TS  0|AC  0|TAMS 0x00000000e5700000, 0x00000000e5700000|
|  88|0x00000000e5800000, 0x00000000e5800000, 0x00000000e5900000|  0%| F|  |TS  0|AC  0|TAMS 0x00000000e5800000, 0x00000000e5800000|
|  89|0x00000000e5900000, 0x00000000e5900000, 0x00000000e5a00000|  0%| F|  |TS  0|AC  0|TAMS 0x00000000e5900000, 0x00000000e5900000|
|  90|0x00000000e5a00000, 0x00000000e5a00000, 0x00000000e5b00000|  0%| F|  |TS  0|AC  0|TAMS 0x00000000e5a00000, 0x00000000e5a00000|
|  91|0x00000000e5b00000, 0x00000000e5b00000, 0x00000000e5c00000|  0%| F|  |TS  0|AC  0|TAMS 0x00000000e5b00000, 0x00000000e5b00000|
|  92|0x00000000e5c00000, 0x00000000e5c00000, 0x00000000e5d00000|  0%| F|  |TS  0|AC  0|TAMS 0x00000000e5c00000, 0x00000000e5c00000|
|  93|0x00000000e5d00000, 0x00000000e5d00000, 0x00000000e5e00000|  0%| F|  |TS  0|AC  0|TAMS 0x00000000e5d00000, 0x00000000e5d00000|
|  94|0x00000000e5e00000, 0x00000000e5e00000, 0x00000000e5f00000|  0%| F|  |TS  0|AC  0|TAMS 0x00000000e5e00000, 0x00000000e5e00000|
|  95|0x00000000e5f00000, 0x00000000e5f00000, 0x00000000e6000000|  0%| F|  |TS  0|AC  0|TAMS 0x00000000e5f00000, 0x00000000e5f00000|
|  96|0x00000000e6000000, 0x00000000e6000000, 0x00000000e6100000|  0%| F|  |TS  0|AC  0|TAMS 0x00000000e6000000, 0x00000000e6000000|
|  97|0x00000000e6100000, 0x00000000e6100000, 0x00000000e6200000|  0%| F|  |TS  0|AC  0|TAMS 0x00000000e6100000, 0x00000000e6100000|
|  98|0x00000000e6200000, 0x00000000e6200000, 0x00000000e6300000|  0%| F|  |TS  0|AC  0|TAMS 0x00000000e6200000, 0x00000000e6200000|
|  99|0x00000000e6300000, 0x00000000e6300000, 0x00000000e6400000|  0%| F|  |TS  0|AC  0|TAMS 0x00000000e6300000, 0x00000000e6300000|
| 100|0x00000000e6400000, 0x00000000e6400000, 0x00000000e6500000|  0%| F|  |TS  0|AC  0|TAMS 0x00000000e6400000, 0x00000000e6400000|
| 101|0x00000000e6500000, 0x00000000e6500000, 0x00000000e6600000|  0%| F|  |TS  0|AC  0|TAMS 0x00000000e6500000, 0x00000000e6500000|
| 102|0x00000000e6600000, 0x00000000e6600000, 0x00000000e6700000|  0%| F|  |TS  0|AC  0|TAMS 0x00000000e6600000, 0x00000000e6600000|
| 103|0x00000000e6700000, 0x00000000e6700000, 0x00000000e6800000|  0%| F|  |TS  0|AC  0|TAMS 0x00000000e6700000, 0x00000000e6700000|
| 104|0x00000000e6800000, 0x00000000e6800000, 0x00000000e6900000|  0%| F|  |TS  0|AC  0|TAMS 0x00000000e6800000, 0x00000000e6800000|
| 105|0x00000000e6900000, 0x00000000e6900000, 0x00000000e6a00000|  0%| F|  |TS  0|AC  0|TAMS 0x00000000e6900000, 0x00000000e6900000|
| 106|0x00000000e6a00000, 0x00000000e6a00000, 0x00000000e6b00000|  0%| F|  |TS  0|AC  0|TAMS 0x00000000e6a00000, 0x00000000e6a00000|
| 107|0x00000000e6b00000, 0x00000000e6b00000, 0x00000000e6c00000|  0%| F|  |TS  0|AC  0|TAMS 0x00000000e6b00000, 0x00000000e6b00000|
| 108|0x00000000e6c00000, 0x00000000e6d00000, 0x00000000e6d00000|100%| E|  |TS  0|AC  0|TAMS 0x00000000e6c00000, 0x00000000e6c00000|
| 109|0x00000000e6d00000, 0x00000000e6e00000, 0x00000000e6e00000|100%| E|CS|TS  0|AC  0|TAMS 0x00000000e6d00000, 0x00000000e6d00000|
| 110|0x00000000e6e00000, 0x00000000e6f00000, 0x00000000e6f00000|100%| E|CS|TS  0|AC  0|TAMS 0x00000000e6e00000, 0x00000000e6e00000|
| 111|0x00000000e6f00000, 0x00000000e7000000, 0x00000000e7000000|100%| E|CS|TS  0|AC  0|TAMS 0x00000000e6f00000, 0x00000000e6f00000|
| 112|0x00000000e7000000, 0x00000000e7100000, 0x00000000e7100000|100%| E|CS|TS  0|AC  0|TAMS 0x00000000e7000000, 0x00000000e7000000|
| 113|0x00000000e7100000, 0x00000000e7200000, 0x00000000e7200000|100%| E|CS|TS  0|AC  0|TAMS 0x00000000e7100000, 0x00000000e7100000|
| 114|0x00000000e7200000, 0x00000000e7300000, 0x00000000e7300000|100%| E|CS|TS  0|AC  0|TAMS 0x00000000e7200000, 0x00000000e7200000|
| 115|0x00000000e7300000, 0x00000000e7400000, 0x00000000e7400000|100%| E|CS|TS  0|AC  0|TAMS 0x00000000e7300000, 0x00000000e7300000|
| 116|0x00000000e7400000, 0x00000000e7500000, 0x00000000e7500000|100%| E|CS|TS  0|AC  0|TAMS 0x00000000e7400000, 0x00000000e7400000|
| 117|0x00000000e7500000, 0x00000000e7600000, 0x00000000e7600000|100%| E|CS|TS  0|AC  0|TAMS 0x00000000e7500000, 0x00000000e7500000|
| 118|0x00000000e7600000, 0x00000000e7700000, 0x00000000e7700000|100%| E|CS|TS  0|AC  0|TAMS 0x00000000e7600000, 0x00000000e7600000|
| 119|0x00000000e7700000, 0x00000000e7800000, 0x00000000e7800000|100%| E|CS|TS  0|AC  0|TAMS 0x00000000e7700000, 0x00000000e7700000|
| 120|0x00000000e7800000, 0x00000000e7900000, 0x00000000e7900000|100%| E|CS|TS  0|AC  0|TAMS 0x00000000e7800000, 0x00000000e7800000|
| 121|0x00000000e7900000, 0x00000000e7a00000, 0x00000000e7a00000|100%| E|CS|TS  0|AC  0|TAMS 0x00000000e7900000, 0x00000000e7900000|
| 122|0x00000000e7a00000, 0x00000000e7b00000, 0x00000000e7b00000|100%| E|CS|TS  0|AC  0|TAMS 0x00000000e7a00000, 0x00000000e7a00000|
| 123|0x00000000e7b00000, 0x00000000e7c00000, 0x00000000e7c00000|100%| E|CS|TS  0|AC  0|TAMS 0x00000000e7b00000, 0x00000000e7b00000|
| 124|0x00000000e7c00000, 0x00000000e7d00000, 0x00000000e7d00000|100%| E|CS|TS  0|AC  0|TAMS 0x00000000e7c00000, 0x00000000e7c00000|
| 125|0x00000000e7d00000, 0x00000000e7e00000, 0x00000000e7e00000|100%| E|CS|TS  0|AC  0|TAMS 0x00000000e7d00000, 0x00000000e7d00000|
| 126|0x00000000e7e00000, 0x00000000e7f00000, 0x00000000e7f00000|100%| E|CS|TS  0|AC  0|TAMS 0x00000000e7e00000, 0x00000000e7e00000|
| 127|0x00000000e7f00000, 0x00000000e8000000, 0x00000000e8000000|100%| E|CS|TS  0|AC  0|TAMS 0x00000000e7f00000, 0x00000000e7f00000|
| 128|0x00000000e8000000, 0x00000000e8100000, 0x00000000e8100000|100%| E|CS|TS  0|AC  0|TAMS 0x00000000e8000000, 0x00000000e8000000|
| 129|0x00000000e8100000, 0x00000000e8200000, 0x00000000e8200000|100%| E|CS|TS  0|AC  0|TAMS 0x00000000e8100000, 0x00000000e8100000|
| 130|0x00000000e8200000, 0x00000000e8300000, 0x00000000e8300000|100%| E|CS|TS  0|AC  0|TAMS 0x00000000e8200000, 0x00000000e8200000|
| 131|0x00000000e8300000, 0x00000000e8400000, 0x00000000e8400000|100%| E|CS|TS  0|AC  0|TAMS 0x00000000e8300000, 0x00000000e8300000|
| 132|0x00000000e8400000, 0x00000000e8500000, 0x00000000e8500000|100%| E|CS|TS  0|AC  0|TAMS 0x00000000e8400000, 0x00000000e8400000|
| 133|0x00000000e8500000, 0x00000000e8600000, 0x00000000e8600000|100%| E|CS|TS  0|AC  0|TAMS 0x00000000e8500000, 0x00000000e8500000|
| 134|0x00000000e8600000, 0x00000000e8700000, 0x00000000e8700000|100%| E|CS|TS  0|AC  0|TAMS 0x00000000e8600000, 0x00000000e8600000|
| 135|0x00000000e8700000, 0x00000000e8800000, 0x00000000e8800000|100%| E|CS|TS  0|AC  0|TAMS 0x00000000e8700000, 0x00000000e8700000|
| 136|0x00000000e8800000, 0x00000000e8900000, 0x00000000e8900000|100%| E|CS|TS  0|AC  0|TAMS 0x00000000e8800000, 0x00000000e8800000|
| 137|0x00000000e8900000, 0x00000000e8a00000, 0x00000000e8a00000|100%| E|CS|TS  0|AC  0|TAMS 0x00000000e8900000, 0x00000000e8900000|
| 138|0x00000000e8a00000, 0x00000000e8b00000, 0x00000000e8b00000|100%| E|CS|TS  0|AC  0|TAMS 0x00000000e8a00000, 0x00000000e8a00000|
| 139|0x00000000e8b00000, 0x00000000e8c00000, 0x00000000e8c00000|100%| E|CS|TS  0|AC  0|TAMS 0x00000000e8b00000, 0x00000000e8b00000|
| 140|0x00000000e8c00000, 0x00000000e8d00000, 0x00000000e8d00000|100%| E|CS|TS  0|AC  0|TAMS 0x00000000e8c00000, 0x00000000e8c00000|
| 141|0x00000000e8d00000, 0x00000000e8e00000, 0x00000000e8e00000|100%| E|CS|TS  0|AC  0|TAMS 0x00000000e8d00000, 0x00000000e8d00000|
| 142|0x00000000e8e00000, 0x00000000e8f00000, 0x00000000e8f00000|100%| E|CS|TS  0|AC  0|TAMS 0x00000000e8e00000, 0x00000000e8e00000|
| 143|0x00000000e8f00000, 0x00000000e9000000, 0x00000000e9000000|100%| E|CS|TS  0|AC  0|TAMS 0x00000000e8f00000, 0x00000000e8f00000|
| 144|0x00000000e9000000, 0x00000000e9100000, 0x00000000e9100000|100%| E|CS|TS  0|AC  0|TAMS 0x00000000e9000000, 0x00000000e9000000|
| 145|0x00000000e9100000, 0x00000000e9200000, 0x00000000e9200000|100%| E|CS|TS  0|AC  0|TAMS 0x00000000e9100000, 0x00000000e9100000|
| 146|0x00000000e9200000, 0x00000000e9300000, 0x00000000e9300000|100%| E|CS|TS  0|AC  0|TAMS 0x00000000e9200000, 0x00000000e9200000|
| 147|0x00000000e9300000, 0x00000000e9400000, 0x00000000e9400000|100%| E|CS|TS  0|AC  0|TAMS 0x00000000e9300000, 0x00000000e9300000|
| 148|0x00000000e9400000, 0x00000000e9500000, 0x00000000e9500000|100%| E|CS|TS  0|AC  0|TAMS 0x00000000e9400000, 0x00000000e9400000|
| 149|0x00000000e9500000, 0x00000000e9600000, 0x00000000e9600000|100%| E|CS|TS  0|AC  0|TAMS 0x00000000e9500000, 0x00000000e9500000|
| 150|0x00000000e9600000, 0x00000000e9700000, 0x00000000e9700000|100%| E|CS|TS  0|AC  0|TAMS 0x00000000e9600000, 0x00000000e9600000|
| 151|0x00000000e9700000, 0x00000000e9800000, 0x00000000e9800000|100%| E|CS|TS  0|AC  0|TAMS 0x00000000e9700000, 0x00000000e9700000|
| 152|0x00000000e9800000, 0x00000000e9900000, 0x00000000e9900000|100%| E|CS|TS  0|AC  0|TAMS 0x00000000e9800000, 0x00000000e9800000|
| 153|0x00000000e9900000, 0x00000000e9a00000, 0x00000000e9a00000|100%| E|CS|TS  0|AC  0|TAMS 0x00000000e9900000, 0x00000000e9900000|
| 154|0x00000000e9a00000, 0x00000000e9b00000, 0x00000000e9b00000|100%| E|CS|TS  0|AC  0|TAMS 0x00000000e9a00000, 0x00000000e9a00000|
| 155|0x00000000e9b00000, 0x00000000e9c00000, 0x00000000e9c00000|100%| E|CS|TS  0|AC  0|TAMS 0x00000000e9b00000, 0x00000000e9b00000|
| 156|0x00000000e9c00000, 0x00000000e9d00000, 0x00000000e9d00000|100%| E|CS|TS  0|AC  0|TAMS 0x00000000e9c00000, 0x00000000e9c00000|
| 157|0x00000000e9d00000, 0x00000000e9e00000, 0x00000000e9e00000|100%| E|CS|TS  0|AC  0|TAMS 0x00000000e9d00000, 0x00000000e9d00000|
| 158|0x00000000e9e00000, 0x00000000e9f00000, 0x00000000e9f00000|100%| E|CS|TS  0|AC  0|TAMS 0x00000000e9e00000, 0x00000000e9e00000|
| 159|0x00000000e9f00000, 0x00000000ea000000, 0x00000000ea000000|100%| E|CS|TS  0|AC  0|TAMS 0x00000000e9f00000, 0x00000000e9f00000|
| 160|0x00000000ea000000, 0x00000000ea100000, 0x00000000ea100000|100%| E|CS|TS  0|AC  0|TAMS 0x00000000ea000000, 0x00000000ea000000|
| 161|0x00000000ea100000, 0x00000000ea200000, 0x00000000ea200000|100%| E|CS|TS  0|AC  0|TAMS 0x00000000ea100000, 0x00000000ea100000|
| 162|0x00000000ea200000, 0x00000000ea300000, 0x00000000ea300000|100%| E|CS|TS  0|AC  0|TAMS 0x00000000ea200000, 0x00000000ea200000|
| 163|0x00000000ea300000, 0x00000000ea400000, 0x00000000ea400000|100%| E|CS|TS  0|AC  0|TAMS 0x00000000ea300000, 0x00000000ea300000|
| 164|0x00000000ea400000, 0x00000000ea500000, 0x00000000ea500000|100%| E|CS|TS  0|AC  0|TAMS 0x00000000ea400000, 0x00000000ea400000|
| 165|0x00000000ea500000, 0x00000000ea600000, 0x00000000ea600000|100%| E|CS|TS  0|AC  0|TAMS 0x00000000ea500000, 0x00000000ea500000|
| 166|0x00000000ea600000, 0x00000000ea700000, 0x00000000ea700000|100%| E|CS|TS  0|AC  0|TAMS 0x00000000ea600000, 0x00000000ea600000|
| 167|0x00000000ea700000, 0x00000000ea800000, 0x00000000ea800000|100%| E|CS|TS  0|AC  0|TAMS 0x00000000ea700000, 0x00000000ea700000|
| 168|0x00000000ea800000, 0x00000000ea900000, 0x00000000ea900000|100%| E|CS|TS  0|AC  0|TAMS 0x00000000ea800000, 0x00000000ea800000|
| 169|0x00000000ea900000, 0x00000000eaa00000, 0x00000000eaa00000|100%| E|CS|TS  0|AC  0|TAMS 0x00000000ea900000, 0x00000000ea900000|
| 170|0x00000000eaa00000, 0x00000000eab00000, 0x00000000eab00000|100%| E|CS|TS  0|AC  0|TAMS 0x00000000eaa00000, 0x00000000eaa00000|
| 171|0x00000000eab00000, 0x00000000eac00000, 0x00000000eac00000|100%| E|CS|TS  0|AC  0|TAMS 0x00000000eab00000, 0x00000000eab00000|
| 172|0x00000000eac00000, 0x00000000ead00000, 0x00000000ead00000|100%| E|CS|TS  0|AC  0|TAMS 0x00000000eac00000, 0x00000000eac00000|
| 173|0x00000000ead00000, 0x00000000eae00000, 0x00000000eae00000|100%| E|CS|TS  0|AC  0|TAMS 0x00000000ead00000, 0x00000000ead00000|
| 174|0x00000000eae00000, 0x00000000eaf00000, 0x00000000eaf00000|100%| E|CS|TS  0|AC  0|TAMS 0x00000000eae00000, 0x00000000eae00000|
| 175|0x00000000eaf00000, 0x00000000eb000000, 0x00000000eb000000|100%| E|CS|TS  0|AC  0|TAMS 0x00000000eaf00000, 0x00000000eaf00000|
| 176|0x00000000eb000000, 0x00000000eb100000, 0x00000000eb100000|100%| E|CS|TS  0|AC  0|TAMS 0x00000000eb000000, 0x00000000eb000000|
| 177|0x00000000eb100000, 0x00000000eb200000, 0x00000000eb200000|100%| E|CS|TS  0|AC  0|TAMS 0x00000000eb100000, 0x00000000eb100000|
| 178|0x00000000eb200000, 0x00000000eb300000, 0x00000000eb300000|100%| E|CS|TS  0|AC  0|TAMS 0x00000000eb200000, 0x00000000eb200000|
| 179|0x00000000eb300000, 0x00000000eb400000, 0x00000000eb400000|100%| E|CS|TS  0|AC  0|TAMS 0x00000000eb300000, 0x00000000eb300000|
| 180|0x00000000eb400000, 0x00000000eb500000, 0x00000000eb500000|100%| E|CS|TS  0|AC  0|TAMS 0x00000000eb400000, 0x00000000eb400000|
| 181|0x00000000eb500000, 0x00000000eb600000, 0x00000000eb600000|100%| E|CS|TS  0|AC  0|TAMS 0x00000000eb500000, 0x00000000eb500000|
| 182|0x00000000eb600000, 0x00000000eb700000, 0x00000000eb700000|100%| E|CS|TS  0|AC  0|TAMS 0x00000000eb600000, 0x00000000eb600000|
| 183|0x00000000eb700000, 0x00000000eb800000, 0x00000000eb800000|100%| E|CS|TS  0|AC  0|TAMS 0x00000000eb700000, 0x00000000eb700000|
| 184|0x00000000eb800000, 0x00000000eb900000, 0x00000000eb900000|100%| E|CS|TS  0|AC  0|TAMS 0x00000000eb800000, 0x00000000eb800000|
| 185|0x00000000eb900000, 0x00000000eba00000, 0x00000000eba00000|100%| E|CS|TS  0|AC  0|TAMS 0x00000000eb900000, 0x00000000eb900000|
| 186|0x00000000eba00000, 0x00000000ebb00000, 0x00000000ebb00000|100%| E|CS|TS  0|AC  0|TAMS 0x00000000eba00000, 0x00000000eba00000|
| 187|0x00000000ebb00000, 0x00000000ebc00000, 0x00000000ebc00000|100%| E|CS|TS  0|AC  0|TAMS 0x00000000ebb00000, 0x00000000ebb00000|
| 188|0x00000000ebc00000, 0x00000000ebd00000, 0x00000000ebd00000|100%| E|CS|TS  0|AC  0|TAMS 0x00000000ebc00000, 0x00000000ebc00000|
| 189|0x00000000ebd00000, 0x00000000ebe00000, 0x00000000ebe00000|100%| E|CS|TS  0|AC  0|TAMS 0x00000000ebd00000, 0x00000000ebd00000|
| 190|0x00000000ebe00000, 0x00000000ebf00000, 0x00000000ebf00000|100%| E|CS|TS  0|AC  0|TAMS 0x00000000ebe00000, 0x00000000ebe00000|
| 191|0x00000000ebf00000, 0x00000000ec000000, 0x00000000ec000000|100%| E|CS|TS  0|AC  0|TAMS 0x00000000ebf00000, 0x00000000ebf00000|
| 192|0x00000000ec000000, 0x00000000ec100000, 0x00000000ec100000|100%| E|CS|TS  0|AC  0|TAMS 0x00000000ec000000, 0x00000000ec000000|
| 193|0x00000000ec100000, 0x00000000ec200000, 0x00000000ec200000|100%| E|CS|TS  0|AC  0|TAMS 0x00000000ec100000, 0x00000000ec100000|
| 194|0x00000000ec200000, 0x00000000ec300000, 0x00000000ec300000|100%| E|CS|TS  0|AC  0|TAMS 0x00000000ec200000, 0x00000000ec200000|
| 195|0x00000000ec300000, 0x00000000ec400000, 0x00000000ec400000|100%| E|CS|TS  0|AC  0|TAMS 0x00000000ec300000, 0x00000000ec300000|
| 196|0x00000000ec400000, 0x00000000ec500000, 0x00000000ec500000|100%| E|CS|TS  0|AC  0|TAMS 0x00000000ec400000, 0x00000000ec400000|
| 197|0x00000000ec500000, 0x00000000ec600000, 0x00000000ec600000|100%| E|CS|TS  0|AC  0|TAMS 0x00000000ec500000, 0x00000000ec500000|
| 198|0x00000000ec600000, 0x00000000ec700000, 0x00000000ec700000|100%| E|CS|TS  0|AC  0|TAMS 0x00000000ec600000, 0x00000000ec600000|
| 199|0x00000000ec700000, 0x00000000ec800000, 0x00000000ec800000|100%| E|CS|TS  0|AC  0|TAMS 0x00000000ec700000, 0x00000000ec700000|
| 200|0x00000000ec800000, 0x00000000ec900000, 0x00000000ec900000|100%| E|CS|TS  0|AC  0|TAMS 0x00000000ec800000, 0x00000000ec800000|
| 201|0x00000000ec900000, 0x00000000eca00000, 0x00000000eca00000|100%| E|CS|TS  0|AC  0|TAMS 0x00000000ec900000, 0x00000000ec900000|
| 202|0x00000000eca00000, 0x00000000ecb00000, 0x00000000ecb00000|100%| E|CS|TS  0|AC  0|TAMS 0x00000000eca00000, 0x00000000eca00000|
| 203|0x00000000ecb00000, 0x00000000ecc00000, 0x00000000ecc00000|100%| E|CS|TS  0|AC  0|TAMS 0x00000000ecb00000, 0x00000000ecb00000|
| 204|0x00000000ecc00000, 0x00000000ecd00000, 0x00000000ecd00000|100%| E|CS|TS  0|AC  0|TAMS 0x00000000ecc00000, 0x00000000ecc00000|
| 205|0x00000000ecd00000, 0x00000000ece00000, 0x00000000ece00000|100%| E|CS|TS  0|AC  0|TAMS 0x00000000ecd00000, 0x00000000ecd00000|
| 206|0x00000000ece00000, 0x00000000ecf00000, 0x00000000ecf00000|100%| E|CS|TS  0|AC  0|TAMS 0x00000000ece00000, 0x00000000ece00000|
| 207|0x00000000ecf00000, 0x00000000ed000000, 0x00000000ed000000|100%| E|CS|TS  0|AC  0|TAMS 0x00000000ecf00000, 0x00000000ecf00000|
| 208|0x00000000ed000000, 0x00000000ed100000, 0x00000000ed100000|100%| E|CS|TS  0|AC  0|TAMS 0x00000000ed000000, 0x00000000ed000000|
| 209|0x00000000ed100000, 0x00000000ed200000, 0x00000000ed200000|100%| E|CS|TS  0|AC  0|TAMS 0x00000000ed100000, 0x00000000ed100000|
| 210|0x00000000ed200000, 0x00000000ed300000, 0x00000000ed300000|100%| E|CS|TS  0|AC  0|TAMS 0x00000000ed200000, 0x00000000ed200000|
| 211|0x00000000ed300000, 0x00000000ed400000, 0x00000000ed400000|100%| E|CS|TS  0|AC  0|TAMS 0x00000000ed300000, 0x00000000ed300000|
| 212|0x00000000ed400000, 0x00000000ed500000, 0x00000000ed500000|100%| E|CS|TS  0|AC  0|TAMS 0x00000000ed400000, 0x00000000ed400000|
| 213|0x00000000ed500000, 0x00000000ed600000, 0x00000000ed600000|100%| E|CS|TS  0|AC  0|TAMS 0x00000000ed500000, 0x00000000ed500000|
| 214|0x00000000ed600000, 0x00000000ed700000, 0x00000000ed700000|100%| E|CS|TS  0|AC  0|TAMS 0x00000000ed600000, 0x00000000ed600000|
| 215|0x00000000ed700000, 0x00000000ed800000, 0x00000000ed800000|100%| E|CS|TS  0|AC  0|TAMS 0x00000000ed700000, 0x00000000ed700000|
| 216|0x00000000ed800000, 0x00000000ed900000, 0x00000000ed900000|100%| E|CS|TS  0|AC  0|TAMS 0x00000000ed800000, 0x00000000ed800000|
| 217|0x00000000ed900000, 0x00000000eda00000, 0x00000000eda00000|100%| E|CS|TS  0|AC  0|TAMS 0x00000000ed900000, 0x00000000ed900000|
| 218|0x00000000eda00000, 0x00000000edb00000, 0x00000000edb00000|100%| E|CS|TS  0|AC  0|TAMS 0x00000000eda00000, 0x00000000eda00000|
| 219|0x00000000edb00000, 0x00000000edc00000, 0x00000000edc00000|100%| E|CS|TS  0|AC  0|TAMS 0x00000000edb00000, 0x00000000edb00000|
| 220|0x00000000edc00000, 0x00000000edd00000, 0x00000000edd00000|100%| E|CS|TS  0|AC  0|TAMS 0x00000000edc00000, 0x00000000edc00000|
| 221|0x00000000edd00000, 0x00000000ede00000, 0x00000000ede00000|100%| E|CS|TS  0|AC  0|TAMS 0x00000000edd00000, 0x00000000edd00000|
| 222|0x00000000ede00000, 0x00000000edf00000, 0x00000000edf00000|100%| E|CS|TS  0|AC  0|TAMS 0x00000000ede00000, 0x00000000ede00000|
| 223|0x00000000edf00000, 0x00000000ee000000, 0x00000000ee000000|100%| E|CS|TS  0|AC  0|TAMS 0x00000000edf00000, 0x00000000edf00000|
| 224|0x00000000ee000000, 0x00000000ee100000, 0x00000000ee100000|100%| E|CS|TS  0|AC  0|TAMS 0x00000000ee000000, 0x00000000ee000000|
| 225|0x00000000ee100000, 0x00000000ee200000, 0x00000000ee200000|100%| E|CS|TS  0|AC  0|TAMS 0x00000000ee100000, 0x00000000ee100000|
| 226|0x00000000ee200000, 0x00000000ee300000, 0x00000000ee300000|100%| E|CS|TS  0|AC  0|TAMS 0x00000000ee200000, 0x00000000ee200000|
| 227|0x00000000ee300000, 0x00000000ee400000, 0x00000000ee400000|100%| E|CS|TS  0|AC  0|TAMS 0x00000000ee300000, 0x00000000ee300000|
| 228|0x00000000ee400000, 0x00000000ee500000, 0x00000000ee500000|100%| E|CS|TS  0|AC  0|TAMS 0x00000000ee400000, 0x00000000ee400000|
| 229|0x00000000ee500000, 0x00000000ee600000, 0x00000000ee600000|100%| E|CS|TS  0|AC  0|TAMS 0x00000000ee500000, 0x00000000ee500000|
| 230|0x00000000ee600000, 0x00000000ee700000, 0x00000000ee700000|100%| E|CS|TS  0|AC  0|TAMS 0x00000000ee600000, 0x00000000ee600000|
| 231|0x00000000ee700000, 0x00000000ee800000, 0x00000000ee800000|100%| E|CS|TS  0|AC  0|TAMS 0x00000000ee700000, 0x00000000ee700000|
| 232|0x00000000ee800000, 0x00000000ee900000, 0x00000000ee900000|100%| E|CS|TS  0|AC  0|TAMS 0x00000000ee800000, 0x00000000ee800000|
| 233|0x00000000ee900000, 0x00000000eea00000, 0x00000000eea00000|100%| E|CS|TS  0|AC  0|TAMS 0x00000000ee900000, 0x00000000ee900000|
| 234|0x00000000eea00000, 0x00000000eeb00000, 0x00000000eeb00000|100%| E|CS|TS  0|AC  0|TAMS 0x00000000eea00000, 0x00000000eea00000|
| 235|0x00000000eeb00000, 0x00000000eeb4ba20, 0x00000000eec00000| 29%| S|CS|TS  0|AC  0|TAMS 0x00000000eeb00000, 0x00000000eeb00000|
| 236|0x00000000eec00000, 0x00000000eed00000, 0x00000000eed00000|100%| S|CS|TS  0|AC  0|TAMS 0x00000000eec00000, 0x00000000eec00000|
| 237|0x00000000eed00000, 0x00000000eee00000, 0x00000000eee00000|100%| S|CS|TS  0|AC  0|TAMS 0x00000000eed00000, 0x00000000eed00000|
| 238|0x00000000eee00000, 0x00000000eef00000, 0x00000000eef00000|100%| S|CS|TS  0|AC  0|TAMS 0x00000000eee00000, 0x00000000eee00000|
| 239|0x00000000eef00000, 0x00000000ef000000, 0x00000000ef000000|100%| S|CS|TS  0|AC  0|TAMS 0x00000000eef00000, 0x00000000eef00000|
| 240|0x00000000ef000000, 0x00000000ef100000, 0x00000000ef100000|100%| E|CS|TS  0|AC  0|TAMS 0x00000000ef000000, 0x00000000ef000000|
| 241|0x00000000ef100000, 0x00000000ef200000, 0x00000000ef200000|100%| E|CS|TS  0|AC  0|TAMS 0x00000000ef100000, 0x00000000ef100000|
| 242|0x00000000ef200000, 0x00000000ef300000, 0x00000000ef300000|100%| E|CS|TS  0|AC  0|TAMS 0x00000000ef200000, 0x00000000ef200000|
| 243|0x00000000ef300000, 0x00000000ef400000, 0x00000000ef400000|100%| E|CS|TS  0|AC  0|TAMS 0x00000000ef300000, 0x00000000ef300000|
| 244|0x00000000ef400000, 0x00000000ef500000, 0x00000000ef500000|100%| E|CS|TS  0|AC  0|TAMS 0x00000000ef400000, 0x00000000ef400000|
| 245|0x00000000ef500000, 0x00000000ef600000, 0x00000000ef600000|100%| E|CS|TS  0|AC  0|TAMS 0x00000000ef500000, 0x00000000ef500000|
| 246|0x00000000ef600000, 0x00000000ef700000, 0x00000000ef700000|100%| E|CS|TS  0|AC  0|TAMS 0x00000000ef600000, 0x00000000ef600000|
| 247|0x00000000ef700000, 0x00000000ef800000, 0x00000000ef800000|100%| E|CS|TS  0|AC  0|TAMS 0x00000000ef700000, 0x00000000ef700000|
| 248|0x00000000ef800000, 0x00000000ef900000, 0x00000000ef900000|100%| E|CS|TS  0|AC  0|TAMS 0x00000000ef800000, 0x00000000ef800000|
| 249|0x00000000ef900000, 0x00000000efa00000, 0x00000000efa00000|100%| E|CS|TS  0|AC  0|TAMS 0x00000000ef900000, 0x00000000ef900000|
| 250|0x00000000efa00000, 0x00000000efb00000, 0x00000000efb00000|100%| E|CS|TS  0|AC  0|TAMS 0x00000000efa00000, 0x00000000efa00000|
| 251|0x00000000efb00000, 0x00000000efc00000, 0x00000000efc00000|100%| E|CS|TS  0|AC  0|TAMS 0x00000000efb00000, 0x00000000efb00000|
| 252|0x00000000efc00000, 0x00000000efd00000, 0x00000000efd00000|100%| E|CS|TS  0|AC  0|TAMS 0x00000000efc00000, 0x00000000efc00000|
| 253|0x00000000efd00000, 0x00000000efe00000, 0x00000000efe00000|100%| E|CS|TS  0|AC  0|TAMS 0x00000000efd00000, 0x00000000efd00000|
| 254|0x00000000efe00000, 0x00000000eff00000, 0x00000000eff00000|100%| E|CS|TS  0|AC  0|TAMS 0x00000000efe00000, 0x00000000efe00000|
| 255|0x00000000eff00000, 0x00000000f0000000, 0x00000000f0000000|100%| E|CS|TS  0|AC  0|TAMS 0x00000000eff00000, 0x00000000eff00000|

Card table byte_map: [0x000002797c850000,0x000002797c950000] byte_map_base: 0x000002797c150000

Marking Bits (Prev, Next): (CMBitMap*) 0x000002797a23e200, (CMBitMap*) 0x000002797a23e238
 Prev Bits: [0x000002797ca50000, 0x000002797d250000)
 Next Bits: [0x000002797d250000, 0x000002797da50000)

Polling page: 0x000002797bba0000

CodeHeap 'non-profiled nmethods': size=120000Kb used=2465Kb max_used=2465Kb free=117534Kb
 bounds [0x0000027912120000, 0x0000027912390000, 0x0000027919650000]
CodeHeap 'profiled nmethods': size=120000Kb used=9779Kb max_used=9779Kb free=110220Kb
 bounds [0x000002790abf0000, 0x000002790b590000, 0x0000027912120000]
CodeHeap 'non-nmethods': size=5760Kb used=2356Kb max_used=2429Kb free=3403Kb
 bounds [0x000002790a650000, 0x000002790a8c0000, 0x000002790abf0000]
 total_blobs=6307 nmethods=4207 adapters=692
 compilation: enabled

Compilation events (10 events):
Event: 92.040 Thread 0x000002791a3fb800 4333       3       java.util.jar.JarFile::getMetaInfEntryNames (10 bytes)
Event: 92.041 Thread 0x000002791a3fb800 nmethod 4333 0x000002790b519610 code [0x000002790b519800, 0x000002790b519c80]
Event: 92.041 Thread 0x000002791a3f6000 4335       4       jdk.internal.loader.ClassLoaders$BootClassLoader::loadClassOrNull (11 bytes)
Event: 92.045 Thread 0x000002791a3f6000 nmethod 4335 0x0000027912377a90 code [0x0000027912377c40, 0x0000027912377e68]
Event: 92.046 Thread 0x000002791a3fb800 4336       1       java.util.Hashtable::access$400 (5 bytes)
Event: 92.046 Thread 0x000002791a3fb800 nmethod 4336 0x0000027912378110 code [0x00000279123782c0, 0x00000279123783b8]
Event: 92.047 Thread 0x000002791a3f6000 4337       4       java.util.jar.JarFile::getManifest (5 bytes)
Event: 92.047 Thread 0x000002791a3f6000 nmethod 4337 0x0000027912378490 code [0x0000027912378620, 0x00000279123786a8]
Event: 92.297 Thread 0x000002791a3fb800 4338       1       org.slf4j.impl.StaticLoggerBinder::getLoggerFactory (5 bytes)
Event: 92.297 Thread 0x000002791a3fb800 nmethod 4338 0x0000027912378790 code [0x0000027912378940, 0x0000027912378a58]

GC Heap History (10 events):
Event: 10.628 GC heap before
{Heap before GC invocations=1 (full 0):
 garbage-first heap   total 262144K, used 42081K [0x00000000e0000000, 0x00000000e0100800, 0x0000000100000000)
  region size 1024K, 33 young (33792K), 3 survivors (3072K)
 Metaspace       used 10846K, capacity 11266K, committed 11520K, reserved 1058816K
  class space    used 1131K, capacity 1224K, committed 1280K, reserved 1048576K
}
Event: 10.634 GC heap after
{Heap after GC invocations=2 (full 0):
 garbage-first heap   total 262144K, used 16197K [0x00000000e0000000, 0x00000000e0100800, 0x0000000100000000)
  region size 1024K, 5 young (5120K), 5 survivors (5120K)
 Metaspace       used 10846K, capacity 11266K, committed 11520K, reserved 1058816K
  class space    used 1131K, capacity 1224K, committed 1280K, reserved 1048576K
}
Event: 15.328 GC heap before
{Heap before GC invocations=2 (full 0):
 garbage-first heap   total 262144K, used 56133K [0x00000000e0000000, 0x00000000e0100800, 0x0000000100000000)
  region size 1024K, 44 young (45056K), 5 survivors (5120K)
 Metaspace       used 16270K, capacity 16910K, committed 17152K, reserved 1064960K
  class space    used 1880K, capacity 2011K, committed 2048K, reserved 1048576K
}
Event: 15.335 GC heap after
{Heap after GC invocations=3 (full 0):
 garbage-first heap   total 262144K, used 20004K [0x00000000e0000000, 0x00000000e0100800, 0x0000000100000000)
  region size 1024K, 5 young (5120K), 5 survivors (5120K)
 Metaspace       used 16270K, capacity 16910K, committed 17152K, reserved 1064960K
  class space    used 1880K, capacity 2011K, committed 2048K, reserved 1048576K
}
Event: 21.286 GC heap before
{Heap before GC invocations=3 (full 0):
 garbage-first heap   total 262144K, used 68132K [0x00000000e0000000, 0x00000000e0100800, 0x0000000100000000)
  region size 1024K, 53 young (54272K), 5 survivors (5120K)
 Metaspace       used 20290K, capacity 21158K, committed 21296K, reserved 1069056K
  class space    used 2495K, capacity 2661K, committed 2688K, reserved 1048576K
}
Event: 21.293 GC heap after
{Heap after GC invocations=4 (full 0):
 garbage-first heap   total 262144K, used 22449K [0x00000000e0000000, 0x00000000e0100800, 0x0000000100000000)
  region size 1024K, 7 young (7168K), 7 survivors (7168K)
 Metaspace       used 20290K, capacity 21158K, committed 21296K, reserved 1069056K
  class space    used 2495K, capacity 2661K, committed 2688K, reserved 1048576K
}
Event: 47.205 GC heap before
{Heap before GC invocations=5 (full 0):
 garbage-first heap   total 262144K, used 182193K [0x00000000e0000000, 0x00000000e0100800, 0x0000000100000000)
  region size 1024K, 153 young (156672K), 7 survivors (7168K)
 Metaspace       used 29813K, capacity 31188K, committed 31488K, reserved 1077248K
  class space    used 4026K, capacity 4324K, committed 4352K, reserved 1048576K
}
Event: 47.223 GC heap after
{Heap after GC invocations=6 (full 0):
 garbage-first heap   total 262144K, used 42955K [0x00000000e0000000, 0x00000000e0100800, 0x0000000100000000)
  region size 1024K, 17 young (17408K), 17 survivors (17408K)
 Metaspace       used 29813K, capacity 31188K, committed 31488K, reserved 1077248K
  class space    used 4026K, capacity 4324K, committed 4352K, reserved 1048576K
}
Event: 62.768 GC heap before
{Heap before GC invocations=6 (full 0):
 garbage-first heap   total 262144K, used 58315K [0x00000000e0000000, 0x00000000e0100800, 0x0000000100000000)
  region size 1024K, 33 young (33792K), 17 survivors (17408K)
 Metaspace       used 34130K, capacity 35532K, committed 35708K, reserved 1081344K
  class space    used 4465K, capacity 4787K, committed 4864K, reserved 1048576K
}
Event: 62.777 GC heap after
{Heap after GC invocations=7 (full 0):
 garbage-first heap   total 262144K, used 38824K [0x00000000e0000000, 0x00000000e0100800, 0x0000000100000000)
  region size 1024K, 5 young (5120K), 5 survivors (5120K)
 Metaspace       used 34130K, capacity 35532K, committed 35708K, reserved 1081344K
  class space    used 4465K, capacity 4787K, committed 4864K, reserved 1048576K
}

Deoptimization events (10 events):
Event: 88.244 Thread 0x000002791b3ee000 Uncommon trap: reason=unstable_if action=reinterpret pc=0x00000279122a1000 method=java.lang.invoke.MethodType$ConcurrentWeakInternSet.add(Ljava/lang/Object;)Ljava/lang/Object; @ 47 c2
Event: 88.245 Thread 0x000002791b3ea800 Uncommon trap: reason=class_check action=maybe_recompile pc=0x0000027912175a84 method=java.util.concurrent.ConcurrentHashMap.putVal(Ljava/lang/Object;Ljava/lang/Object;Z)Ljava/lang/Object; @ 242 c2
Event: 88.245 Thread 0x000002791b3ea800 Uncommon trap: reason=unstable_if action=reinterpret pc=0x00000279122a1000 method=java.lang.invoke.MethodType$ConcurrentWeakInternSet.add(Ljava/lang/Object;)Ljava/lang/Object; @ 47 c2
Event: 88.245 Thread 0x000002791b3ec000 Uncommon trap: reason=class_check action=maybe_recompile pc=0x0000027912175a84 method=java.util.concurrent.ConcurrentHashMap.putVal(Ljava/lang/Object;Ljava/lang/Object;Z)Ljava/lang/Object; @ 242 c2
Event: 88.245 Thread 0x000002791b3ec000 Uncommon trap: reason=unstable_if action=reinterpret pc=0x00000279122a1000 method=java.lang.invoke.MethodType$ConcurrentWeakInternSet.add(Ljava/lang/Object;)Ljava/lang/Object; @ 47 c2
Event: 90.045 Thread 0x000002791c425000 Uncommon trap: reason=unstable_if action=reinterpret pc=0x00000279122ee5cc method=java.lang.ClassValue.match(Ljava/lang/ClassValue$Entry;)Z @ 12 c2
Event: 90.045 Thread 0x000002791c425000 Uncommon trap: reason=unstable_if action=reinterpret pc=0x00000279122e2954 method=java.lang.ClassValue.match(Ljava/lang/ClassValue$Entry;)Z @ 12 c2
Event: 90.397 Thread 0x000002791c425000 Uncommon trap: reason=unstable_if action=reinterpret pc=0x000002791231a3a4 method=jdk.internal.loader.URLClassPath$JarLoader.getResource(Ljava/lang/String;ZLjava/util/Set;)Ljdk/internal/loader/Resource; @ 17 c2
Event: 90.582 Thread 0x000002791c425000 Uncommon trap: reason=class_check action=maybe_recompile pc=0x0000027912337a64 method=org.codehaus.groovy.reflection.ParameterTypes.getParametersTypes0()V @ 16 c2
Event: 90.599 Thread 0x000002791c425000 Uncommon trap: reason=class_check action=maybe_recompile pc=0x0000027912337a64 method=org.codehaus.groovy.reflection.ParameterTypes.getParametersTypes0()V @ 16 c2

Classes redefined (0 events):
No events

Internal exceptions (10 events):
Event: 90.395 Thread 0x000002791c425000 Exception <a 'java/lang/ClassNotFoundException'{0x00000000e8cce670}: JetGradlePluginBeanInfo> (0x00000000e8cce670) thrown at [t:/workspace/hotspot/src/share/vm/classfile/systemDictionary.cpp, line 218]
Event: 90.395 Thread 0x000002791c425000 Exception <a 'java/lang/ClassNotFoundException'{0x00000000e8cd8120}: JetGradlePluginCustomizer> (0x00000000e8cd8120) thrown at [t:/workspace/hotspot/src/share/vm/classfile/systemDictionary.cpp, line 218]
Event: 90.571 Thread 0x000002791c425000 Exception <a 'java/lang/ClassNotFoundException'{0x00000000e8b5a3c8}: groovy/lang/ReferenceBeanInfo> (0x00000000e8b5a3c8) thrown at [t:/workspace/hotspot/src/share/vm/classfile/systemDictionary.cpp, line 218]
Event: 90.576 Thread 0x000002791c425000 Exception <a 'java/lang/ClassNotFoundException'{0x00000000e8bb9c30}: groovy/lang/ReferenceCustomizer> (0x00000000e8bb9c30) thrown at [t:/workspace/hotspot/src/share/vm/classfile/systemDictionary.cpp, line 218]
Event: 90.580 Thread 0x000002791c425000 Exception <a 'java/lang/ClassNotFoundException'{0x00000000e8bf5818}: RegistryProcessorBeanInfo> (0x00000000e8bf5818) thrown at [t:/workspace/hotspot/src/share/vm/classfile/systemDictionary.cpp, line 218]
Event: 90.581 Thread 0x000002791c425000 Exception <a 'java/lang/ClassNotFoundException'{0x00000000e8bff7e8}: RegistryProcessorCustomizer> (0x00000000e8bff7e8) thrown at [t:/workspace/hotspot/src/share/vm/classfile/systemDictionary.cpp, line 218]
Event: 90.598 Thread 0x000002791c425000 Exception <a 'java/lang/ClassNotFoundException'{0x00000000e8a6d788}: org/jetbrains/plugins/gradle/tooling/internal/ExtraModelBuilderBeanInfo> (0x00000000e8a6d788) thrown at [t:/workspace/hotspot/src/share/vm/classfile/systemDictionary.cpp, line 218]
Event: 90.598 Thread 0x000002791c425000 Exception <a 'java/lang/ClassNotFoundException'{0x00000000e8a7abb8}: org/jetbrains/plugins/gradle/tooling/internal/ExtraModelBuilderCustomizer> (0x00000000e8a7abb8) thrown at [t:/workspace/hotspot/src/share/vm/classfile/systemDictionary.cpp, line 218]
Event: 92.045 Thread 0x000002791c425000 Exception <a 'java/lang/ClassNotFoundException'{0x00000000e80792b8}: org/jetbrains/plugins/grails/gradle/tooling/builder/GrailsModuleModelBuilderImplBeanInfo> (0x00000000e80792b8) thrown at [t:/workspace/hotspot/src/share/vm/classfile/systemDictionary.cpp
Event: 92.045 Thread 0x000002791c425000 Exception <a 'java/lang/ClassNotFoundException'{0x00000000e8088128}: org/jetbrains/plugins/grails/gradle/tooling/builder/GrailsModuleModelBuilderImplCustomizer> (0x00000000e8088128) thrown at [t:/workspace/hotspot/src/share/vm/classfile/systemDictionary.c

Events (10 events):
Event: 92.296 loading class org/jetbrains/kotlin/gradle/KotlinMPPGradleModelBuilder$Companion
Event: 92.296 loading class org/jetbrains/kotlin/gradle/KotlinMPPGradleModelBuilder$Companion done
Event: 92.296 loading class org/gradle/api/logging/Logging
Event: 92.296 loading class org/gradle/api/logging/Logging done
Event: 92.297 loading class org/jetbrains/kotlin/samWithReceiver/ide/SamWithReceiverModelBuilderService
Event: 92.297 loading class org/jetbrains/kotlin/samWithReceiver/ide/SamWithReceiverModelBuilderService done
Event: 92.298 loading class org/jetbrains/plugins/gradle/tooling/builder/AnnotationProcessingModelBuilder
Event: 92.298 loading class org/jetbrains/plugins/gradle/tooling/builder/AnnotationProcessingModelBuilder done
Event: 92.298 loading class org/jetbrains/plugins/gradle/tooling/builder/WarModelBuilderImpl
Event: 92.298 loading class org/jetbrains/plugins/gradle/tooling/builder/WarModelBuilderImpl done


Dynamic libraries:
0x00007ff746e70000 - 0x00007ff746eae000 	C:\Program Files\Java\jdk-9.0.1\bin\java.exe
0x00007ffdeb550000 - 0x00007ffdeb745000 	C:\WINDOWS\SYSTEM32\ntdll.dll
0x00007ffde99a0000 - 0x00007ffde9a5e000 	C:\WINDOWS\System32\KERNEL32.DLL
0x00007ffde92e0000 - 0x00007ffde95a8000 	C:\WINDOWS\System32\KERNELBASE.dll
0x00007ffde9a60000 - 0x00007ffde9b0e000 	C:\WINDOWS\System32\ADVAPI32.dll
0x00007ffde9770000 - 0x00007ffde980e000 	C:\WINDOWS\System32\msvcrt.dll
0x00007ffde96d0000 - 0x00007ffde976c000 	C:\WINDOWS\System32\sechost.dll
0x00007ffdead60000 - 0x00007ffdeae85000 	C:\WINDOWS\System32\RPCRT4.dll
0x00007ffdeaf10000 - 0x00007ffdeb0b0000 	C:\WINDOWS\System32\USER32.dll
0x00007ffde8f10000 - 0x00007ffde8f32000 	C:\WINDOWS\System32\win32u.dll
0x00007ffde9890000 - 0x00007ffde98ba000 	C:\WINDOWS\System32\GDI32.dll
0x00007ffde90d0000 - 0x00007ffde91db000 	C:\WINDOWS\System32\gdi32full.dll
0x00007ffde8ca0000 - 0x00007ffde8d3d000 	C:\WINDOWS\System32\msvcp_win.dll
0x00007ffde8f40000 - 0x00007ffde9040000 	C:\WINDOWS\System32\ucrtbase.dll
0x00007ffdd6910000 - 0x00007ffdd6baa000 	C:\WINDOWS\WinSxS\amd64_microsoft.windows.common-controls_6595b64144ccf1df_6.0.19041.1110_none_60b5254171f9507e\COMCTL32.dll
0x00007ffddf1d0000 - 0x00007ffddf1da000 	C:\WINDOWS\SYSTEM32\VERSION.dll
0x00007ffde98c0000 - 0x00007ffde98f0000 	C:\WINDOWS\System32\IMM32.DLL
0x00007ffdba480000 - 0x00007ffdba56f000 	C:\Program Files\Java\jdk-9.0.1\bin\msvcr120.dll
0x00007ffdba3d0000 - 0x00007ffdba476000 	C:\Program Files\Java\jdk-9.0.1\bin\msvcp120.dll
0x0000000062030000 - 0x0000000062a54000 	C:\Program Files\Java\jdk-9.0.1\bin\server\jvm.dll
0x00007ffdeb2f0000 - 0x00007ffdeb2f8000 	C:\WINDOWS\System32\PSAPI.DLL
0x00007ffddf1a0000 - 0x00007ffddf1c7000 	C:\WINDOWS\SYSTEM32\WINMM.dll
0x00007ffdd9f70000 - 0x00007ffdd9f79000 	C:\WINDOWS\SYSTEM32\WSOCK32.dll
0x00007ffdeb4a0000 - 0x00007ffdeb50b000 	C:\WINDOWS\System32\WS2_32.dll
0x00007ffde2570000 - 0x00007ffde257f000 	C:\Program Files\Java\jdk-9.0.1\bin\verify.dll
0x00007ffdcc670000 - 0x00007ffdcc697000 	C:\Program Files\Java\jdk-9.0.1\bin\java.dll
0x00007ffde2420000 - 0x00007ffde2436000 	C:\Program Files\Java\jdk-9.0.1\bin\zip.dll
0x00007ffde2550000 - 0x00007ffde255a000 	C:\Program Files\Java\jdk-9.0.1\bin\jimage.dll
0x00007ffdea610000 - 0x00007ffdead54000 	C:\WINDOWS\System32\SHELL32.dll
0x00007ffde6d90000 - 0x00007ffde7524000 	C:\WINDOWS\SYSTEM32\windows.storage.dll
0x00007ffdea100000 - 0x00007ffdea454000 	C:\WINDOWS\System32\combase.dll
0x00007ffde8610000 - 0x00007ffde863c000 	C:\WINDOWS\SYSTEM32\Wldp.dll
0x00007ffde9be0000 - 0x00007ffde9c8d000 	C:\WINDOWS\System32\SHCORE.dll
0x00007ffdeb300000 - 0x00007ffdeb355000 	C:\WINDOWS\System32\shlwapi.dll
0x00007ffde8bb0000 - 0x00007ffde8bcf000 	C:\WINDOWS\SYSTEM32\profapi.dll
0x00007ffde17b0000 - 0x00007ffde17ca000 	C:\Program Files\Java\jdk-9.0.1\bin\net.dll
0x00007ffde1210000 - 0x00007ffde131a000 	C:\WINDOWS\SYSTEM32\WINHTTP.dll
0x00007ffde8370000 - 0x00007ffde83da000 	C:\WINDOWS\system32\mswsock.dll
0x00007ffdcf0a0000 - 0x00007ffdcf0b1000 	C:\Program Files\Java\jdk-9.0.1\bin\nio.dll
0x00007ffdd4d10000 - 0x00007ffdd4d37000 	C:\Users\mirza\.gradle\native\fdc75f09e3144964f2cf3f50f0aa648679c211496f362492102eb8c894070792\windows-amd64\native-platform.dll
0x00007ffdc3ad0000 - 0x00007ffdc3c66000 	C:\Users\mirza\.gradle\native\12488b8bf47d2d4c9fbf2f6322a914ad602e24e48041cd04a747c6da556b65c4\windows-amd64\native-platform-file-events.dll
0x00007ffde2500000 - 0x00007ffde2509000 	C:\Program Files\Java\jdk-9.0.1\bin\management.dll
0x00007ffde16b0000 - 0x00007ffde16ba000 	C:\Program Files\Java\jdk-9.0.1\bin\management_ext.dll
0x00007ffde8570000 - 0x00007ffde8588000 	C:\WINDOWS\SYSTEM32\CRYPTSP.dll
0x00007ffde7cf0000 - 0x00007ffde7d24000 	C:\WINDOWS\system32\rsaenh.dll
0x00007ffde8c70000 - 0x00007ffde8c97000 	C:\WINDOWS\System32\bcrypt.dll
0x00007ffde8ac0000 - 0x00007ffde8aee000 	C:\WINDOWS\SYSTEM32\USERENV.dll
0x00007ffde9040000 - 0x00007ffde90c2000 	C:\WINDOWS\System32\bcryptprimitives.dll
0x00007ffde8560000 - 0x00007ffde856c000 	C:\WINDOWS\SYSTEM32\CRYPTBASE.dll
0x00007ffde8060000 - 0x00007ffde809b000 	C:\WINDOWS\SYSTEM32\IPHLPAPI.DLL
0x00007ffdeaf00000 - 0x00007ffdeaf08000 	C:\WINDOWS\System32\NSI.dll
0x00007ffddfd30000 - 0x00007ffddfd47000 	C:\WINDOWS\SYSTEM32\dhcpcsvc6.DLL
0x00007ffde1cd0000 - 0x00007ffde1ced000 	C:\WINDOWS\SYSTEM32\dhcpcsvc.DLL
0x00007ffde80a0000 - 0x00007ffde816b000 	C:\WINDOWS\SYSTEM32\DNSAPI.dll
0x00007ffde1e40000 - 0x00007ffde1e4b000 	C:\WINDOWS\SYSTEM32\WINNSI.DLL
0x00007ffdd31f0000 - 0x00007ffdd33d4000 	C:\WINDOWS\SYSTEM32\dbghelp.dll

VM Arguments:
jvm_args: -XX:MaxMetaspaceSize=256m -XX:+HeapDumpOnOutOfMemoryError --add-opens=java.base/java.util=ALL-UNNAMED --add-opens=java.base/java.lang=ALL-UNNAMED --add-opens=java.base/java.lang.invoke=ALL-UNNAMED --add-opens=java.prefs/java.util.prefs=ALL-UNNAMED -Xms256m -Xmx512m -Dfile.encoding=windows-1251 -Duser.country=RU -Duser.language=ru -Duser.variant 
java_command: org.gradle.launcher.daemon.bootstrap.GradleDaemon 6.8
java_class_path (initial): C:\Users\mirza\.gradle\wrapper\dists\gradle-6.8-bin\1jblhjyydfkclfzx1agp92nyl\gradle-6.8\lib\gradle-launcher-6.8.jar
Launcher Type: SUN_STANDARD

Logging:
Log output configuration:
#0: stdout all=warning uptime,level,tags
#1: stderr all=off uptime,level,tags

Environment Variables:
JAVA_HOME=C:\Program Files\Java\jdk-9.0.1
PATH=C:\Program Files\Common Files\Oracle\Java\javapath;C:\ProgramData\Oracle\Java\javapath;C:\WINDOWS\system32;C:\WINDOWS;C:\WINDOWS\System32\Wbem;C:\WINDOWS\System32\WindowsPowerShell\v1.0\;C:\Program Files (x86)\ATI Technologies\ATI.ACE\Core-Static;C:\WINDOWS\System32\OpenSSH\;C:\Program Files (x86)\AMD\ATI.ACE\Core-Static;C:\Program Files\Java\jdk1.7.0_80\bin;C:\Program Files\Git\cmd;C:\Users\mirza\UnpackedMaven\apache-maven-3.6.3\bin;C:\Users\mirza\AppData\Local\Microsoft\WindowsApps;;C:\Program Files\JetBrains\DataGrip 2020.1.2\bin;;C:\Program Files\heroku\bin
USERNAME=mirza
OS=Windows_NT
PROCESSOR_IDENTIFIER=Intel64 Family 6 Model 58 Stepping 9, GenuineIntel



---------------  S Y S T E M  ---------------

OS: Windows 10 , 64 bit Build 19041 (10.0.19041.1645)

CPU:total 8 (initial active 8) (4 cores per cpu, 2 threads per core) family 6 model 58 stepping 9, cmov, cx8, fxsr, mmx, sse, sse2, sse3, ssse3, sse4.1, sse4.2, popcnt, avx, aes, clmul, erms, ht, tsc, tscinvbit, tscinv

Memory: 4k page, physical 6250292k(359832k free), swap 9322292k(159604k free)

vm_info: Java HotSpot(TM) 64-Bit Server VM (9.0.1+11) for windows-amd64 JRE (9.0.1+11), built on Sep 28 2017 04:54:03 by "mach5one" with MS VC++ 12.0 (VS2013)

END.
