#
# There is insufficient memory for the Java Runtime Environment to continue.
# Native memory allocation (malloc) failed to allocate 1277296 bytes for Chunk::new
# Possible reasons:
#   The system is out of physical RAM or swap space
#   The process is running with CompressedOops enabled, and the Java Heap may be blocking the growth of the native heap
# Possible solutions:
#   Reduce memory load on the system
#   Increase physical memory or swap space
#   Check if swap backing store is full
#   Decrease Java heap size (-Xmx/-Xms)
#   Decrease number of Java threads
#   Decrease Java thread stack sizes (-Xss)
#   Set larger code cache with -XX:ReservedCodeCacheSize=
#   JVM is running with Unscaled Compressed Oops mode in which the Java heap is
#     placed in the first 4GB address space. The Java Heap base address is the
#     maximum limit for the native heap growth. Please use -XX:HeapBaseMinAddress
#     to set the Java Heap base and to place the Java Heap above 4GB virtual address.
# This output file may be truncated or incomplete.
#
#  Out of Memory Error (src/hotspot/share/memory/arena.cpp:197), pid=7528, tid=1772
#
# JRE version: OpenJDK Runtime Environment JBR-11.0.14.1.1-2043.25-dcevm (11.0.14.1+1) (build 11.0.14.1+1-b2043.25)
# Java VM: Dynamic Code Evolution 64-Bit Server VM JBR-11.0.14.1.1-2043.25-dcevm (11.0.14.1+1-b2043.25, mixed mode, tiered, compressed oops, g1 gc, windows-amd64)
# No core dump will be written. Minidumps are not enabled by default on client versions of Windows
#

---------------  S U M M A R Y ------------

Command Line: -XX:MaxMetaspaceSize=256m -XX:+HeapDumpOnOutOfMemoryError --add-opens=java.base/java.util=ALL-UNNAMED --add-opens=java.base/java.lang=ALL-UNNAMED --add-opens=java.base/java.lang.invoke=ALL-UNNAMED --add-opens=java.base/java.util=ALL-UNNAMED --add-opens=java.prefs/java.util.prefs=ALL-UNNAMED --add-opens=java.prefs/java.util.prefs=ALL-UNNAMED --add-opens=java.base/java.nio.charset=ALL-UNNAMED --add-opens=java.base/java.net=ALL-UNNAMED --add-opens=java.base/java.util.concurrent.atomic=ALL-UNNAMED -Xms256m -Xmx512m -Dfile.encoding=windows-1251 -Duser.country=RU -Duser.language=ru -Duser.variant org.gradle.launcher.daemon.bootstrap.GradleDaemon 7.4.1

Host: Intel(R) Core(TM) i7-3630QM CPU @ 2.40GHz, 8 cores, 5G,  Windows 10 , 64 bit Build 19041 (10.0.19041.1645)
Time: Sun May 15 12:41:54 2022 Азербайджанское время (зима) elapsed time: 1537.892647 seconds (0d 0h 25m 37s)

---------------  T H R E A D  ---------------

Current thread (0x000002413177a000):  JavaThread "C2 CompilerThread0" daemon [_thread_in_native, id=1772, stack(0x00000088a5800000,0x00000088a5900000)]


Current CompileTask:
C2:1537892 11013       4       org.gradle.cache.internal.btree.CachingBlockStore::read (56 bytes)

Stack: [0x00000088a5800000,0x00000088a5900000]
Native frames: (J=compiled Java code, j=interpreted, Vv=VM code, C=native code)
V  [jvm.dll+0x621b3a]  os::platform_print_native_stack+0xca  (os_windows_x86.cpp:370)
V  [jvm.dll+0x7a8cf0]  VMError::report+0xa90  (vmerror.cpp:711)
V  [jvm.dll+0x7aa30d]  VMError::report_and_die+0x66d  (vmerror.cpp:1527)
V  [jvm.dll+0x7aa9e3]  VMError::report_and_die+0x43  (vmerror.cpp:1305)
V  [jvm.dll+0x2512c8]  report_vm_out_of_memory+0x68  (debug.cpp:283)
V  [jvm.dll+0xc159c]  Chunk::operator new+0xec  (arena.cpp:197)
V  [jvm.dll+0xc1acc]  Arena::grow+0x3c  (arena.cpp:358)
V  [jvm.dll+0x36888d]  PhaseIFG::init+0xed  (ifg.cpp:50)
V  [jvm.dll+0x333893]  PhaseCFG::global_code_motion+0x4e3  (gcm.cpp:1558)
V  [jvm.dll+0x332d8a]  PhaseCFG::do_global_code_motion+0x3a  (gcm.cpp:1625)
V  [jvm.dll+0x209132]  Compile::Code_Gen+0x212  (compile.cpp:2524)
V  [jvm.dll+0x2082b7]  Compile::Compile+0xa87  (compile.cpp:926)
V  [jvm.dll+0x18bba1]  C2Compiler::compile_method+0xe1  (c2compiler.cpp:117)
V  [jvm.dll+0x217075]  CompileBroker::invoke_compiler_on_method+0x595  (compilebroker.cpp:2214)
V  [jvm.dll+0x215866]  CompileBroker::compiler_thread_loop+0x2a6  (compilebroker.cpp:1888)
V  [jvm.dll+0x76f8af]  JavaThread::thread_main_inner+0xaf  (thread.cpp:1869)
V  [jvm.dll+0x7684b5]  Thread::call_run+0x95  (thread.cpp:396)
V  [jvm.dll+0x6207b6]  thread_native_entry+0xd6  (os_windows.cpp:503)
C  [ucrtbase.dll+0x21bb2]
C  [KERNEL32.DLL+0x17034]
C  [ntdll.dll+0x52651]


---------------  P R O C E S S  ---------------

Threads class SMR info:
_java_thread_list=0x0000024134776b10, length=33, elements={
0x00000241155fc000, 0x0000024131735800, 0x0000024131760800, 0x00000241320da000,
0x00000241320dc000, 0x00000241320dd000, 0x000002413177a000, 0x000002413177a800,
0x000002413177c800, 0x0000024132255000, 0x0000024134a24800, 0x00000241342a2800,
0x0000024132c3c000, 0x00000241357b6000, 0x00000241357b2000, 0x00000241357b3000,
0x00000241357b3800, 0x00000241357b5800, 0x00000241357b4800, 0x00000241357b7000,
0x00000241357b1800, 0x00000241357b8000, 0x0000024135655800, 0x0000024135658000,
0x0000024135658800, 0x0000024135659800, 0x000002413565c000, 0x0000024135660800,
0x0000024134d6f800, 0x0000024134d64800, 0x0000024134d62800, 0x0000024134d86000,
0x000002413a23f800
}

Java Threads: ( => current thread )
  0x00000241155fc000 JavaThread "main" [_thread_blocked, id=3372, stack(0x00000088a4c00000,0x00000088a4d00000)]
  0x0000024131735800 JavaThread "Reference Handler" daemon [_thread_blocked, id=10744, stack(0x00000088a5300000,0x00000088a5400000)]
  0x0000024131760800 JavaThread "Finalizer" daemon [_thread_blocked, id=6500, stack(0x00000088a5400000,0x00000088a5500000)]
  0x00000241320da000 JavaThread "Signal Dispatcher" daemon [_thread_blocked, id=8052, stack(0x00000088a5500000,0x00000088a5600000)]
  0x00000241320dc000 JavaThread "Attach Listener" daemon [_thread_blocked, id=11940, stack(0x00000088a5600000,0x00000088a5700000)]
  0x00000241320dd000 JavaThread "Service Thread" daemon [_thread_blocked, id=13260, stack(0x00000088a5700000,0x00000088a5800000)]
=>0x000002413177a000 JavaThread "C2 CompilerThread0" daemon [_thread_in_native, id=1772, stack(0x00000088a5800000,0x00000088a5900000)]
  0x000002413177a800 JavaThread "C1 CompilerThread0" daemon [_thread_blocked, id=5016, stack(0x00000088a5900000,0x00000088a5a00000)]
  0x000002413177c800 JavaThread "Sweeper thread" daemon [_thread_blocked, id=14256, stack(0x00000088a5a00000,0x00000088a5b00000)]
  0x0000024132255000 JavaThread "Common-Cleaner" daemon [_thread_blocked, id=14260, stack(0x00000088a5b00000,0x00000088a5c00000)]
  0x0000024134a24800 JavaThread "Daemon health stats" [_thread_blocked, id=11748, stack(0x00000088a5f00000,0x00000088a6000000)]
  0x00000241342a2800 JavaThread "Incoming local TCP Connector on port 51707" [_thread_in_native, id=8592, stack(0x00000088a6100000,0x00000088a6200000)]
  0x0000024132c3c000 JavaThread "Daemon periodic checks" [_thread_blocked, id=9820, stack(0x00000088a6200000,0x00000088a6300000)]
  0x00000241357b6000 JavaThread "Cache worker for journal cache (C:\Users\mirza\.gradle\caches\journal-1)" [_thread_blocked, id=9252, stack(0x00000088a6d00000,0x00000088a6e00000)]
  0x00000241357b2000 JavaThread "File lock request listener" [_thread_in_native, id=5344, stack(0x00000088a6e00000,0x00000088a6f00000)]
  0x00000241357b3000 JavaThread "Cache worker for file hash cache (C:\Users\mirza\.gradle\caches\7.4.1\fileHashes)" [_thread_blocked, id=10376, stack(0x00000088a6f00000,0x00000088a7000000)]
  0x00000241357b3800 JavaThread "File watcher server" daemon [_thread_in_native, id=10840, stack(0x00000088a7000000,0x00000088a7100000)]
  0x00000241357b5800 JavaThread "File watcher consumer" daemon [_thread_blocked, id=7352, stack(0x00000088a7100000,0x00000088a7200000)]
  0x00000241357b4800 JavaThread "jar transforms" [_thread_blocked, id=3336, stack(0x00000088a7200000,0x00000088a7300000)]
  0x00000241357b7000 JavaThread "jar transforms Thread 2" [_thread_blocked, id=4784, stack(0x00000088a7300000,0x00000088a7400000)]
  0x00000241357b1800 JavaThread "jar transforms Thread 3" [_thread_blocked, id=13300, stack(0x00000088a7400000,0x00000088a7500000)]
  0x00000241357b8000 JavaThread "jar transforms Thread 4" [_thread_blocked, id=10056, stack(0x00000088a7500000,0x00000088a7600000)]
  0x0000024135655800 JavaThread "jar transforms Thread 5" [_thread_blocked, id=8332, stack(0x00000088a7600000,0x00000088a7700000)]
  0x0000024135658000 JavaThread "jar transforms Thread 6" [_thread_blocked, id=13700, stack(0x00000088a7700000,0x00000088a7800000)]
  0x0000024135658800 JavaThread "jar transforms Thread 7" [_thread_blocked, id=2988, stack(0x00000088a7800000,0x00000088a7900000)]
  0x0000024135659800 JavaThread "jar transforms Thread 8" [_thread_blocked, id=888, stack(0x00000088a7900000,0x00000088a7a00000)]
  0x000002413565c000 JavaThread "Cache worker for execution history cache (C:\Users\mirza\.gradle\caches\7.4.1\executionHistory)" [_thread_blocked, id=6116, stack(0x00000088a7e00000,0x00000088a7f00000)]
  0x0000024135660800 JavaThread "Cache worker for file content cache (C:\Users\mirza\.gradle\caches\7.4.1\fileContent)" [_thread_blocked, id=11656, stack(0x00000088a8100000,0x00000088a8200000)]
  0x0000024134d6f800 JavaThread "Memory manager" [_thread_blocked, id=11220, stack(0x00000088a9600000,0x00000088a9700000)]
  0x0000024134d64800 JavaThread "Daemon Thread 3" [_thread_blocked, id=12952, stack(0x00000088a6000000,0x00000088a6100000)]
  0x0000024134d62800 JavaThread "Daemon worker Thread 3" [_thread_blocked, id=11948, stack(0x00000088a6500000,0x00000088a6600000)]
  0x0000024134d86000 JavaThread "C2 CompilerThread1" daemon [_thread_in_native, id=9900, stack(0x00000088a9700000,0x00000088a9800000)]
  0x000002413a23f800 JavaThread "included builds" [_thread_blocked, id=10820, stack(0x00000088a9800000,0x00000088a9900000)]

Other Threads:
  0x0000024131733800 VMThread "VM Thread" [stack: 0x00000088a5200000,0x00000088a5300000] [id=9688]
  0x000002413225f000 WatcherThread [stack: 0x00000088a5c00000,0x00000088a5d00000] [id=1868]
  0x0000024115616800 GCTaskThread "GC Thread#0" [stack: 0x00000088a4d00000,0x00000088a4e00000] [id=12684]
  0x000002413331f000 GCTaskThread "GC Thread#1" [stack: 0x00000088a4900000,0x00000088a4a00000] [id=13748]
  0x0000024132abd000 GCTaskThread "GC Thread#2" [stack: 0x00000088a4a00000,0x00000088a4b00000] [id=13684]
  0x00000241324fe800 GCTaskThread "GC Thread#3" [stack: 0x00000088a4b00000,0x00000088a4c00000] [id=4668]
  0x0000024132cc0800 GCTaskThread "GC Thread#4" [stack: 0x00000088a5d00000,0x00000088a5e00000] [id=5020]
  0x0000024132f88000 GCTaskThread "GC Thread#5" [stack: 0x00000088a5e00000,0x00000088a5f00000] [id=3396]
  0x0000024133b7d800 GCTaskThread "GC Thread#6" [stack: 0x00000088a6a00000,0x00000088a6b00000] [id=6260]
  0x0000024132c64000 GCTaskThread "GC Thread#7" [stack: 0x00000088a6b00000,0x00000088a6c00000] [id=13940]
  0x0000024115628800 ConcurrentGCThread "G1 Main Marker" [stack: 0x00000088a4e00000,0x00000088a4f00000] [id=8676]
  0x0000024115629800 ConcurrentGCThread "G1 Conc#0" [stack: 0x00000088a4f00000,0x00000088a5000000] [id=12488]
  0x0000024132757000 ConcurrentGCThread "G1 Conc#1" [stack: 0x00000088a6c00000,0x00000088a6d00000] [id=14160]
  0x00000241315cc800 ConcurrentGCThread "G1 Refine#0" [stack: 0x00000088a5000000,0x00000088a5100000] [id=9996]
  0x00000241315cd800 ConcurrentGCThread "G1 Young RemSet Sampling" [stack: 0x00000088a5100000,0x00000088a5200000] [id=12740]

Threads with active compile tasks:
C2 CompilerThread01552633 11013       4       org.gradle.cache.internal.btree.CachingBlockStore::read (56 bytes)
C2 CompilerThread11552633 11031   !   4       com.google.common.reflect.TypeVisitor::visit (244 bytes)

VM state:not at safepoint (normal execution)

VM Mutex/Monitor currently owned by a thread: None

OutOfMemory and StackOverflow Exception counts:
OutOfMemoryError java_heap_errors=1
LinkageErrors=145

Heap address: 0x00000000e0000000, size: 512 MB, Compressed Oops mode: 32-bit
Narrow klass base: 0x0000000000000000, Narrow klass shift: 3
Compressed class space size: 260046848 Address: 0x0000000100000000

Heap:
 garbage-first heap   total 262144K, used 186705K [0x00000000e0000000, 0x0000000100000000)
  region size 1024K, 115 young (117760K), 15 survivors (15360K)
 Metaspace       used 77525K, capacity 80192K, committed 80424K, reserved 323584K
  class space    used 9985K, capacity 10853K, committed 10892K, reserved 253952K
Heap Regions: E=young(eden), S=young(survivor), O=old, HS=humongous(starts), HC=humongous(continues), CS=collection set, F=free, A=archive, TAMS=top-at-mark-start (previous, next)
|   0|0x00000000e0000000, 0x00000000e0100000, 0x00000000e0100000|100%| O|  |TAMS 0x00000000e0100000, 0x00000000e0000000| Untracked 
|   1|0x00000000e0100000, 0x00000000e0200000, 0x00000000e0200000|100%| O|  |TAMS 0x00000000e0200000, 0x00000000e0100000| Untracked 
|   2|0x00000000e0200000, 0x00000000e0300000, 0x00000000e0300000|100%| O|  |TAMS 0x00000000e0300000, 0x00000000e0200000| Untracked 
|   3|0x00000000e0300000, 0x00000000e0400000, 0x00000000e0400000|100%|HS|  |TAMS 0x00000000e0400000, 0x00000000e0300000| Complete 
|   4|0x00000000e0400000, 0x00000000e0500000, 0x00000000e0500000|100%|HC|  |TAMS 0x00000000e0500000, 0x00000000e0400000| Complete 
|   5|0x00000000e0500000, 0x00000000e0600000, 0x00000000e0600000|100%|HC|  |TAMS 0x00000000e0600000, 0x00000000e0500000| Complete 
|   6|0x00000000e0600000, 0x00000000e0700000, 0x00000000e0700000|100%| O|  |TAMS 0x00000000e0700000, 0x00000000e0600000| Untracked 
|   7|0x00000000e0700000, 0x00000000e0800000, 0x00000000e0800000|100%| O|  |TAMS 0x00000000e0800000, 0x00000000e0700000| Untracked 
|   8|0x00000000e0800000, 0x00000000e0900000, 0x00000000e0900000|100%| O|  |TAMS 0x00000000e0900000, 0x00000000e0800000| Untracked 
|   9|0x00000000e0900000, 0x00000000e0a00000, 0x00000000e0a00000|100%| O|  |TAMS 0x00000000e0a00000, 0x00000000e0900000| Untracked 
|  10|0x00000000e0a00000, 0x00000000e0b00000, 0x00000000e0b00000|100%| O|  |TAMS 0x00000000e0b00000, 0x00000000e0a00000| Untracked 
|  11|0x00000000e0b00000, 0x00000000e0c00000, 0x00000000e0c00000|100%| O|  |TAMS 0x00000000e0c00000, 0x00000000e0b00000| Untracked 
|  12|0x00000000e0c00000, 0x00000000e0d00000, 0x00000000e0d00000|100%| O|  |TAMS 0x00000000e0d00000, 0x00000000e0c00000| Untracked 
|  13|0x00000000e0d00000, 0x00000000e0e00000, 0x00000000e0e00000|100%| O|  |TAMS 0x00000000e0e00000, 0x00000000e0d00000| Untracked 
|  14|0x00000000e0e00000, 0x00000000e0f00000, 0x00000000e0f00000|100%| O|  |TAMS 0x00000000e0f00000, 0x00000000e0e00000| Untracked 
|  15|0x00000000e0f00000, 0x00000000e1000000, 0x00000000e1000000|100%| O|  |TAMS 0x00000000e1000000, 0x00000000e0f00000| Untracked 
|  16|0x00000000e1000000, 0x00000000e1100000, 0x00000000e1100000|100%|HS|  |TAMS 0x00000000e1100000, 0x00000000e1000000| Complete 
|  17|0x00000000e1100000, 0x00000000e1200000, 0x00000000e1200000|100%|HC|  |TAMS 0x00000000e1200000, 0x00000000e1100000| Complete 
|  18|0x00000000e1200000, 0x00000000e1300000, 0x00000000e1300000|100%|HS|  |TAMS 0x00000000e1300000, 0x00000000e1200000| Complete 
|  19|0x00000000e1300000, 0x00000000e1400000, 0x00000000e1400000|100%|HC|  |TAMS 0x00000000e1400000, 0x00000000e1300000| Complete 
|  20|0x00000000e1400000, 0x00000000e1500000, 0x00000000e1500000|100%|HC|  |TAMS 0x00000000e1500000, 0x00000000e1400000| Complete 
|  21|0x00000000e1500000, 0x00000000e1600000, 0x00000000e1600000|100%|HS|  |TAMS 0x00000000e1600000, 0x00000000e1500000| Complete 
|  22|0x00000000e1600000, 0x00000000e1700000, 0x00000000e1700000|100%|HC|  |TAMS 0x00000000e1700000, 0x00000000e1600000| Complete 
|  23|0x00000000e1700000, 0x00000000e1800000, 0x00000000e1800000|100%|HS|  |TAMS 0x00000000e1800000, 0x00000000e1700000| Complete 
|  24|0x00000000e1800000, 0x00000000e1900000, 0x00000000e1900000|100%|HC|  |TAMS 0x00000000e1900000, 0x00000000e1800000| Complete 
|  25|0x00000000e1900000, 0x00000000e1a00000, 0x00000000e1a00000|100%|HC|  |TAMS 0x00000000e1a00000, 0x00000000e1900000| Complete 
|  26|0x00000000e1a00000, 0x00000000e1b00000, 0x00000000e1b00000|100%|HC|  |TAMS 0x00000000e1b00000, 0x00000000e1a00000| Complete 
|  27|0x00000000e1b00000, 0x00000000e1c00000, 0x00000000e1c00000|100%| O|  |TAMS 0x00000000e1c00000, 0x00000000e1b00000| Untracked 
|  28|0x00000000e1c00000, 0x00000000e1d00000, 0x00000000e1d00000|100%| O|  |TAMS 0x00000000e1d00000, 0x00000000e1c00000| Untracked 
|  29|0x00000000e1d00000, 0x00000000e1e00000, 0x00000000e1e00000|100%| O|  |TAMS 0x00000000e1e00000, 0x00000000e1d00000| Untracked 
|  30|0x00000000e1e00000, 0x00000000e1f00000, 0x00000000e1f00000|100%|HS|  |TAMS 0x00000000e1f00000, 0x00000000e1e00000| Complete 
|  31|0x00000000e1f00000, 0x00000000e2000000, 0x00000000e2000000|100%|HC|  |TAMS 0x00000000e2000000, 0x00000000e1f00000| Complete 
|  32|0x00000000e2000000, 0x00000000e2100000, 0x00000000e2100000|100%|HS|  |TAMS 0x00000000e2100000, 0x00000000e2000000| Complete 
|  33|0x00000000e2100000, 0x00000000e2200000, 0x00000000e2200000|100%|HC|  |TAMS 0x00000000e2200000, 0x00000000e2100000| Complete 
|  34|0x00000000e2200000, 0x00000000e2300000, 0x00000000e2300000|100%|HC|  |TAMS 0x00000000e2300000, 0x00000000e2200000| Complete 
|  35|0x00000000e2300000, 0x00000000e2400000, 0x00000000e2400000|100%|HC|  |TAMS 0x00000000e2400000, 0x00000000e2300000| Complete 
|  36|0x00000000e2400000, 0x00000000e2500000, 0x00000000e2500000|100%|HS|  |TAMS 0x00000000e2500000, 0x00000000e2400000| Complete 
|  37|0x00000000e2500000, 0x00000000e2600000, 0x00000000e2600000|100%|HC|  |TAMS 0x00000000e2600000, 0x00000000e2500000| Complete 
|  38|0x00000000e2600000, 0x00000000e2700000, 0x00000000e2700000|100%|HC|  |TAMS 0x00000000e2700000, 0x00000000e2600000| Complete 
|  39|0x00000000e2700000, 0x00000000e2800000, 0x00000000e2800000|100%| O|  |TAMS 0x00000000e2800000, 0x00000000e2700000| Untracked 
|  40|0x00000000e2800000, 0x00000000e2900000, 0x00000000e2900000|100%| O|  |TAMS 0x00000000e2900000, 0x00000000e2800000| Untracked 
|  41|0x00000000e2900000, 0x00000000e2a00000, 0x00000000e2a00000|100%| O|  |TAMS 0x00000000e2a00000, 0x00000000e2900000| Untracked 
|  42|0x00000000e2a00000, 0x00000000e2b00000, 0x00000000e2b00000|100%| O|  |TAMS 0x00000000e2b00000, 0x00000000e2a00000| Untracked 
|  43|0x00000000e2b00000, 0x00000000e2c00000, 0x00000000e2c00000|100%| O|  |TAMS 0x00000000e2c00000, 0x00000000e2b00000| Untracked 
|  44|0x00000000e2c00000, 0x00000000e2d00000, 0x00000000e2d00000|100%| O|  |TAMS 0x00000000e2d00000, 0x00000000e2c00000| Untracked 
|  45|0x00000000e2d00000, 0x00000000e2e00000, 0x00000000e2e00000|100%| O|  |TAMS 0x00000000e2e00000, 0x00000000e2d00000| Untracked 
|  46|0x00000000e2e00000, 0x00000000e2f00000, 0x00000000e2f00000|100%| O|  |TAMS 0x00000000e2f00000, 0x00000000e2e00000| Untracked 
|  47|0x00000000e2f00000, 0x00000000e3000000, 0x00000000e3000000|100%| O|  |TAMS 0x00000000e3000000, 0x00000000e2f00000| Untracked 
|  48|0x00000000e3000000, 0x00000000e3100000, 0x00000000e3100000|100%| O|  |TAMS 0x00000000e3100000, 0x00000000e3000000| Untracked 
|  49|0x00000000e3100000, 0x00000000e3200000, 0x00000000e3200000|100%| O|  |TAMS 0x00000000e3200000, 0x00000000e3100000| Untracked 
|  50|0x00000000e3200000, 0x00000000e3300000, 0x00000000e3300000|100%| O|  |TAMS 0x00000000e3300000, 0x00000000e3200000| Untracked 
|  51|0x00000000e3300000, 0x00000000e3400000, 0x00000000e3400000|100%| O|  |TAMS 0x00000000e3400000, 0x00000000e3300000| Untracked 
|  52|0x00000000e3400000, 0x00000000e3500000, 0x00000000e3500000|100%| O|  |TAMS 0x00000000e3500000, 0x00000000e3400000| Untracked 
|  53|0x00000000e3500000, 0x00000000e3600000, 0x00000000e3600000|100%| O|  |TAMS 0x00000000e3500000, 0x00000000e3500000| Untracked 
|  54|0x00000000e3600000, 0x00000000e3700000, 0x00000000e3700000|100%| O|  |TAMS 0x00000000e3600000, 0x00000000e3600000| Untracked 
|  55|0x00000000e3700000, 0x00000000e3800000, 0x00000000e3800000|100%| O|  |TAMS 0x00000000e3700000, 0x00000000e3700000| Untracked 
|  56|0x00000000e3800000, 0x00000000e3900000, 0x00000000e3900000|100%| O|  |TAMS 0x00000000e3800000, 0x00000000e3800000| Untracked 
|  57|0x00000000e3900000, 0x00000000e3a00000, 0x00000000e3a00000|100%| O|  |TAMS 0x00000000e3900000, 0x00000000e3900000| Untracked 
|  58|0x00000000e3a00000, 0x00000000e3b00000, 0x00000000e3b00000|100%| O|  |TAMS 0x00000000e3a00000, 0x00000000e3a00000| Untracked 
|  59|0x00000000e3b00000, 0x00000000e3c00000, 0x00000000e3c00000|100%| O|  |TAMS 0x00000000e3b00000, 0x00000000e3b00000| Untracked 
|  60|0x00000000e3c00000, 0x00000000e3d00000, 0x00000000e3d00000|100%| O|  |TAMS 0x00000000e3c00000, 0x00000000e3c00000| Untracked 
|  61|0x00000000e3d00000, 0x00000000e3e00000, 0x00000000e3e00000|100%| O|  |TAMS 0x00000000e3d00000, 0x00000000e3d00000| Untracked 
|  62|0x00000000e3e00000, 0x00000000e3f00000, 0x00000000e3f00000|100%| O|  |TAMS 0x00000000e3e00000, 0x00000000e3e00000| Untracked 
|  63|0x00000000e3f00000, 0x00000000e4000000, 0x00000000e4000000|100%| O|  |TAMS 0x00000000e3f00000, 0x00000000e3f00000| Untracked 
|  64|0x00000000e4000000, 0x00000000e4100000, 0x00000000e4100000|100%| O|  |TAMS 0x00000000e4000000, 0x00000000e4000000| Untracked 
|  65|0x00000000e4100000, 0x00000000e4200000, 0x00000000e4200000|100%| O|  |TAMS 0x00000000e4100000, 0x00000000e4100000| Untracked 
|  66|0x00000000e4200000, 0x00000000e4300000, 0x00000000e4300000|100%| O|  |TAMS 0x00000000e4200000, 0x00000000e4200000| Untracked 
|  67|0x00000000e4300000, 0x00000000e4400000, 0x00000000e4400000|100%| O|  |TAMS 0x00000000e4300000, 0x00000000e4300000| Untracked 
|  68|0x00000000e4400000, 0x00000000e4454600, 0x00000000e4500000| 32%| O|  |TAMS 0x00000000e4400000, 0x00000000e4400000| Untracked 
|  69|0x00000000e4500000, 0x00000000e4500000, 0x00000000e4600000|  0%| F|  |TAMS 0x00000000e4500000, 0x00000000e4500000| Untracked 
|  70|0x00000000e4600000, 0x00000000e4600000, 0x00000000e4700000|  0%| F|  |TAMS 0x00000000e4600000, 0x00000000e4600000| Untracked 
|  71|0x00000000e4700000, 0x00000000e4700000, 0x00000000e4800000|  0%| F|  |TAMS 0x00000000e4700000, 0x00000000e4700000| Untracked 
|  72|0x00000000e4800000, 0x00000000e4800000, 0x00000000e4900000|  0%| F|  |TAMS 0x00000000e4800000, 0x00000000e4800000| Untracked 
|  73|0x00000000e4900000, 0x00000000e4900000, 0x00000000e4a00000|  0%| F|  |TAMS 0x00000000e4900000, 0x00000000e4900000| Untracked 
|  74|0x00000000e4a00000, 0x00000000e4a00000, 0x00000000e4b00000|  0%| F|  |TAMS 0x00000000e4a00000, 0x00000000e4a00000| Untracked 
|  75|0x00000000e4b00000, 0x00000000e4b00000, 0x00000000e4c00000|  0%| F|  |TAMS 0x00000000e4b00000, 0x00000000e4b00000| Untracked 
|  76|0x00000000e4c00000, 0x00000000e4c00000, 0x00000000e4d00000|  0%| F|  |TAMS 0x00000000e4c00000, 0x00000000e4c00000| Untracked 
|  77|0x00000000e4d00000, 0x00000000e4d00000, 0x00000000e4e00000|  0%| F|  |TAMS 0x00000000e4d00000, 0x00000000e4d00000| Untracked 
|  78|0x00000000e4e00000, 0x00000000e4e00000, 0x00000000e4f00000|  0%| F|  |TAMS 0x00000000e4e00000, 0x00000000e4e00000| Untracked 
|  79|0x00000000e4f00000, 0x00000000e4f00000, 0x00000000e5000000|  0%| F|  |TAMS 0x00000000e4f00000, 0x00000000e4f00000| Untracked 
|  80|0x00000000e5000000, 0x00000000e5000000, 0x00000000e5100000|  0%| F|  |TAMS 0x00000000e5000000, 0x00000000e5000000| Untracked 
|  81|0x00000000e5100000, 0x00000000e5100000, 0x00000000e5200000|  0%| F|  |TAMS 0x00000000e5100000, 0x00000000e5100000| Untracked 
|  82|0x00000000e5200000, 0x00000000e5200000, 0x00000000e5300000|  0%| F|  |TAMS 0x00000000e5200000, 0x00000000e5200000| Untracked 
|  83|0x00000000e5300000, 0x00000000e5300000, 0x00000000e5400000|  0%| F|  |TAMS 0x00000000e5300000, 0x00000000e5300000| Untracked 
|  84|0x00000000e5400000, 0x00000000e5400000, 0x00000000e5500000|  0%| F|  |TAMS 0x00000000e5400000, 0x00000000e5400000| Untracked 
|  85|0x00000000e5500000, 0x00000000e5500000, 0x00000000e5600000|  0%| F|  |TAMS 0x00000000e5500000, 0x00000000e5500000| Untracked 
|  86|0x00000000e5600000, 0x00000000e5600000, 0x00000000e5700000|  0%| F|  |TAMS 0x00000000e5600000, 0x00000000e5600000| Untracked 
|  87|0x00000000e5700000, 0x00000000e5700000, 0x00000000e5800000|  0%| F|  |TAMS 0x00000000e5700000, 0x00000000e5700000| Untracked 
|  88|0x00000000e5800000, 0x00000000e5800000, 0x00000000e5900000|  0%| F|  |TAMS 0x00000000e5800000, 0x00000000e5800000| Untracked 
|  89|0x00000000e5900000, 0x00000000e5900000, 0x00000000e5a00000|  0%| F|  |TAMS 0x00000000e5900000, 0x00000000e5900000| Untracked 
|  90|0x00000000e5a00000, 0x00000000e5a00000, 0x00000000e5b00000|  0%| F|  |TAMS 0x00000000e5a00000, 0x00000000e5a00000| Untracked 
|  91|0x00000000e5b00000, 0x00000000e5b00000, 0x00000000e5c00000|  0%| F|  |TAMS 0x00000000e5b00000, 0x00000000e5b00000| Untracked 
|  92|0x00000000e5c00000, 0x00000000e5c00000, 0x00000000e5d00000|  0%| F|  |TAMS 0x00000000e5c00000, 0x00000000e5c00000| Untracked 
|  93|0x00000000e5d00000, 0x00000000e5d00000, 0x00000000e5e00000|  0%| F|  |TAMS 0x00000000e5d00000, 0x00000000e5d00000| Untracked 
|  94|0x00000000e5e00000, 0x00000000e5e00000, 0x00000000e5f00000|  0%| F|  |TAMS 0x00000000e5e00000, 0x00000000e5e00000| Untracked 
|  95|0x00000000e5f00000, 0x00000000e5f00000, 0x00000000e6000000|  0%| F|  |TAMS 0x00000000e5f00000, 0x00000000e5f00000| Untracked 
|  96|0x00000000e6000000, 0x00000000e6000000, 0x00000000e6100000|  0%| F|  |TAMS 0x00000000e6000000, 0x00000000e6000000| Untracked 
|  97|0x00000000e6100000, 0x00000000e6100000, 0x00000000e6200000|  0%| F|  |TAMS 0x00000000e6100000, 0x00000000e6100000| Untracked 
|  98|0x00000000e6200000, 0x00000000e6200000, 0x00000000e6300000|  0%| F|  |TAMS 0x00000000e6200000, 0x00000000e6200000| Untracked 
|  99|0x00000000e6300000, 0x00000000e6300000, 0x00000000e6400000|  0%| F|  |TAMS 0x00000000e6300000, 0x00000000e6300000| Untracked 
| 100|0x00000000e6400000, 0x00000000e6400000, 0x00000000e6500000|  0%| F|  |TAMS 0x00000000e6400000, 0x00000000e6400000| Untracked 
| 101|0x00000000e6500000, 0x00000000e6500000, 0x00000000e6600000|  0%| F|  |TAMS 0x00000000e6500000, 0x00000000e6500000| Untracked 
| 102|0x00000000e6600000, 0x00000000e6600000, 0x00000000e6700000|  0%| F|  |TAMS 0x00000000e6600000, 0x00000000e6600000| Untracked 
| 103|0x00000000e6700000, 0x00000000e6700000, 0x00000000e6800000|  0%| F|  |TAMS 0x00000000e6700000, 0x00000000e6700000| Untracked 
| 104|0x00000000e6800000, 0x00000000e6800000, 0x00000000e6900000|  0%| F|  |TAMS 0x00000000e6800000, 0x00000000e6800000| Untracked 
| 105|0x00000000e6900000, 0x00000000e6900000, 0x00000000e6a00000|  0%| F|  |TAMS 0x00000000e6900000, 0x00000000e6900000| Untracked 
| 106|0x00000000e6a00000, 0x00000000e6a00000, 0x00000000e6b00000|  0%| F|  |TAMS 0x00000000e6a00000, 0x00000000e6a00000| Untracked 
| 107|0x00000000e6b00000, 0x00000000e6b00000, 0x00000000e6c00000|  0%| F|  |TAMS 0x00000000e6b00000, 0x00000000e6b00000| Untracked 
| 108|0x00000000e6c00000, 0x00000000e6c00000, 0x00000000e6d00000|  0%| F|  |TAMS 0x00000000e6c00000, 0x00000000e6c00000| Untracked 
| 109|0x00000000e6d00000, 0x00000000e6d00000, 0x00000000e6e00000|  0%| F|  |TAMS 0x00000000e6d00000, 0x00000000e6d00000| Untracked 
| 110|0x00000000e6e00000, 0x00000000e6e00000, 0x00000000e6f00000|  0%| F|  |TAMS 0x00000000e6e00000, 0x00000000e6e00000| Untracked 
| 111|0x00000000e6f00000, 0x00000000e6f00000, 0x00000000e7000000|  0%| F|  |TAMS 0x00000000e6f00000, 0x00000000e6f00000| Untracked 
| 112|0x00000000e7000000, 0x00000000e7000000, 0x00000000e7100000|  0%| F|  |TAMS 0x00000000e7000000, 0x00000000e7000000| Untracked 
| 113|0x00000000e7100000, 0x00000000e7100000, 0x00000000e7200000|  0%| F|  |TAMS 0x00000000e7100000, 0x00000000e7100000| Untracked 
| 114|0x00000000e7200000, 0x00000000e7200000, 0x00000000e7300000|  0%| F|  |TAMS 0x00000000e7200000, 0x00000000e7200000| Untracked 
| 115|0x00000000e7300000, 0x00000000e7400000, 0x00000000e7400000|100%| S|CS|TAMS 0x00000000e7300000, 0x00000000e7300000| Complete 
| 116|0x00000000e7400000, 0x00000000e7500000, 0x00000000e7500000|100%| S|CS|TAMS 0x00000000e7400000, 0x00000000e7400000| Complete 
| 117|0x00000000e7500000, 0x00000000e7600000, 0x00000000e7600000|100%| S|CS|TAMS 0x00000000e7500000, 0x00000000e7500000| Complete 
| 118|0x00000000e7600000, 0x00000000e7700000, 0x00000000e7700000|100%| S|CS|TAMS 0x00000000e7600000, 0x00000000e7600000| Complete 
| 119|0x00000000e7700000, 0x00000000e7800000, 0x00000000e7800000|100%| S|CS|TAMS 0x00000000e7700000, 0x00000000e7700000| Complete 
| 120|0x00000000e7800000, 0x00000000e7900000, 0x00000000e7900000|100%| S|CS|TAMS 0x00000000e7800000, 0x00000000e7800000| Complete 
| 121|0x00000000e7900000, 0x00000000e7a00000, 0x00000000e7a00000|100%| S|CS|TAMS 0x00000000e7900000, 0x00000000e7900000| Complete 
| 122|0x00000000e7a00000, 0x00000000e7b00000, 0x00000000e7b00000|100%| S|CS|TAMS 0x00000000e7a00000, 0x00000000e7a00000| Complete 
| 123|0x00000000e7b00000, 0x00000000e7c00000, 0x00000000e7c00000|100%| S|CS|TAMS 0x00000000e7b00000, 0x00000000e7b00000| Complete 
| 124|0x00000000e7c00000, 0x00000000e7d00000, 0x00000000e7d00000|100%| S|CS|TAMS 0x00000000e7c00000, 0x00000000e7c00000| Complete 
| 125|0x00000000e7d00000, 0x00000000e7e00000, 0x00000000e7e00000|100%| S|CS|TAMS 0x00000000e7d00000, 0x00000000e7d00000| Complete 
| 126|0x00000000e7e00000, 0x00000000e7f00000, 0x00000000e7f00000|100%| S|CS|TAMS 0x00000000e7e00000, 0x00000000e7e00000| Complete 
| 127|0x00000000e7f00000, 0x00000000e8000000, 0x00000000e8000000|100%| S|CS|TAMS 0x00000000e7f00000, 0x00000000e7f00000| Complete 
| 128|0x00000000e8000000, 0x00000000e8100000, 0x00000000e8100000|100%| S|CS|TAMS 0x00000000e8000000, 0x00000000e8000000| Complete 
| 129|0x00000000e8100000, 0x00000000e8200000, 0x00000000e8200000|100%| S|CS|TAMS 0x00000000e8100000, 0x00000000e8100000| Complete 
| 130|0x00000000e8200000, 0x00000000e8200000, 0x00000000e8300000|  0%| F|  |TAMS 0x00000000e8200000, 0x00000000e8200000| Untracked 
| 131|0x00000000e8300000, 0x00000000e8300000, 0x00000000e8400000|  0%| F|  |TAMS 0x00000000e8300000, 0x00000000e8300000| Untracked 
| 132|0x00000000e8400000, 0x00000000e8400000, 0x00000000e8500000|  0%| F|  |TAMS 0x00000000e8400000, 0x00000000e8400000| Untracked 
| 133|0x00000000e8500000, 0x00000000e8500000, 0x00000000e8600000|  0%| F|  |TAMS 0x00000000e8500000, 0x00000000e8500000| Untracked 
| 134|0x00000000e8600000, 0x00000000e8600000, 0x00000000e8700000|  0%| F|  |TAMS 0x00000000e8600000, 0x00000000e8600000| Untracked 
| 135|0x00000000e8700000, 0x00000000e8700000, 0x00000000e8800000|  0%| F|  |TAMS 0x00000000e8700000, 0x00000000e8700000| Untracked 
| 136|0x00000000e8800000, 0x00000000e8800000, 0x00000000e8900000|  0%| F|  |TAMS 0x00000000e8800000, 0x00000000e8800000| Untracked 
| 137|0x00000000e8900000, 0x00000000e8900000, 0x00000000e8a00000|  0%| F|  |TAMS 0x00000000e8900000, 0x00000000e8900000| Untracked 
| 138|0x00000000e8a00000, 0x00000000e8a00000, 0x00000000e8b00000|  0%| F|  |TAMS 0x00000000e8a00000, 0x00000000e8a00000| Untracked 
| 139|0x00000000e8b00000, 0x00000000e8b00000, 0x00000000e8c00000|  0%| F|  |TAMS 0x00000000e8b00000, 0x00000000e8b00000| Untracked 
| 140|0x00000000e8c00000, 0x00000000e8c00000, 0x00000000e8d00000|  0%| F|  |TAMS 0x00000000e8c00000, 0x00000000e8c00000| Untracked 
| 141|0x00000000e8d00000, 0x00000000e8d00000, 0x00000000e8e00000|  0%| F|  |TAMS 0x00000000e8d00000, 0x00000000e8d00000| Untracked 
| 142|0x00000000e8e00000, 0x00000000e8e00000, 0x00000000e8f00000|  0%| F|  |TAMS 0x00000000e8e00000, 0x00000000e8e00000| Untracked 
| 143|0x00000000e8f00000, 0x00000000e8f00000, 0x00000000e9000000|  0%| F|  |TAMS 0x00000000e8f00000, 0x00000000e8f00000| Untracked 
| 144|0x00000000e9000000, 0x00000000e9000000, 0x00000000e9100000|  0%| F|  |TAMS 0x00000000e9000000, 0x00000000e9000000| Untracked 
| 145|0x00000000e9100000, 0x00000000e9100000, 0x00000000e9200000|  0%| F|  |TAMS 0x00000000e9100000, 0x00000000e9100000| Untracked 
| 146|0x00000000e9200000, 0x00000000e9200000, 0x00000000e9300000|  0%| F|  |TAMS 0x00000000e9200000, 0x00000000e9200000| Untracked 
| 147|0x00000000e9300000, 0x00000000e9300000, 0x00000000e9400000|  0%| F|  |TAMS 0x00000000e9300000, 0x00000000e9300000| Untracked 
| 148|0x00000000e9400000, 0x00000000e9400000, 0x00000000e9500000|  0%| F|  |TAMS 0x00000000e9400000, 0x00000000e9400000| Untracked 
| 149|0x00000000e9500000, 0x00000000e9500000, 0x00000000e9600000|  0%| F|  |TAMS 0x00000000e9500000, 0x00000000e9500000| Untracked 
| 150|0x00000000e9600000, 0x00000000e9600000, 0x00000000e9700000|  0%| F|  |TAMS 0x00000000e9600000, 0x00000000e9600000| Untracked 
| 151|0x00000000e9700000, 0x00000000e9700000, 0x00000000e9800000|  0%| F|  |TAMS 0x00000000e9700000, 0x00000000e9700000| Untracked 
| 152|0x00000000e9800000, 0x00000000e9800000, 0x00000000e9900000|  0%| F|  |TAMS 0x00000000e9800000, 0x00000000e9800000| Untracked 
| 153|0x00000000e9900000, 0x00000000e9900000, 0x00000000e9a00000|  0%| F|  |TAMS 0x00000000e9900000, 0x00000000e9900000| Untracked 
| 154|0x00000000e9a00000, 0x00000000e9a00000, 0x00000000e9b00000|  0%| F|  |TAMS 0x00000000e9a00000, 0x00000000e9a00000| Untracked 
| 155|0x00000000e9b00000, 0x00000000e9b00000, 0x00000000e9c00000|  0%| F|  |TAMS 0x00000000e9b00000, 0x00000000e9b00000| Untracked 
| 156|0x00000000e9c00000, 0x00000000e9cb4f28, 0x00000000e9d00000| 70%| E|  |TAMS 0x00000000e9c00000, 0x00000000e9c00000| Complete 
| 157|0x00000000e9d00000, 0x00000000e9e00000, 0x00000000e9e00000|100%| E|CS|TAMS 0x00000000e9d00000, 0x00000000e9d00000| Complete 
| 158|0x00000000e9e00000, 0x00000000e9f00000, 0x00000000e9f00000|100%| E|CS|TAMS 0x00000000e9e00000, 0x00000000e9e00000| Complete 
| 159|0x00000000e9f00000, 0x00000000ea000000, 0x00000000ea000000|100%| E|CS|TAMS 0x00000000e9f00000, 0x00000000e9f00000| Complete 
| 160|0x00000000ea000000, 0x00000000ea100000, 0x00000000ea100000|100%| E|CS|TAMS 0x00000000ea000000, 0x00000000ea000000| Complete 
| 161|0x00000000ea100000, 0x00000000ea200000, 0x00000000ea200000|100%| E|CS|TAMS 0x00000000ea100000, 0x00000000ea100000| Complete 
| 162|0x00000000ea200000, 0x00000000ea300000, 0x00000000ea300000|100%| E|CS|TAMS 0x00000000ea200000, 0x00000000ea200000| Complete 
| 163|0x00000000ea300000, 0x00000000ea400000, 0x00000000ea400000|100%| E|CS|TAMS 0x00000000ea300000, 0x00000000ea300000| Complete 
| 164|0x00000000ea400000, 0x00000000ea500000, 0x00000000ea500000|100%| E|CS|TAMS 0x00000000ea400000, 0x00000000ea400000| Complete 
| 165|0x00000000ea500000, 0x00000000ea600000, 0x00000000ea600000|100%| E|CS|TAMS 0x00000000ea500000, 0x00000000ea500000| Complete 
| 166|0x00000000ea600000, 0x00000000ea700000, 0x00000000ea700000|100%| E|CS|TAMS 0x00000000ea600000, 0x00000000ea600000| Complete 
| 167|0x00000000ea700000, 0x00000000ea800000, 0x00000000ea800000|100%| E|CS|TAMS 0x00000000ea700000, 0x00000000ea700000| Complete 
| 168|0x00000000ea800000, 0x00000000ea900000, 0x00000000ea900000|100%| E|CS|TAMS 0x00000000ea800000, 0x00000000ea800000| Complete 
| 169|0x00000000ea900000, 0x00000000eaa00000, 0x00000000eaa00000|100%| E|CS|TAMS 0x00000000ea900000, 0x00000000ea900000| Complete 
| 170|0x00000000eaa00000, 0x00000000eab00000, 0x00000000eab00000|100%| E|CS|TAMS 0x00000000eaa00000, 0x00000000eaa00000| Complete 
| 171|0x00000000eab00000, 0x00000000eac00000, 0x00000000eac00000|100%| E|CS|TAMS 0x00000000eab00000, 0x00000000eab00000| Complete 
| 172|0x00000000eac00000, 0x00000000ead00000, 0x00000000ead00000|100%| E|CS|TAMS 0x00000000eac00000, 0x00000000eac00000| Complete 
| 173|0x00000000ead00000, 0x00000000eae00000, 0x00000000eae00000|100%| E|CS|TAMS 0x00000000ead00000, 0x00000000ead00000| Complete 
| 174|0x00000000eae00000, 0x00000000eaf00000, 0x00000000eaf00000|100%| E|CS|TAMS 0x00000000eae00000, 0x00000000eae00000| Complete 
| 175|0x00000000eaf00000, 0x00000000eb000000, 0x00000000eb000000|100%| E|CS|TAMS 0x00000000eaf00000, 0x00000000eaf00000| Complete 
| 176|0x00000000eb000000, 0x00000000eb100000, 0x00000000eb100000|100%| E|CS|TAMS 0x00000000eb000000, 0x00000000eb000000| Complete 
| 177|0x00000000eb100000, 0x00000000eb200000, 0x00000000eb200000|100%| E|CS|TAMS 0x00000000eb100000, 0x00000000eb100000| Complete 
| 178|0x00000000eb200000, 0x00000000eb300000, 0x00000000eb300000|100%| E|CS|TAMS 0x00000000eb200000, 0x00000000eb200000| Complete 
| 179|0x00000000eb300000, 0x00000000eb400000, 0x00000000eb400000|100%| E|CS|TAMS 0x00000000eb300000, 0x00000000eb300000| Complete 
| 180|0x00000000eb400000, 0x00000000eb500000, 0x00000000eb500000|100%| E|CS|TAMS 0x00000000eb400000, 0x00000000eb400000| Complete 
| 181|0x00000000eb500000, 0x00000000eb600000, 0x00000000eb600000|100%| E|CS|TAMS 0x00000000eb500000, 0x00000000eb500000| Complete 
| 182|0x00000000eb600000, 0x00000000eb700000, 0x00000000eb700000|100%| E|CS|TAMS 0x00000000eb600000, 0x00000000eb600000| Complete 
| 183|0x00000000eb700000, 0x00000000eb800000, 0x00000000eb800000|100%| E|CS|TAMS 0x00000000eb700000, 0x00000000eb700000| Complete 
| 184|0x00000000eb800000, 0x00000000eb900000, 0x00000000eb900000|100%| E|CS|TAMS 0x00000000eb800000, 0x00000000eb800000| Complete 
| 185|0x00000000eb900000, 0x00000000eba00000, 0x00000000eba00000|100%| E|CS|TAMS 0x00000000eb900000, 0x00000000eb900000| Complete 
| 186|0x00000000eba00000, 0x00000000ebb00000, 0x00000000ebb00000|100%| E|CS|TAMS 0x00000000eba00000, 0x00000000eba00000| Complete 
| 187|0x00000000ebb00000, 0x00000000ebc00000, 0x00000000ebc00000|100%| E|CS|TAMS 0x00000000ebb00000, 0x00000000ebb00000| Complete 
| 188|0x00000000ebc00000, 0x00000000ebd00000, 0x00000000ebd00000|100%| E|CS|TAMS 0x00000000ebc00000, 0x00000000ebc00000| Complete 
| 189|0x00000000ebd00000, 0x00000000ebe00000, 0x00000000ebe00000|100%| E|CS|TAMS 0x00000000ebd00000, 0x00000000ebd00000| Complete 
| 190|0x00000000ebe00000, 0x00000000ebf00000, 0x00000000ebf00000|100%| E|CS|TAMS 0x00000000ebe00000, 0x00000000ebe00000| Complete 
| 191|0x00000000ebf00000, 0x00000000ec000000, 0x00000000ec000000|100%| E|CS|TAMS 0x00000000ebf00000, 0x00000000ebf00000| Complete 
| 192|0x00000000ec000000, 0x00000000ec100000, 0x00000000ec100000|100%| E|CS|TAMS 0x00000000ec000000, 0x00000000ec000000| Complete 
| 193|0x00000000ec100000, 0x00000000ec200000, 0x00000000ec200000|100%| E|CS|TAMS 0x00000000ec100000, 0x00000000ec100000| Complete 
| 194|0x00000000ec200000, 0x00000000ec300000, 0x00000000ec300000|100%| E|CS|TAMS 0x00000000ec200000, 0x00000000ec200000| Complete 
| 195|0x00000000ec300000, 0x00000000ec400000, 0x00000000ec400000|100%| E|CS|TAMS 0x00000000ec300000, 0x00000000ec300000| Complete 
| 196|0x00000000ec400000, 0x00000000ec500000, 0x00000000ec500000|100%| E|CS|TAMS 0x00000000ec400000, 0x00000000ec400000| Complete 
| 197|0x00000000ec500000, 0x00000000ec600000, 0x00000000ec600000|100%| E|CS|TAMS 0x00000000ec500000, 0x00000000ec500000| Complete 
| 198|0x00000000ec600000, 0x00000000ec700000, 0x00000000ec700000|100%| E|CS|TAMS 0x00000000ec600000, 0x00000000ec600000| Complete 
| 199|0x00000000ec700000, 0x00000000ec800000, 0x00000000ec800000|100%| E|CS|TAMS 0x00000000ec700000, 0x00000000ec700000| Complete 
| 200|0x00000000ec800000, 0x00000000ec900000, 0x00000000ec900000|100%| E|CS|TAMS 0x00000000ec800000, 0x00000000ec800000| Complete 
| 201|0x00000000ec900000, 0x00000000eca00000, 0x00000000eca00000|100%| E|CS|TAMS 0x00000000ec900000, 0x00000000ec900000| Complete 
| 202|0x00000000eca00000, 0x00000000ecb00000, 0x00000000ecb00000|100%| E|CS|TAMS 0x00000000eca00000, 0x00000000eca00000| Complete 
| 203|0x00000000ecb00000, 0x00000000ecc00000, 0x00000000ecc00000|100%| E|CS|TAMS 0x00000000ecb00000, 0x00000000ecb00000| Complete 
| 204|0x00000000ecc00000, 0x00000000ecd00000, 0x00000000ecd00000|100%| E|CS|TAMS 0x00000000ecc00000, 0x00000000ecc00000| Complete 
| 205|0x00000000ecd00000, 0x00000000ece00000, 0x00000000ece00000|100%| E|CS|TAMS 0x00000000ecd00000, 0x00000000ecd00000| Complete 
| 206|0x00000000ece00000, 0x00000000ecf00000, 0x00000000ecf00000|100%| E|CS|TAMS 0x00000000ece00000, 0x00000000ece00000| Complete 
| 207|0x00000000ecf00000, 0x00000000ed000000, 0x00000000ed000000|100%| E|CS|TAMS 0x00000000ecf00000, 0x00000000ecf00000| Complete 
| 208|0x00000000ed000000, 0x00000000ed100000, 0x00000000ed100000|100%| E|CS|TAMS 0x00000000ed000000, 0x00000000ed000000| Complete 
| 209|0x00000000ed100000, 0x00000000ed200000, 0x00000000ed200000|100%| E|CS|TAMS 0x00000000ed100000, 0x00000000ed100000| Complete 
| 210|0x00000000ed200000, 0x00000000ed300000, 0x00000000ed300000|100%| E|CS|TAMS 0x00000000ed200000, 0x00000000ed200000| Complete 
| 211|0x00000000ed300000, 0x00000000ed400000, 0x00000000ed400000|100%| E|CS|TAMS 0x00000000ed300000, 0x00000000ed300000| Complete 
| 212|0x00000000ed400000, 0x00000000ed500000, 0x00000000ed500000|100%| E|CS|TAMS 0x00000000ed400000, 0x00000000ed400000| Complete 
| 213|0x00000000ed500000, 0x00000000ed600000, 0x00000000ed600000|100%| E|CS|TAMS 0x00000000ed500000, 0x00000000ed500000| Complete 
| 214|0x00000000ed600000, 0x00000000ed700000, 0x00000000ed700000|100%| E|CS|TAMS 0x00000000ed600000, 0x00000000ed600000| Complete 
| 215|0x00000000ed700000, 0x00000000ed800000, 0x00000000ed800000|100%| E|CS|TAMS 0x00000000ed700000, 0x00000000ed700000| Complete 
| 216|0x00000000ed800000, 0x00000000ed900000, 0x00000000ed900000|100%| E|CS|TAMS 0x00000000ed800000, 0x00000000ed800000| Complete 
| 217|0x00000000ed900000, 0x00000000eda00000, 0x00000000eda00000|100%| E|CS|TAMS 0x00000000ed900000, 0x00000000ed900000| Complete 
| 218|0x00000000eda00000, 0x00000000edb00000, 0x00000000edb00000|100%| E|CS|TAMS 0x00000000eda00000, 0x00000000eda00000| Complete 
| 219|0x00000000edb00000, 0x00000000edc00000, 0x00000000edc00000|100%| E|CS|TAMS 0x00000000edb00000, 0x00000000edb00000| Complete 
| 220|0x00000000edc00000, 0x00000000edd00000, 0x00000000edd00000|100%| E|CS|TAMS 0x00000000edc00000, 0x00000000edc00000| Complete 
| 221|0x00000000edd00000, 0x00000000ede00000, 0x00000000ede00000|100%| E|CS|TAMS 0x00000000edd00000, 0x00000000edd00000| Complete 
| 222|0x00000000ede00000, 0x00000000edf00000, 0x00000000edf00000|100%| E|CS|TAMS 0x00000000ede00000, 0x00000000ede00000| Complete 
| 223|0x00000000edf00000, 0x00000000ee000000, 0x00000000ee000000|100%| E|CS|TAMS 0x00000000edf00000, 0x00000000edf00000| Complete 
| 224|0x00000000ee000000, 0x00000000ee100000, 0x00000000ee100000|100%| E|CS|TAMS 0x00000000ee000000, 0x00000000ee000000| Complete 
| 225|0x00000000ee100000, 0x00000000ee200000, 0x00000000ee200000|100%| E|CS|TAMS 0x00000000ee100000, 0x00000000ee100000| Complete 
| 226|0x00000000ee200000, 0x00000000ee300000, 0x00000000ee300000|100%| E|CS|TAMS 0x00000000ee200000, 0x00000000ee200000| Complete 
| 227|0x00000000ee300000, 0x00000000ee400000, 0x00000000ee400000|100%| E|CS|TAMS 0x00000000ee300000, 0x00000000ee300000| Complete 
| 228|0x00000000ee400000, 0x00000000ee500000, 0x00000000ee500000|100%| E|CS|TAMS 0x00000000ee400000, 0x00000000ee400000| Complete 
| 229|0x00000000ee500000, 0x00000000ee600000, 0x00000000ee600000|100%| E|CS|TAMS 0x00000000ee500000, 0x00000000ee500000| Complete 
| 230|0x00000000ee600000, 0x00000000ee700000, 0x00000000ee700000|100%| E|CS|TAMS 0x00000000ee600000, 0x00000000ee600000| Complete 
| 231|0x00000000ee700000, 0x00000000ee800000, 0x00000000ee800000|100%| E|CS|TAMS 0x00000000ee700000, 0x00000000ee700000| Complete 
| 232|0x00000000ee800000, 0x00000000ee900000, 0x00000000ee900000|100%| E|CS|TAMS 0x00000000ee800000, 0x00000000ee800000| Complete 
| 233|0x00000000ee900000, 0x00000000eea00000, 0x00000000eea00000|100%| E|CS|TAMS 0x00000000ee900000, 0x00000000ee900000| Complete 
| 234|0x00000000eea00000, 0x00000000eeb00000, 0x00000000eeb00000|100%| E|CS|TAMS 0x00000000eea00000, 0x00000000eea00000| Complete 
| 235|0x00000000eeb00000, 0x00000000eec00000, 0x00000000eec00000|100%| E|CS|TAMS 0x00000000eeb00000, 0x00000000eeb00000| Complete 
| 236|0x00000000eec00000, 0x00000000eed00000, 0x00000000eed00000|100%| E|CS|TAMS 0x00000000eec00000, 0x00000000eec00000| Complete 
| 237|0x00000000eed00000, 0x00000000eee00000, 0x00000000eee00000|100%| E|CS|TAMS 0x00000000eed00000, 0x00000000eed00000| Complete 
| 238|0x00000000eee00000, 0x00000000eef00000, 0x00000000eef00000|100%| E|CS|TAMS 0x00000000eee00000, 0x00000000eee00000| Complete 
| 239|0x00000000eef00000, 0x00000000ef000000, 0x00000000ef000000|100%| E|CS|TAMS 0x00000000eef00000, 0x00000000eef00000| Complete 
| 240|0x00000000ef000000, 0x00000000ef100000, 0x00000000ef100000|100%| E|CS|TAMS 0x00000000ef000000, 0x00000000ef000000| Complete 
| 241|0x00000000ef100000, 0x00000000ef200000, 0x00000000ef200000|100%| E|CS|TAMS 0x00000000ef100000, 0x00000000ef100000| Complete 
| 242|0x00000000ef200000, 0x00000000ef300000, 0x00000000ef300000|100%| E|CS|TAMS 0x00000000ef200000, 0x00000000ef200000| Complete 
| 243|0x00000000ef300000, 0x00000000ef400000, 0x00000000ef400000|100%| E|CS|TAMS 0x00000000ef300000, 0x00000000ef300000| Complete 
| 244|0x00000000ef400000, 0x00000000ef500000, 0x00000000ef500000|100%| E|CS|TAMS 0x00000000ef400000, 0x00000000ef400000| Complete 
| 245|0x00000000ef500000, 0x00000000ef600000, 0x00000000ef600000|100%| E|CS|TAMS 0x00000000ef500000, 0x00000000ef500000| Complete 
| 246|0x00000000ef600000, 0x00000000ef700000, 0x00000000ef700000|100%| E|CS|TAMS 0x00000000ef600000, 0x00000000ef600000| Complete 
| 247|0x00000000ef700000, 0x00000000ef800000, 0x00000000ef800000|100%| E|CS|TAMS 0x00000000ef700000, 0x00000000ef700000| Complete 
| 248|0x00000000ef800000, 0x00000000ef900000, 0x00000000ef900000|100%| E|CS|TAMS 0x00000000ef800000, 0x00000000ef800000| Complete 
| 249|0x00000000ef900000, 0x00000000efa00000, 0x00000000efa00000|100%| E|CS|TAMS 0x00000000ef900000, 0x00000000ef900000| Complete 
| 250|0x00000000efa00000, 0x00000000efb00000, 0x00000000efb00000|100%| E|CS|TAMS 0x00000000efa00000, 0x00000000efa00000| Complete 
| 251|0x00000000efb00000, 0x00000000efc00000, 0x00000000efc00000|100%| E|CS|TAMS 0x00000000efb00000, 0x00000000efb00000| Complete 
| 252|0x00000000efc00000, 0x00000000efd00000, 0x00000000efd00000|100%| E|CS|TAMS 0x00000000efc00000, 0x00000000efc00000| Complete 
| 253|0x00000000efd00000, 0x00000000efe00000, 0x00000000efe00000|100%| E|CS|TAMS 0x00000000efd00000, 0x00000000efd00000| Complete 
| 254|0x00000000efe00000, 0x00000000eff00000, 0x00000000eff00000|100%| E|CS|TAMS 0x00000000efe00000, 0x00000000efe00000| Complete 
| 255|0x00000000eff00000, 0x00000000f0000000, 0x00000000f0000000|100%| E|CS|TAMS 0x00000000eff00000, 0x00000000eff00000| Complete 

Card table byte_map: [0x000002412db00000,0x000002412dc00000] _byte_map_base: 0x000002412d400000

Marking Bits (Prev, Next): (CMBitMap*) 0x0000024115625a20, (CMBitMap*) 0x00000241156259e8
 Prev Bits: [0x000002412e500000, 0x000002412ed00000)
 Next Bits: [0x000002412dd00000, 0x000002412e500000)

Polling page: 0x0000024114de0000

Metaspace:

Usage:
  Non-class:     67.71 MB capacity,    65.96 MB ( 97%) used,     1.49 MB (  2%) free+waste,   268.88 KB ( <1%) overhead. 
      Class:     10.60 MB capacity,     9.75 MB ( 92%) used,   743.54 KB (  7%) free+waste,   124.25 KB (  1%) overhead. 
       Both:     78.31 MB capacity,    75.71 MB ( 97%) used,     2.22 MB (  3%) free+waste,   393.13 KB ( <1%) overhead. 

Virtual space:
  Non-class space:       68.00 MB reserved,      67.90 MB (>99%) committed 
      Class space:      248.00 MB reserved,      10.64 MB (  4%) committed 
             Both:      316.00 MB reserved,      78.54 MB ( 25%) committed 

Chunk freelists:
   Non-Class:  1.00 KB
       Class:  0 bytes
        Both:  1.00 KB

MaxMetaspaceSize: 256.00 MB
CompressedClassSpaceSize: 248.00 MB
Initial GC threshold: 20.80 MB
Current GC threshold: 99.02 MB
CDS: off

CodeHeap 'non-profiled nmethods': size=120000Kb used=7227Kb max_used=7227Kb free=112772Kb
 bounds [0x00000241261a0000, 0x00000241268b0000, 0x000002412d6d0000]
CodeHeap 'profiled nmethods': size=120000Kb used=25065Kb max_used=25065Kb free=94934Kb
 bounds [0x000002411ec70000, 0x00000241204f0000, 0x00000241261a0000]
CodeHeap 'non-nmethods': size=5760Kb used=2335Kb max_used=2385Kb free=3424Kb
 bounds [0x000002411e6d0000, 0x000002411e940000, 0x000002411ec70000]
 total_blobs=11920 nmethods=11069 adapters=763
 compilation: enabled
              stopped_count=0, restarted_count=0
 full_count=0

Compilation events (20 events):
Event: 1536.875 Thread 0x000002413177a800 11042       3       org.gradle.api.internal.model.DefaultObjectFactory::named (10 bytes)
Event: 1536.876 Thread 0x000002413177a800 nmethod 11042 0x00000241204ba710 code [0x00000241204ba8c0, 0x00000241204baa08]
Event: 1536.876 Thread 0x000002413177a800 11043       3       org.apache.commons.lang.text.StrBuilder::append (54 bytes)
Event: 1536.876 Thread 0x000002413177a800 nmethod 11043 0x00000241204bab10 code [0x00000241204bad20, 0x00000241204bb188]
Event: 1536.876 Thread 0x000002413177a800 11044       3       org.apache.commons.lang.text.StrBuilder::toString (17 bytes)
Event: 1536.877 Thread 0x000002413177a800 nmethod 11044 0x00000241204bb390 code [0x00000241204bb560, 0x00000241204bb838]
Event: 1536.877 Thread 0x000002413177a800 11045       3       org.gradle.api.internal.DefaultDomainObjectCollection::withMutationDisabled (11 bytes)
Event: 1536.877 Thread 0x000002413177a800 nmethod 11045 0x00000241204bba10 code [0x00000241204bbbe0, 0x00000241204bbe58]
Event: 1536.877 Thread 0x000002413177a800 11046       3       org.gradle.internal.typeconversion.CompositeNotationConverter::convert (55 bytes)
Event: 1536.878 Thread 0x000002413177a800 nmethod 11046 0x00000241204bbf90 code [0x00000241204bc1a0, 0x00000241204bc788]
Event: 1536.878 Thread 0x000002413177a800 11047       3       org.gradle.api.internal.notations.ModuleIdentifierNotationConverter::<init> (10 bytes)
Event: 1536.878 Thread 0x000002413177a800 nmethod 11047 0x00000241204bc990 code [0x00000241204bcb40, 0x00000241204bccf8]
Event: 1536.879 Thread 0x000002413177a800 11048       3       org.gradle.api.internal.artifacts.ivyservice.moduleconverter.DefaultRootComponentMetadataBuilder$MetadataHolder::validateMutation (27 bytes)
Event: 1536.879 Thread 0x000002413177a800 nmethod 11048 0x00000241204bcd90 code [0x00000241204bcf40, 0x00000241204bd138]
Event: 1536.879 Thread 0x000002413177a800 11049       3       org.gradle.internal.event.BroadcastDispatch$CompositeDispatch::<init> (12 bytes)
Event: 1536.880 Thread 0x000002413177a800 nmethod 11049 0x00000241204bd210 code [0x00000241204bd3e0, 0x00000241204bd718]
Event: 1536.883 Thread 0x000002413177a800 11050       3       org.gradle.api.internal.project.DefaultProject_Decorated::getModelRegistry (32 bytes)
Event: 1536.883 Thread 0x000002413177a800 nmethod 11050 0x00000241204bd890 code [0x00000241204bda60, 0x00000241204bde88]
Event: 1536.883 Thread 0x000002413177a800 11051       3       org.gradle.api.internal.DefaultNamedDomainObjectCollection$AbstractDomainObjectCreatingProvider::getType (5 bytes)
Event: 1536.883 Thread 0x000002413177a800 nmethod 11051 0x00000241204bdf90 code [0x00000241204be140, 0x00000241204be258]

GC Heap History (20 events):
Event: 205.688 GC heap before
{Heap before GC invocations=4 (full 0):
 garbage-first heap   total 262144K, used 40596K [0x00000000e0000000, 0x0000000100000000)
  region size 1024K, 30 young (30720K), 5 survivors (5120K)
 Metaspace       used 20731K, capacity 21167K, committed 21296K, reserved 274432K
  class space    used 2554K, capacity 2682K, committed 2688K, reserved 253952K
}
Event: 205.743 GC heap after
{Heap after GC invocations=5 (full 0):
 garbage-first heap   total 262144K, used 17172K [0x00000000e0000000, 0x0000000100000000)
  region size 1024K, 1 young (1024K), 1 survivors (1024K)
 Metaspace       used 20731K, capacity 21167K, committed 21296K, reserved 274432K
  class space    used 2554K, capacity 2682K, committed 2688K, reserved 253952K
}
Event: 219.747 GC heap before
{Heap before GC invocations=6 (full 0):
 garbage-first heap   total 262144K, used 65300K [0x00000000e0000000, 0x0000000100000000)
  region size 1024K, 49 young (50176K), 1 survivors (1024K)
 Metaspace       used 26432K, capacity 27053K, committed 27264K, reserved 278528K
  class space    used 3425K, capacity 3627K, committed 3712K, reserved 253952K
}
Event: 219.750 GC heap after
{Heap after GC invocations=7 (full 0):
 garbage-first heap   total 262144K, used 19033K [0x00000000e0000000, 0x0000000100000000)
  region size 1024K, 3 young (3072K), 3 survivors (3072K)
 Metaspace       used 26432K, capacity 27053K, committed 27264K, reserved 278528K
  class space    used 3425K, capacity 3627K, committed 3712K, reserved 253952K
}
Event: 227.800 GC heap before
{Heap before GC invocations=7 (full 0):
 garbage-first heap   total 262144K, used 107097K [0x00000000e0000000, 0x0000000100000000)
  region size 1024K, 79 young (80896K), 3 survivors (3072K)
 Metaspace       used 34566K, capacity 35528K, committed 35712K, reserved 284672K
  class space    used 4670K, capacity 4985K, committed 4992K, reserved 253952K
}
Event: 227.806 GC heap after
{Heap after GC invocations=8 (full 0):
 garbage-first heap   total 262144K, used 34967K [0x00000000e0000000, 0x0000000100000000)
  region size 1024K, 8 young (8192K), 8 survivors (8192K)
 Metaspace       used 34566K, capacity 35528K, committed 35712K, reserved 284672K
  class space    used 4670K, capacity 4985K, committed 4992K, reserved 253952K
}
Event: 228.422 GC heap before
{Heap before GC invocations=8 (full 0):
 garbage-first heap   total 262144K, used 37015K [0x00000000e0000000, 0x0000000100000000)
  region size 1024K, 11 young (11264K), 8 survivors (8192K)
 Metaspace       used 34983K, capacity 35912K, committed 36048K, reserved 286720K
  class space    used 4738K, capacity 5049K, committed 5120K, reserved 253952K
}
Event: 228.431 GC heap after
{Heap after GC invocations=9 (full 0):
 garbage-first heap   total 262144K, used 35688K [0x00000000e0000000, 0x0000000100000000)
  region size 1024K, 8 young (8192K), 8 survivors (8192K)
 Metaspace       used 34983K, capacity 35912K, committed 36048K, reserved 286720K
  class space    used 4738K, capacity 5049K, committed 5120K, reserved 253952K
}
Event: 247.278 GC heap before
{Heap before GC invocations=10 (full 0):
 garbage-first heap   total 262144K, used 155496K [0x00000000e0000000, 0x0000000100000000)
  region size 1024K, 113 young (115712K), 8 survivors (8192K)
 Metaspace       used 47217K, capacity 48512K, committed 48720K, reserved 296960K
  class space    used 5967K, capacity 6423K, committed 6528K, reserved 253952K
}
Event: 247.295 GC heap after
{Heap after GC invocations=11 (full 0):
 garbage-first heap   total 262144K, used 54238K [0x00000000e0000000, 0x0000000100000000)
  region size 1024K, 15 young (15360K), 15 survivors (15360K)
 Metaspace       used 47217K, capacity 48512K, committed 48720K, reserved 296960K
  class space    used 5967K, capacity 6423K, committed 6528K, reserved 253952K
}
Event: 259.224 GC heap before
{Heap before GC invocations=11 (full 0):
 garbage-first heap   total 262144K, used 169950K [0x00000000e0000000, 0x0000000100000000)
  region size 1024K, 128 young (131072K), 15 survivors (15360K)
 Metaspace       used 56486K, capacity 58101K, committed 58448K, reserved 305152K
  class space    used 7408K, capacity 7965K, committed 8064K, reserved 253952K
}
Event: 259.240 GC heap after
{Heap after GC invocations=12 (full 0):
 garbage-first heap   total 262144K, used 61191K [0x00000000e0000000, 0x0000000100000000)
  region size 1024K, 16 young (16384K), 16 survivors (16384K)
 Metaspace       used 56486K, capacity 58101K, committed 58448K, reserved 305152K
  class space    used 7408K, capacity 7965K, committed 8064K, reserved 253952K
}
Event: 260.026 GC heap before
{Heap before GC invocations=12 (full 0):
 garbage-first heap   total 262144K, used 93959K [0x00000000e0000000, 0x0000000100000000)
  region size 1024K, 49 young (50176K), 16 survivors (16384K)
 Metaspace       used 58572K, capacity 60353K, committed 60508K, reserved 307200K
  class space    used 7727K, capacity 8330K, committed 8332K, reserved 253952K
}
Event: 260.040 GC heap after
{Heap after GC invocations=13 (full 0):
 garbage-first heap   total 262144K, used 64065K [0x00000000e0000000, 0x0000000100000000)
  region size 1024K, 10 young (10240K), 10 survivors (10240K)
 Metaspace       used 58572K, capacity 60353K, committed 60508K, reserved 307200K
  class space    used 7727K, capacity 8330K, committed 8332K, reserved 253952K
}
Event: 270.802 GC heap before
{Heap before GC invocations=14 (full 0):
 garbage-first heap   total 262144K, used 185921K [0x00000000e0000000, 0x0000000100000000)
  region size 1024K, 129 young (132096K), 10 survivors (10240K)
 Metaspace       used 63939K, capacity 65927K, committed 66088K, reserved 311296K
  class space    used 8342K, capacity 9027K, committed 9100K, reserved 253952K
}
Event: 270.815 GC heap after
{Heap after GC invocations=15 (full 0):
 garbage-first heap   total 262144K, used 70656K [0x00000000e0000000, 0x0000000100000000)
  region size 1024K, 16 young (16384K), 16 survivors (16384K)
 Metaspace       used 63939K, capacity 65927K, committed 66088K, reserved 311296K
  class space    used 8342K, capacity 9027K, committed 9100K, reserved 253952K
}
Event: 274.052 GC heap before
{Heap before GC invocations=15 (full 0):
 garbage-first heap   total 262144K, used 203776K [0x00000000e0000000, 0x0000000100000000)
  region size 1024K, 146 young (149504K), 16 survivors (16384K)
 Metaspace       used 70087K, capacity 72373K, committed 72616K, reserved 317440K
  class space    used 9134K, capacity 9948K, committed 9996K, reserved 253952K
}
Event: 274.072 GC heap after
{Heap after GC invocations=16 (full 0):
 garbage-first heap   total 262144K, used 77484K [0x00000000e0000000, 0x0000000100000000)
  region size 1024K, 17 young (17408K), 17 survivors (17408K)
 Metaspace       used 70087K, capacity 72373K, committed 72616K, reserved 317440K
  class space    used 9134K, capacity 9948K, committed 9996K, reserved 253952K
}
Event: 1469.187 GC heap before
{Heap before GC invocations=16 (full 0):
 garbage-first heap   total 262144K, used 205484K [0x00000000e0000000, 0x0000000100000000)
  region size 1024K, 143 young (146432K), 17 survivors (17408K)
 Metaspace       used 76414K, capacity 78901K, committed 79016K, reserved 323584K
  class space    used 9915K, capacity 10746K, committed 10764K, reserved 253952K
}
Event: 1469.218 GC heap after
{Heap after GC invocations=17 (full 0):
 garbage-first heap   total 262144K, used 85329K [0x00000000e0000000, 0x0000000100000000)
  region size 1024K, 15 young (15360K), 15 survivors (15360K)
 Metaspace       used 76414K, capacity 78901K, committed 79016K, reserved 323584K
  class space    used 9915K, capacity 10746K, committed 10764K, reserved 253952K
}

Deoptimization events (20 events):
Event: 1470.989 Thread 0x0000024134d61000 DEOPT PACKING pc=0x00000241267b90a0 sp=0x00000088a65fd980
Event: 1470.989 Thread 0x0000024134d61000 DEOPT UNPACKING pc=0x000002411e71a1af sp=0x00000088a65fd830 mode 2
Event: 1471.115 Thread 0x0000024134d65000 Uncommon trap: trap_request=0xffffff4d fr.pc=0x00000241265af094 relative=0x00000000000002d4
Event: 1471.115 Thread 0x0000024134d65000 Uncommon trap: reason=unstable_if action=reinterpret pc=0x00000241265af094 method=com.esotericsoftware.kryo.io.Input.require(I)I @ 180 c2
Event: 1471.115 Thread 0x0000024134d65000 DEOPT PACKING pc=0x00000241265af094 sp=0x00000088a63fef10
Event: 1471.115 Thread 0x0000024134d65000 DEOPT UNPACKING pc=0x000002411e71a1af sp=0x00000088a63fee38 mode 2
Event: 1534.153 Thread 0x0000024134d62800 Uncommon trap: trap_request=0xffffffcc fr.pc=0x0000024126858780 relative=0x0000000000004b40
Event: 1534.153 Thread 0x0000024134d62800 Uncommon trap: reason=intrinsic_or_type_checked_inlining action=make_not_entrant pc=0x0000024126858780 method=java.util.ArrayList$SubList.toArray([Ljava/lang/Object;)[Ljava/lang/Object; @ 58 c2
Event: 1534.154 Thread 0x0000024134d62800 DEOPT PACKING pc=0x0000024126858780 sp=0x00000088a65f87d0
Event: 1534.154 Thread 0x0000024134d62800 DEOPT UNPACKING pc=0x000002411e71a1af sp=0x00000088a65f8788 mode 2
Event: 1534.677 Thread 0x0000024134d62800 DEOPT PACKING pc=0x000002411f54beeb sp=0x00000088a65f8fe0
Event: 1534.677 Thread 0x0000024134d62800 DEOPT UNPACKING pc=0x000002411e71a95e sp=0x00000088a65f8440 mode 0
Event: 1534.939 Thread 0x0000024134d62800 DEOPT PACKING pc=0x000002411fc52f3a sp=0x00000088a65f8e50
Event: 1534.939 Thread 0x0000024134d62800 DEOPT UNPACKING pc=0x000002411e71a95e sp=0x00000088a65f83b0 mode 0
Event: 1536.846 Thread 0x00000241357b1800 Uncommon trap: trap_request=0xffffff4d fr.pc=0x00000241264f787c relative=0x00000000000004bc
Event: 1536.846 Thread 0x00000241357b1800 Uncommon trap: reason=unstable_if action=reinterpret pc=0x00000241264f787c method=java.util.concurrent.ConcurrentLinkedQueue.poll()Ljava/lang/Object; @ 24 c2
Event: 1536.846 Thread 0x00000241357b1800 DEOPT PACKING pc=0x00000241264f787c sp=0x00000088a74fe3a0
Event: 1536.846 Thread 0x00000241357b1800 DEOPT UNPACKING pc=0x000002411e71a1af sp=0x00000088a74fe358 mode 2
Event: 1536.854 Thread 0x0000024134d62800 DEOPT PACKING pc=0x000002411f2d69f9 sp=0x00000088a65f8410
Event: 1536.854 Thread 0x0000024134d62800 DEOPT UNPACKING pc=0x000002411e71a95e sp=0x00000088a65f78d8 mode 0

Classes redefined (0 events):
No events

Internal exceptions (20 events):
Event: 1461.611 Thread 0x0000024134d61000 Exception <a 'java/lang/NoSuchMethodError'{0x00000000ec426228}: 'int java.lang.invoke.DirectMethodHandle$Holder.invokeStatic(java.lang.Object, int, java.lang.Object, java.lang.Object)'> (0x00000000ec426228) thrown at [src/hotspot/share/interpreter/linkResolver.cpp, line 779]
Event: 1462.915 Thread 0x0000024135658800 Exception <a 'sun/nio/fs/WindowsException'{0x00000000eded6568}> (0x00000000eded6568) thrown at [src/hotspot/share/prims/jni.cpp, line 617]
Event: 1463.293 Thread 0x0000024135658800 Exception <a 'sun/nio/fs/WindowsException'{0x00000000ebe9aa28}> (0x00000000ebe9aa28) thrown at [src/hotspot/share/prims/jni.cpp, line 617]
Event: 1463.294 Thread 0x0000024135658800 Exception <a 'sun/nio/fs/WindowsException'{0x00000000ebe9ac38}> (0x00000000ebe9ac38) thrown at [src/hotspot/share/prims/jni.cpp, line 617]
Event: 1463.340 Thread 0x0000024134d61000 Exception <a 'java/lang/ClassNotFoundException'{0x00000000ebd1aef8}: settings_92jy3zxc5dl25nue0rdzki93kBeanInfo> (0x00000000ebd1aef8) thrown at [src/hotspot/share/classfile/systemDictionary.cpp, line 231]
Event: 1463.340 Thread 0x0000024134d61000 Exception <a 'java/lang/ClassNotFoundException'{0x00000000ebd26d00}: settings_92jy3zxc5dl25nue0rdzki93kCustomizer> (0x00000000ebd26d00) thrown at [src/hotspot/share/classfile/systemDictionary.cpp, line 231]
Event: 1463.677 Thread 0x0000024134d61000 Exception <a 'java/lang/ClassNotFoundException'{0x00000000ebc4c750}: build_3ro4473w4inkvjv6ril5ksvkaBeanInfo> (0x00000000ebc4c750) thrown at [src/hotspot/share/classfile/systemDictionary.cpp, line 231]
Event: 1463.677 Thread 0x0000024134d61000 Exception <a 'java/lang/ClassNotFoundException'{0x00000000ebc57d10}: build_3ro4473w4inkvjv6ril5ksvkaCustomizer> (0x00000000ebc57d10) thrown at [src/hotspot/share/classfile/systemDictionary.cpp, line 231]
Event: 1464.258 Thread 0x0000024134d61000 Exception <a 'java/lang/NoClassDefFoundError'{0x00000000eb839538}: org/jetbrains/kotlin/gradle/plugin/KotlinPluginWrapper> (0x00000000eb839538) thrown at [src/hotspot/share/oops/constantPool.cpp, line 775]
Event: 1464.531 Thread 0x0000024134d61000 Exception <a 'java/lang/ClassNotFoundException'{0x00000000eb7da0a0}: build_3ro4473w4inkvjv6ril5ksvkaBeanInfo> (0x00000000eb7da0a0) thrown at [src/hotspot/share/classfile/systemDictionary.cpp, line 231]
Event: 1464.531 Thread 0x0000024134d61000 Exception <a 'java/lang/ClassNotFoundException'{0x00000000eb7e5600}: build_3ro4473w4inkvjv6ril5ksvkaCustomizer> (0x00000000eb7e5600) thrown at [src/hotspot/share/classfile/systemDictionary.cpp, line 231]
Event: 1534.564 Thread 0x0000024134d62800 Exception <a 'java/lang/ClassNotFoundException'{0x00000000ea8bde80}: sync_studio_tooling7_2u8928gvhol1jskj3rigf4msjBeanInfo> (0x00000000ea8bde80) thrown at [src/hotspot/share/classfile/systemDictionary.cpp, line 231]
Event: 1534.564 Thread 0x0000024134d62800 Exception <a 'java/lang/ClassNotFoundException'{0x00000000ea8cac20}: sync_studio_tooling7_2u8928gvhol1jskj3rigf4msjCustomizer> (0x00000000ea8cac20) thrown at [src/hotspot/share/classfile/systemDictionary.cpp, line 231]
Event: 1534.678 Thread 0x0000024134d62800 Exception <a 'java/lang/ClassNotFoundException'{0x00000000ea7b9880}: sync_studio_tooling7_2u8928gvhol1jskj3rigf4msjBeanInfo> (0x00000000ea7b9880) thrown at [src/hotspot/share/classfile/systemDictionary.cpp, line 231]
Event: 1534.678 Thread 0x0000024134d62800 Exception <a 'java/lang/ClassNotFoundException'{0x00000000ea7c6338}: sync_studio_tooling7_2u8928gvhol1jskj3rigf4msjCustomizer> (0x00000000ea7c6338) thrown at [src/hotspot/share/classfile/systemDictionary.cpp, line 231]
Event: 1535.953 Thread 0x0000024134d62800 Exception <a 'java/lang/ClassNotFoundException'{0x00000000ea40f3a0}: settings_detm4m2m6ihym3d513ypfbonzBeanInfo> (0x00000000ea40f3a0) thrown at [src/hotspot/share/classfile/systemDictionary.cpp, line 231]
Event: 1535.954 Thread 0x0000024134d62800 Exception <a 'java/lang/ClassNotFoundException'{0x00000000ea41b3f8}: settings_detm4m2m6ihym3d513ypfbonzCustomizer> (0x00000000ea41b3f8) thrown at [src/hotspot/share/classfile/systemDictionary.cpp, line 231]
Event: 1536.606 Thread 0x0000024134d62800 Exception <a 'java/lang/ClassNotFoundException'{0x00000000ea32f1a0}: build_b36m4lmu17kb0z4g33wcef1c0BeanInfo> (0x00000000ea32f1a0) thrown at [src/hotspot/share/classfile/systemDictionary.cpp, line 231]
Event: 1536.606 Thread 0x0000024134d62800 Exception <a 'java/lang/ClassNotFoundException'{0x00000000ea33a9a8}: build_b36m4lmu17kb0z4g33wcef1c0Customizer> (0x00000000ea33a9a8) thrown at [src/hotspot/share/classfile/systemDictionary.cpp, line 231]
Event: 1536.850 Thread 0x0000024134d62800 Exception <a 'java/lang/NoClassDefFoundError'{0x00000000ea08ff00}: org/jetbrains/kotlin/gradle/plugin/KotlinPluginWrapper> (0x00000000ea08ff00) thrown at [src/hotspot/share/oops/constantPool.cpp, line 775]

Events (20 events):
Event: 1536.836 Thread 0x000002413a23d000 Thread added: 0x000002413a23d000
Event: 1536.836 Thread 0x000002413a23e000 Thread added: 0x000002413a23e000
Event: 1536.836 Thread 0x000002413a23e800 Thread added: 0x000002413a23e800
Event: 1536.848 Executing VM operation: RevokeBias
Event: 1536.848 Executing VM operation: RevokeBias done
Event: 1536.849 Executing VM operation: RevokeBias
Event: 1536.849 Executing VM operation: RevokeBias done
Event: 1536.850 Executing VM operation: RevokeBias
Event: 1536.851 Executing VM operation: RevokeBias done
Event: 1536.851 Executing VM operation: RevokeBias
Event: 1536.851 Executing VM operation: RevokeBias done
Event: 1536.860 Executing VM operation: RevokeBias
Event: 1536.861 Executing VM operation: RevokeBias done
Event: 1536.864 Executing VM operation: RevokeBias
Event: 1536.864 Executing VM operation: RevokeBias done
Event: 1536.866 Thread 0x0000024134d86000 Thread added: 0x0000024134d86000
Event: 1536.868 Executing VM operation: RevokeBias
Event: 1536.868 Executing VM operation: RevokeBias done
Event: 1536.868 Executing VM operation: RevokeBias
Event: 1536.868 Executing VM operation: RevokeBias done


Dynamic libraries:
0x00007ff6dc810000 - 0x00007ff6dc81a000 	C:\Users\mirza\.jdks\jbr-11.0.14.1\bin\java.exe
0x00007ffedff30000 - 0x00007ffee0125000 	C:\WINDOWS\SYSTEM32\ntdll.dll
0x00007ffedf480000 - 0x00007ffedf53e000 	C:\WINDOWS\System32\KERNEL32.DLL
0x00007ffedd650000 - 0x00007ffedd918000 	C:\WINDOWS\System32\KERNELBASE.dll
0x00007ffedd920000 - 0x00007ffedda20000 	C:\WINDOWS\System32\ucrtbase.dll
0x00007ffed5d00000 - 0x00007ffed5d16000 	C:\Users\mirza\.jdks\jbr-11.0.14.1\bin\VCRUNTIME140.dll
0x00007ffed5d20000 - 0x00007ffed5d39000 	C:\Users\mirza\.jdks\jbr-11.0.14.1\bin\jli.dll
0x00007ffedf280000 - 0x00007ffedf420000 	C:\WINDOWS\System32\USER32.dll
0x00007ffecaa50000 - 0x00007ffecacea000 	C:\WINDOWS\WinSxS\amd64_microsoft.windows.common-controls_6595b64144ccf1df_6.0.19041.1110_none_60b5254171f9507e\COMCTL32.dll
0x00007ffedda70000 - 0x00007ffedda92000 	C:\WINDOWS\System32\win32u.dll
0x00007ffedf5a0000 - 0x00007ffedf63e000 	C:\WINDOWS\System32\msvcrt.dll
0x00007ffeddf90000 - 0x00007ffeddfba000 	C:\WINDOWS\System32\GDI32.dll
0x00007ffeddd80000 - 0x00007ffedde8b000 	C:\WINDOWS\System32\gdi32full.dll
0x00007ffeddce0000 - 0x00007ffeddd7d000 	C:\WINDOWS\System32\msvcp_win.dll
0x00007ffedeff0000 - 0x00007ffedf020000 	C:\WINDOWS\System32\IMM32.DLL
0x00007ffed5c50000 - 0x00007ffed5cfa000 	C:\Users\mirza\.jdks\jbr-11.0.14.1\bin\msvcp140.dll
0x00007ffeb6360000 - 0x00007ffeb6eea000 	C:\Users\mirza\.jdks\jbr-11.0.14.1\bin\server\jvm.dll
0x00007ffedfcf0000 - 0x00007ffedfd9e000 	C:\WINDOWS\System32\ADVAPI32.dll
0x00007ffedfe50000 - 0x00007ffedfeec000 	C:\WINDOWS\System32\sechost.dll
0x00007ffedf0d0000 - 0x00007ffedf1f5000 	C:\WINDOWS\System32\RPCRT4.dll
0x00007ffede390000 - 0x00007ffede398000 	C:\WINDOWS\System32\PSAPI.DLL
0x00007ffecbd30000 - 0x00007ffecbd39000 	C:\WINDOWS\SYSTEM32\WSOCK32.dll
0x00007ffed06d0000 - 0x00007ffed06f7000 	C:\WINDOWS\SYSTEM32\WINMM.dll
0x00007ffed08a0000 - 0x00007ffed08aa000 	C:\WINDOWS\SYSTEM32\VERSION.dll
0x00007ffedfb50000 - 0x00007ffedfbbb000 	C:\WINDOWS\System32\WS2_32.dll
0x00007ffedb570000 - 0x00007ffedb582000 	C:\WINDOWS\SYSTEM32\kernel.appcore.dll
0x00007ffed5970000 - 0x00007ffed5981000 	C:\Users\mirza\.jdks\jbr-11.0.14.1\bin\verify.dll
0x00007ffec8840000 - 0x00007ffec8a24000 	C:\WINDOWS\SYSTEM32\DBGHELP.DLL
0x00007ffec8810000 - 0x00007ffec883c000 	C:\WINDOWS\SYSTEM32\dbgcore.DLL
0x00007ffeddf00000 - 0x00007ffeddf82000 	C:\WINDOWS\System32\bcryptPrimitives.dll
0x00007ffed2bb0000 - 0x00007ffed2bd9000 	C:\Users\mirza\.jdks\jbr-11.0.14.1\bin\java.dll
0x00007ffed6540000 - 0x00007ffed654b000 	C:\Users\mirza\.jdks\jbr-11.0.14.1\bin\jimage.dll
0x00007ffed58f0000 - 0x00007ffed5909000 	C:\Users\mirza\.jdks\jbr-11.0.14.1\bin\zip.dll
0x00007ffede810000 - 0x00007ffedef54000 	C:\WINDOWS\System32\SHELL32.dll
0x00007ffedb770000 - 0x00007ffedbf04000 	C:\WINDOWS\SYSTEM32\windows.storage.dll
0x00007ffede030000 - 0x00007ffede384000 	C:\WINDOWS\System32\combase.dll
0x00007ffedcff0000 - 0x00007ffedd01c000 	C:\WINDOWS\SYSTEM32\Wldp.dll
0x00007ffedf020000 - 0x00007ffedf0cd000 	C:\WINDOWS\System32\SHCORE.dll
0x00007ffedf540000 - 0x00007ffedf595000 	C:\WINDOWS\System32\shlwapi.dll
0x00007ffedd590000 - 0x00007ffedd5af000 	C:\WINDOWS\SYSTEM32\profapi.dll
0x00007ffed2c10000 - 0x00007ffed2c2a000 	C:\Users\mirza\.jdks\jbr-11.0.14.1\bin\net.dll
0x00007ffed4470000 - 0x00007ffed457a000 	C:\WINDOWS\SYSTEM32\WINHTTP.dll
0x00007ffedcd50000 - 0x00007ffedcdba000 	C:\WINDOWS\system32\mswsock.dll
0x00007ffed2ae0000 - 0x00007ffed2af4000 	C:\Users\mirza\.jdks\jbr-11.0.14.1\bin\nio.dll
0x00007ffed58b0000 - 0x00007ffed58d7000 	C:\Users\mirza\.gradle\native\e1d6ef7f7dcc3fd88c89a11ec53ec762bb8ba0a96d01ffa2cd45eb1d1d8dd5c5\windows-amd64\native-platform.dll
0x00007ffeb5ae0000 - 0x00007ffeb5c24000 	C:\Users\mirza\.gradle\native\0d407fdbe67a94daf76414ababcb853783967236a71b16ec16e742cd7a986fd3\windows-amd64\native-platform-file-events.dll
0x00007ffed5af0000 - 0x00007ffed5afa000 	C:\Users\mirza\.jdks\jbr-11.0.14.1\bin\management.dll
0x00007ffed5880000 - 0x00007ffed588d000 	C:\Users\mirza\.jdks\jbr-11.0.14.1\bin\management_ext.dll
0x00007ffedcf50000 - 0x00007ffedcf68000 	C:\WINDOWS\SYSTEM32\CRYPTSP.dll
0x00007ffedc6d0000 - 0x00007ffedc704000 	C:\WINDOWS\system32\rsaenh.dll
0x00007ffeddcb0000 - 0x00007ffeddcd7000 	C:\WINDOWS\System32\bcrypt.dll
0x00007ffedd4e0000 - 0x00007ffedd50e000 	C:\WINDOWS\SYSTEM32\USERENV.dll
0x00007ffedcf40000 - 0x00007ffedcf4c000 	C:\WINDOWS\SYSTEM32\CRYPTBASE.dll
0x00007ffedca40000 - 0x00007ffedca7b000 	C:\WINDOWS\SYSTEM32\IPHLPAPI.DLL
0x00007ffede020000 - 0x00007ffede028000 	C:\WINDOWS\System32\NSI.dll
0x00007ffed5f20000 - 0x00007ffed5f37000 	C:\WINDOWS\SYSTEM32\dhcpcsvc6.DLL
0x00007ffed5ff0000 - 0x00007ffed600d000 	C:\WINDOWS\SYSTEM32\dhcpcsvc.DLL
0x00007ffedca80000 - 0x00007ffedcb4b000 	C:\WINDOWS\SYSTEM32\DNSAPI.dll

dbghelp: loaded successfully - version: 4.0.5 - missing functions: none
symbol engine: initialized successfully - sym options: 0x614 - pdb path: .;C:\Users\mirza\.jdks\jbr-11.0.14.1\bin;C:\WINDOWS\SYSTEM32;C:\WINDOWS\WinSxS\amd64_microsoft.windows.common-controls_6595b64144ccf1df_6.0.19041.1110_none_60b5254171f9507e;C:\Users\mirza\.jdks\jbr-11.0.14.1\bin\server;C:\Users\mirza\.gradle\native\e1d6ef7f7dcc3fd88c89a11ec53ec762bb8ba0a96d01ffa2cd45eb1d1d8dd5c5\windows-amd64;C:\Users\mirza\.gradle\native\0d407fdbe67a94daf76414ababcb853783967236a71b16ec16e742cd7a986fd3\windows-amd64

VM Arguments:
jvm_args: -XX:MaxMetaspaceSize=256m -XX:+HeapDumpOnOutOfMemoryError --add-opens=java.base/java.util=ALL-UNNAMED --add-opens=java.base/java.lang=ALL-UNNAMED --add-opens=java.base/java.lang.invoke=ALL-UNNAMED --add-opens=java.base/java.util=ALL-UNNAMED --add-opens=java.prefs/java.util.prefs=ALL-UNNAMED --add-opens=java.prefs/java.util.prefs=ALL-UNNAMED --add-opens=java.base/java.nio.charset=ALL-UNNAMED --add-opens=java.base/java.net=ALL-UNNAMED --add-opens=java.base/java.util.concurrent.atomic=ALL-UNNAMED -Xms256m -Xmx512m -Dfile.encoding=windows-1251 -Duser.country=RU -Duser.language=ru -Duser.variant 
java_command: org.gradle.launcher.daemon.bootstrap.GradleDaemon 7.4.1
java_class_path (initial): C:\Users\mirza\.gradle\wrapper\dists\gradle-7.4.1-bin\58kw26xllvsiedyf3nujyarhn\gradle-7.4.1\lib\gradle-launcher-7.4.1.jar
Launcher Type: SUN_STANDARD

[Global flags]
     intx CICompilerCount                          = 4                                         {product} {ergonomic}
   size_t CompressedClassSpaceSize                 = 260046848                                 {product} {ergonomic}
     uint ConcGCThreads                            = 2                                         {product} {ergonomic}
     uint G1ConcRefinementThreads                  = 8                                         {product} {ergonomic}
   size_t G1HeapRegionSize                         = 1048576                                   {product} {ergonomic}
    uintx GCDrainStackTargetSize                   = 64                                        {product} {ergonomic}
     bool HeapDumpOnOutOfMemoryError               = true                                   {manageable} {command line}
   size_t InitialHeapSize                          = 268435456                                 {product} {command line}
   size_t MarkStackSize                            = 4194304                                   {product} {ergonomic}
   size_t MaxHeapSize                              = 536870912                                 {product} {command line}
   size_t MaxMetaspaceSize                         = 268435456                                 {product} {command line}
   size_t MaxNewSize                               = 321912832                                 {product} {ergonomic}
   size_t MinHeapDeltaBytes                        = 1048576                                   {product} {ergonomic}
    uintx NonNMethodCodeHeapSize                   = 5836300                                {pd product} {ergonomic}
    uintx NonProfiledCodeHeapSize                  = 122910970                              {pd product} {ergonomic}
    uintx ProfiledCodeHeapSize                     = 122910970                              {pd product} {ergonomic}
    uintx ReservedCodeCacheSize                    = 251658240                              {pd product} {ergonomic}
     bool SegmentedCodeCache                       = true                                      {product} {ergonomic}
     bool UseCompressedClassPointers               = true                                 {lp64_product} {ergonomic}
     bool UseCompressedOops                        = true                                 {lp64_product} {ergonomic}
     bool UseG1GC                                  = true                                      {product} {ergonomic}
     bool UseLargePagesIndividualAllocation        = false                                  {pd product} {ergonomic}

Logging:
Log output configuration:
 #0: stdout all=warning uptime,level,tags
 #1: stderr all=off uptime,level,tags

Environment Variables:
JAVA_HOME=C:\Program Files\Java\jdk-9.0.1
PATH=C:\Program Files\Common Files\Oracle\Java\javapath;C:\ProgramData\Oracle\Java\javapath;C:\WINDOWS\system32;C:\WINDOWS;C:\WINDOWS\System32\Wbem;C:\WINDOWS\System32\WindowsPowerShell\v1.0\;C:\Program Files (x86)\ATI Technologies\ATI.ACE\Core-Static;C:\WINDOWS\System32\OpenSSH\;C:\Program Files (x86)\AMD\ATI.ACE\Core-Static;C:\Program Files\Java\jdk1.7.0_80\bin;C:\Program Files\Git\cmd;C:\Users\mirza\UnpackedMaven\apache-maven-3.6.3\bin;C:\Users\mirza\AppData\Local\Microsoft\WindowsApps;;C:\Program Files\JetBrains\DataGrip 2020.1.2\bin;;C:\Program Files\heroku\bin
USERNAME=mirza
OS=Windows_NT
PROCESSOR_IDENTIFIER=Intel64 Family 6 Model 58 Stepping 9, GenuineIntel



---------------  S Y S T E M  ---------------

OS: Windows 10 , 64 bit Build 19041 (10.0.19041.1645)
OS uptime: 0 days 22:56 hours

CPU:total 8 (initial active 8) (4 cores per cpu, 2 threads per core) family 6 model 58 stepping 9 microcode 0x21, cmov, cx8, fxsr, mmx, sse, sse2, sse3, ssse3, sse4.1, sse4.2, popcnt, avx, aes, clmul, erms, ht, tsc, tscinvbit, tscinv

Memory: 4k page, system-wide physical 6103M (2993M free)
TotalPageFile size 9103M (AvailPageFile size 3086M)
current process WorkingSet (physical memory assigned to process): 386M, peak: 425M
current process commit charge ("private bytes"): 548M, peak: 548M

vm_info: Dynamic Code Evolution 64-Bit Server VM (11.0.14.1+1-b2043.25) for windows-amd64 JRE (11.0.14.1+1-b2043.25), built on Mar 30 2022 04:28:40 by "" with MS VC++ 14.0 (VS2015)

END.
