#
# There is insufficient memory for the Java Runtime Environment to continue.
# Native memory allocation (malloc) failed to allocate 32744 bytes for ChunkPool::allocate
# Possible reasons:
#   The system is out of physical RAM or swap space
#   The process is running with CompressedOops enabled, and the Java Heap may be blocking the growth of the native heap
# Possible solutions:
#   Reduce memory load on the system
#   Increase physical memory or swap space
#   Check if swap backing store is full
#   Decrease Java heap size (-Xmx/-Xms)
#   Decrease number of Java threads
#   Decrease Java thread stack sizes (-Xss)
#   Set larger code cache with -XX:ReservedCodeCacheSize=
#   JVM is running with Unscaled Compressed Oops mode in which the Java heap is
#     placed in the first 4GB address space. The Java Heap base address is the
#     maximum limit for the native heap growth. Please use -XX:HeapBaseMinAddress
#     to set the Java Heap base and to place the Java Heap above 4GB virtual address.
# This output file may be truncated or incomplete.
#
#  Out of Memory Error (src/hotspot/share/memory/arena.cpp:81), pid=17816, tid=7676
#
# JRE version: OpenJDK Runtime Environment JBR-11.0.14.1.1-2043.25-dcevm (11.0.14.1+1) (build 11.0.14.1+1-b2043.25)
# Java VM: Dynamic Code Evolution 64-Bit Server VM JBR-11.0.14.1.1-2043.25-dcevm (11.0.14.1+1-b2043.25, mixed mode, tiered, compressed oops, g1 gc, windows-amd64)
# No core dump will be written. Minidumps are not enabled by default on client versions of Windows
#

---------------  S U M M A R Y ------------

Command Line: -XX:MaxMetaspaceSize=256m -XX:+HeapDumpOnOutOfMemoryError --add-opens=java.base/java.util=ALL-UNNAMED --add-opens=java.base/java.lang=ALL-UNNAMED --add-opens=java.base/java.lang.invoke=ALL-UNNAMED --add-opens=java.base/java.util=ALL-UNNAMED --add-opens=java.prefs/java.util.prefs=ALL-UNNAMED --add-opens=java.prefs/java.util.prefs=ALL-UNNAMED --add-opens=java.base/java.nio.charset=ALL-UNNAMED --add-opens=java.base/java.net=ALL-UNNAMED --add-opens=java.base/java.util.concurrent.atomic=ALL-UNNAMED -Xms256m -Xmx512m -Dfile.encoding=windows-1251 -Duser.country=RU -Duser.language=ru -Duser.variant org.gradle.launcher.daemon.bootstrap.GradleDaemon 7.4.1

Host: Intel(R) Core(TM) i7-3630QM CPU @ 2.40GHz, 8 cores, 5G,  Windows 10 , 64 bit Build 19041 (10.0.19041.1645)
Time: Mon May 16 16:53:40 2022 Азербайджанское время (зима) elapsed time: 128.485811 seconds (0d 0h 2m 8s)

---------------  T H R E A D  ---------------

Current thread (0x0000020cbc49c000):  JavaThread "C2 CompilerThread0" daemon [_thread_in_native, id=7676, stack(0x0000001626b00000,0x0000001626c00000)]


Current CompileTask:
C2: 128485 3155       4       java.util.AbstractCollection::addAll (42 bytes)

Stack: [0x0000001626b00000,0x0000001626c00000]
Native frames: (J=compiled Java code, j=interpreted, Vv=VM code, C=native code)
V  [jvm.dll+0x621b3a]  os::platform_print_native_stack+0xca  (os_windows_x86.cpp:370)
V  [jvm.dll+0x7a8cf0]  VMError::report+0xa90  (vmerror.cpp:711)
V  [jvm.dll+0x7aa30d]  VMError::report_and_die+0x66d  (vmerror.cpp:1527)
V  [jvm.dll+0x7aa9e3]  VMError::report_and_die+0x43  (vmerror.cpp:1305)
V  [jvm.dll+0x2512c8]  report_vm_out_of_memory+0x68  (debug.cpp:283)
V  [jvm.dll+0xc181b]  ChunkPool::allocate+0x10b  (arena.cpp:81)
V  [jvm.dll+0xc1acc]  Arena::grow+0x3c  (arena.cpp:358)
V  [jvm.dll+0x5fe476]  Node::Init+0xa6  (node.cpp:301)
V  [jvm.dll+0x5fdd6e]  Node::Node+0x1e  (node.cpp:321)
V  [jvm.dll+0x5bdb2a]  MergeMemNode::MergeMemNode+0x1a  (memnode.cpp:4529)
V  [jvm.dll+0x3652fc]  IdealKit::copy_cvstate+0xac  (idealkit.cpp:323)
V  [jvm.dll+0x365d6b]  IdealKit::if_then+0xfb  (idealkit.cpp:93)
V  [jvm.dll+0x2e070d]  G1BarrierSetC2::post_barrier+0x5fd  (g1barriersetc2.cpp:471)
V  [jvm.dll+0x5e7981]  ModRefBarrierSetC2::store_at_resolved+0x141  (modrefbarriersetc2.cpp:55)
V  [jvm.dll+0x10bd1c]  BarrierSetC2::store_at+0x3c  (barriersetc2.cpp:238)
V  [jvm.dll+0x344759]  GraphKit::access_store_at+0x129  (graphkit.cpp:1609)
V  [jvm.dll+0x643bec]  Parse::do_put_xxx+0x17c  (parse3.cpp:265)
V  [jvm.dll+0x642dd7]  Parse::do_field_access+0x197  (parse3.cpp:130)
V  [jvm.dll+0x63ddbc]  Parse::do_one_bytecode+0xd1c  (parse2.cpp:2228)
V  [jvm.dll+0x63789a]  Parse::do_one_block+0x16a  (parse1.cpp:1532)
V  [jvm.dll+0x636f53]  Parse::do_all_blocks+0x2d3  (parse1.cpp:707)
V  [jvm.dll+0x634fab]  Parse::Parse+0x54b  (parse1.cpp:613)
V  [jvm.dll+0x18e34c]  ParseGenerator::generate+0x7c  (callgenerator.cpp:101)
V  [jvm.dll+0x2c5aaf]  Parse::do_call+0x46f  (docall.cpp:593)
V  [jvm.dll+0x63fb15]  Parse::do_one_bytecode+0x2a75  (parse2.cpp:2805)
V  [jvm.dll+0x63789a]  Parse::do_one_block+0x16a  (parse1.cpp:1532)
V  [jvm.dll+0x636f53]  Parse::do_all_blocks+0x2d3  (parse1.cpp:707)
V  [jvm.dll+0x634fab]  Parse::Parse+0x54b  (parse1.cpp:613)
V  [jvm.dll+0x18e34c]  ParseGenerator::generate+0x7c  (callgenerator.cpp:101)
V  [jvm.dll+0x2c5aaf]  Parse::do_call+0x46f  (docall.cpp:593)
V  [jvm.dll+0x63fb15]  Parse::do_one_bytecode+0x2a75  (parse2.cpp:2805)
V  [jvm.dll+0x63789a]  Parse::do_one_block+0x16a  (parse1.cpp:1532)
V  [jvm.dll+0x636f53]  Parse::do_all_blocks+0x2d3  (parse1.cpp:707)
V  [jvm.dll+0x634fab]  Parse::Parse+0x54b  (parse1.cpp:613)
V  [jvm.dll+0x18e34c]  ParseGenerator::generate+0x7c  (callgenerator.cpp:101)
V  [jvm.dll+0x2c5aaf]  Parse::do_call+0x46f  (docall.cpp:593)
V  [jvm.dll+0x63fb15]  Parse::do_one_bytecode+0x2a75  (parse2.cpp:2805)
V  [jvm.dll+0x63789a]  Parse::do_one_block+0x16a  (parse1.cpp:1532)
V  [jvm.dll+0x636f53]  Parse::do_all_blocks+0x2d3  (parse1.cpp:707)
V  [jvm.dll+0x634fab]  Parse::Parse+0x54b  (parse1.cpp:613)
V  [jvm.dll+0x18e34c]  ParseGenerator::generate+0x7c  (callgenerator.cpp:101)
V  [jvm.dll+0x18f099]  PredictedCallGenerator::generate+0x269  (callgenerator.cpp:734)
V  [jvm.dll+0x18efde]  PredictedCallGenerator::generate+0x1ae  (callgenerator.cpp:713)
V  [jvm.dll+0x2c5aaf]  Parse::do_call+0x46f  (docall.cpp:593)
V  [jvm.dll+0x63fb15]  Parse::do_one_bytecode+0x2a75  (parse2.cpp:2805)
V  [jvm.dll+0x63789a]  Parse::do_one_block+0x16a  (parse1.cpp:1532)
V  [jvm.dll+0x636f53]  Parse::do_all_blocks+0x2d3  (parse1.cpp:707)
V  [jvm.dll+0x634fab]  Parse::Parse+0x54b  (parse1.cpp:613)
V  [jvm.dll+0x18e34c]  ParseGenerator::generate+0x7c  (callgenerator.cpp:101)
V  [jvm.dll+0x18f099]  PredictedCallGenerator::generate+0x269  (callgenerator.cpp:734)
V  [jvm.dll+0x2c5aaf]  Parse::do_call+0x46f  (docall.cpp:593)
V  [jvm.dll+0x63fb15]  Parse::do_one_bytecode+0x2a75  (parse2.cpp:2805)
V  [jvm.dll+0x63789a]  Parse::do_one_block+0x16a  (parse1.cpp:1532)
V  [jvm.dll+0x636f53]  Parse::do_all_blocks+0x2d3  (parse1.cpp:707)
V  [jvm.dll+0x634fab]  Parse::Parse+0x54b  (parse1.cpp:613)
V  [jvm.dll+0x18e34c]  ParseGenerator::generate+0x7c  (callgenerator.cpp:101)
V  [jvm.dll+0x207fd5]  Compile::Compile+0x7a5  (compile.cpp:817)
V  [jvm.dll+0x18bba1]  C2Compiler::compile_method+0xe1  (c2compiler.cpp:117)
V  [jvm.dll+0x217075]  CompileBroker::invoke_compiler_on_method+0x595  (compilebroker.cpp:2214)
V  [jvm.dll+0x215866]  CompileBroker::compiler_thread_loop+0x2a6  (compilebroker.cpp:1888)
V  [jvm.dll+0x76f8af]  JavaThread::thread_main_inner+0xaf  (thread.cpp:1869)
V  [jvm.dll+0x7684b5]  Thread::call_run+0x95  (thread.cpp:396)
V  [jvm.dll+0x6207b6]  thread_native_entry+0xd6  (os_windows.cpp:503)
C  [ucrtbase.dll+0x21bb2]
C  [KERNEL32.DLL+0x17034]
C  [ntdll.dll+0x52651]


---------------  P R O C E S S  ---------------

Threads class SMR info:
_java_thread_list=0x0000020cbf059e50, length=40, elements={
0x0000020c9da5c800, 0x0000020cbbb08000, 0x0000020cbbb11000, 0x0000020cbbb24000,
0x0000020cbc498000, 0x0000020cbc499000, 0x0000020cbc49c000, 0x0000020cbbb2d000,
0x0000020cbc4a8800, 0x0000020cbc629800, 0x0000020cbe420800, 0x0000020cbcf44800,
0x0000020cbe897800, 0x0000020cbdaf6800, 0x0000020cbd47f000, 0x0000020cbd6c1000,
0x0000020cbd6c5800, 0x0000020cbd6c6800, 0x0000020cbdfdd800, 0x0000020cbd863000,
0x0000020cbd866800, 0x0000020cbd867800, 0x0000020cbd869000, 0x0000020cbd868000,
0x0000020cbd864000, 0x0000020cbd869800, 0x0000020cbd865000, 0x0000020cbd865800,
0x0000020cbe817800, 0x0000020cbe818000, 0x0000020cbe81b800, 0x0000020cbe81a000,
0x0000020cbe819000, 0x0000020cbe81a800, 0x0000020cbe81c000, 0x0000020cbe816800,
0x0000020cbe822000, 0x0000020cbe823000, 0x0000020cbe81f800, 0x0000020cc097d800
}

Java Threads: ( => current thread )
  0x0000020c9da5c800 JavaThread "main" [_thread_blocked, id=9316, stack(0x0000001625f00000,0x0000001626000000)]
  0x0000020cbbb08000 JavaThread "Reference Handler" daemon [_thread_blocked, id=12012, stack(0x0000001626600000,0x0000001626700000)]
  0x0000020cbbb11000 JavaThread "Finalizer" daemon [_thread_blocked, id=8436, stack(0x0000001626700000,0x0000001626800000)]
  0x0000020cbbb24000 JavaThread "Signal Dispatcher" daemon [_thread_blocked, id=9236, stack(0x0000001626800000,0x0000001626900000)]
  0x0000020cbc498000 JavaThread "Attach Listener" daemon [_thread_blocked, id=9120, stack(0x0000001626900000,0x0000001626a00000)]
  0x0000020cbc499000 JavaThread "Service Thread" daemon [_thread_blocked, id=12864, stack(0x0000001626a00000,0x0000001626b00000)]
=>0x0000020cbc49c000 JavaThread "C2 CompilerThread0" daemon [_thread_in_native, id=7676, stack(0x0000001626b00000,0x0000001626c00000)]
  0x0000020cbbb2d000 JavaThread "C1 CompilerThread0" daemon [_thread_blocked, id=2132, stack(0x0000001626c00000,0x0000001626d00000)]
  0x0000020cbc4a8800 JavaThread "Sweeper thread" daemon [_thread_blocked, id=6792, stack(0x0000001626d00000,0x0000001626e00000)]
  0x0000020cbc629800 JavaThread "Common-Cleaner" daemon [_thread_blocked, id=10516, stack(0x0000001626e00000,0x0000001626f00000)]
  0x0000020cbe420800 JavaThread "Daemon health stats" [_thread_blocked, id=13840, stack(0x0000001625c00000,0x0000001625d00000)]
  0x0000020cbcf44800 JavaThread "Incoming local TCP Connector on port 54583" [_thread_in_native, id=8632, stack(0x0000001625e00000,0x0000001625f00000)]
  0x0000020cbe897800 JavaThread "Daemon periodic checks" [_thread_blocked, id=1032, stack(0x0000001627500000,0x0000001627600000)]
  0x0000020cbdaf6800 JavaThread "Daemon" [_thread_blocked, id=6100, stack(0x0000001627600000,0x0000001627700000)]
  0x0000020cbd47f000 JavaThread "Handler for socket connection from /127.0.0.1:54583 to /127.0.0.1:54584" [_thread_in_native, id=8784, stack(0x0000001627700000,0x0000001627800000)]
  0x0000020cbd6c1000 JavaThread "Cancel handler" [_thread_blocked, id=14732, stack(0x0000001627800000,0x0000001627900000)]
  0x0000020cbd6c5800 JavaThread "Daemon worker" [_thread_in_native, id=84, stack(0x0000001627900000,0x0000001627a00000)]
  0x0000020cbd6c6800 JavaThread "Asynchronous log dispatcher for DefaultDaemonConnection: socket connection from /127.0.0.1:54583 to /127.0.0.1:54584" [_thread_blocked, id=9044, stack(0x0000001627a00000,0x0000001627b00000)]
  0x0000020cbdfdd800 JavaThread "Daemon client event forwarder" [_thread_blocked, id=11184, stack(0x0000001627c00000,0x0000001627d00000)]
  0x0000020cbd863000 JavaThread "Cache worker for journal cache (C:\Users\mirza\.gradle\caches\journal-1)" [_thread_blocked, id=8928, stack(0x0000001628000000,0x0000001628100000)]
  0x0000020cbd866800 JavaThread "File lock request listener" [_thread_in_native, id=6604, stack(0x0000001628100000,0x0000001628200000)]
  0x0000020cbd867800 JavaThread "Cache worker for file hash cache (C:\Users\mirza\.gradle\caches\7.4.1\fileHashes)" [_thread_blocked, id=2032, stack(0x0000001628200000,0x0000001628300000)]
  0x0000020cbd869000 JavaThread "File watcher server" daemon [_thread_in_native, id=12780, stack(0x0000001628300000,0x0000001628400000)]
  0x0000020cbd868000 JavaThread "File watcher consumer" daemon [_thread_blocked, id=6836, stack(0x0000001628400000,0x0000001628500000)]
  0x0000020cbd864000 JavaThread "jar transforms" [_thread_blocked, id=14708, stack(0x0000001628500000,0x0000001628600000)]
  0x0000020cbd869800 JavaThread "jar transforms Thread 2" [_thread_blocked, id=5312, stack(0x0000001628600000,0x0000001628700000)]
  0x0000020cbd865000 JavaThread "jar transforms Thread 3" [_thread_blocked, id=7580, stack(0x0000001628700000,0x0000001628800000)]
  0x0000020cbd865800 JavaThread "jar transforms Thread 4" [_thread_blocked, id=2924, stack(0x0000001628800000,0x0000001628900000)]
  0x0000020cbe817800 JavaThread "jar transforms Thread 5" [_thread_blocked, id=16940, stack(0x0000001628900000,0x0000001628a00000)]
  0x0000020cbe818000 JavaThread "jar transforms Thread 6" [_thread_blocked, id=14380, stack(0x0000001628a00000,0x0000001628b00000)]
  0x0000020cbe81b800 JavaThread "jar transforms Thread 7" [_thread_blocked, id=11548, stack(0x0000001628b00000,0x0000001628c00000)]
  0x0000020cbe81a000 JavaThread "jar transforms Thread 8" [_thread_blocked, id=696, stack(0x0000001628c00000,0x0000001628d00000)]
  0x0000020cbe819000 JavaThread "File lock release action executor" [_thread_blocked, id=15784, stack(0x0000001628d00000,0x0000001628e00000)]
  0x0000020cbe81a800 JavaThread "Cache worker for checksums cache (C:\Users\mirza\Desktop\parcel-delivery\ms-authentication\.gradle\7.4.1\checksums)" [_thread_blocked, id=3448, stack(0x0000001629000000,0x0000001629100000)]
  0x0000020cbe81c000 JavaThread "Cache worker for cache directory md-rule (C:\Users\mirza\.gradle\caches\7.4.1\md-rule)" [_thread_blocked, id=15844, stack(0x0000001629100000,0x0000001629200000)]
  0x0000020cbe816800 JavaThread "Cache worker for file hash cache (C:\Users\mirza\Desktop\parcel-delivery\ms-authentication\.gradle\7.4.1\fileHashes)" [_thread_blocked, id=10768, stack(0x0000001629200000,0x0000001629300000)]
  0x0000020cbe822000 JavaThread "Cache worker for cache directory md-supplier (C:\Users\mirza\.gradle\caches\7.4.1\md-supplier)" [_thread_blocked, id=8296, stack(0x0000001629300000,0x0000001629400000)]
  0x0000020cbe823000 JavaThread "Cache worker for execution history cache (C:\Users\mirza\.gradle\caches\7.4.1\executionHistory)" [_thread_blocked, id=17592, stack(0x0000001629400000,0x0000001629500000)]
  0x0000020cbe81f800 JavaThread "Cache worker for file content cache (C:\Users\mirza\.gradle\caches\7.4.1\fileContent)" [_thread_blocked, id=13980, stack(0x0000001629500000,0x0000001629600000)]
  0x0000020cc097d800 JavaThread "C2 CompilerThread1" daemon [_thread_in_native, id=18000, stack(0x0000001625d00000,0x0000001625e00000)]

Other Threads:
  0x0000020cbbae1000 VMThread "VM Thread" [stack: 0x0000001626500000,0x0000001626600000] [id=8840]
  0x0000020cbc619800 WatcherThread [stack: 0x0000001626f00000,0x0000001627000000] [id=12480]
  0x0000020c9da76800 GCTaskThread "GC Thread#0" [stack: 0x0000001626000000,0x0000001626100000] [id=9072]
  0x0000020cbc787800 GCTaskThread "GC Thread#1" [stack: 0x0000001627000000,0x0000001627100000] [id=11804]
  0x0000020cbced8800 GCTaskThread "GC Thread#2" [stack: 0x0000001627100000,0x0000001627200000] [id=18396]
  0x0000020cbc953800 GCTaskThread "GC Thread#3" [stack: 0x0000001627200000,0x0000001627300000] [id=11244]
  0x0000020cbc954000 GCTaskThread "GC Thread#4" [stack: 0x0000001627300000,0x0000001627400000] [id=8212]
  0x0000020cbc7af000 GCTaskThread "GC Thread#5" [stack: 0x0000001627400000,0x0000001627500000] [id=6964]
  0x0000020cbd48c000 GCTaskThread "GC Thread#6" [stack: 0x0000001627d00000,0x0000001627e00000] [id=17456]
  0x0000020cbd6af800 GCTaskThread "GC Thread#7" [stack: 0x0000001627e00000,0x0000001627f00000] [id=14348]
  0x0000020c9da88000 ConcurrentGCThread "G1 Main Marker" [stack: 0x0000001626100000,0x0000001626200000] [id=7584]
  0x0000020c9da89800 ConcurrentGCThread "G1 Conc#0" [stack: 0x0000001626200000,0x0000001626300000] [id=14384]
  0x0000020cbd6de800 ConcurrentGCThread "G1 Conc#1" [stack: 0x0000001627f00000,0x0000001628000000] [id=15532]
  0x0000020cbb978800 ConcurrentGCThread "G1 Refine#0" [stack: 0x0000001626300000,0x0000001626400000] [id=8732]
  0x0000020cbb979800 ConcurrentGCThread "G1 Young RemSet Sampling" [stack: 0x0000001626400000,0x0000001626500000] [id=7668]

Threads with active compile tasks:
C2 CompilerThread0 150149 3155       4       java.util.AbstractCollection::addAll (42 bytes)
C2 CompilerThread1 150149 3694       4       jdk.internal.org.objectweb.asm.Frame::execute (2264 bytes)

VM state:not at safepoint (normal execution)

VM Mutex/Monitor currently owned by a thread: None

Heap address: 0x00000000e0000000, size: 512 MB, Compressed Oops mode: 32-bit
Narrow klass base: 0x0000000000000000, Narrow klass shift: 3
Compressed class space size: 260046848 Address: 0x0000000100000000

Heap:
 garbage-first heap   total 262144K, used 57598K [0x00000000e0000000, 0x0000000100000000)
  region size 1024K, 28 young (28672K), 12 survivors (12288K)
 Metaspace       used 42354K, capacity 43412K, committed 43648K, reserved 292864K
  class space    used 5397K, capacity 5755K, committed 5760K, reserved 253952K
Heap Regions: E=young(eden), S=young(survivor), O=old, HS=humongous(starts), HC=humongous(continues), CS=collection set, F=free, A=archive, TAMS=top-at-mark-start (previous, next)
|   0|0x00000000e0000000, 0x00000000e0100000, 0x00000000e0100000|100%| O|  |TAMS 0x00000000e0100000, 0x00000000e0000000| Untracked 
|   1|0x00000000e0100000, 0x00000000e0200000, 0x00000000e0200000|100%| O|  |TAMS 0x00000000e0200000, 0x00000000e0100000| Untracked 
|   2|0x00000000e0200000, 0x00000000e0300000, 0x00000000e0300000|100%| O|  |TAMS 0x00000000e0300000, 0x00000000e0200000| Untracked 
|   3|0x00000000e0300000, 0x00000000e0400000, 0x00000000e0400000|100%|HS|  |TAMS 0x00000000e0400000, 0x00000000e0300000| Complete 
|   4|0x00000000e0400000, 0x00000000e0500000, 0x00000000e0500000|100%|HC|  |TAMS 0x00000000e0500000, 0x00000000e0400000| Complete 
|   5|0x00000000e0500000, 0x00000000e0600000, 0x00000000e0600000|100%|HC|  |TAMS 0x00000000e0600000, 0x00000000e0500000| Complete 
|   6|0x00000000e0600000, 0x00000000e0700000, 0x00000000e0700000|100%| O|  |TAMS 0x00000000e0700000, 0x00000000e0600000| Untracked 
|   7|0x00000000e0700000, 0x00000000e0800000, 0x00000000e0800000|100%| O|  |TAMS 0x00000000e0800000, 0x00000000e0700000| Untracked 
|   8|0x00000000e0800000, 0x00000000e0900000, 0x00000000e0900000|100%| O|  |TAMS 0x00000000e0900000, 0x00000000e0800000| Untracked 
|   9|0x00000000e0900000, 0x00000000e0a00000, 0x00000000e0a00000|100%| O|  |TAMS 0x00000000e0a00000, 0x00000000e0900000| Untracked 
|  10|0x00000000e0a00000, 0x00000000e0b00000, 0x00000000e0b00000|100%| O|  |TAMS 0x00000000e0b00000, 0x00000000e0a00000| Untracked 
|  11|0x00000000e0b00000, 0x00000000e0c00000, 0x00000000e0c00000|100%| O|  |TAMS 0x00000000e0c00000, 0x00000000e0b00000| Untracked 
|  12|0x00000000e0c00000, 0x00000000e0d00000, 0x00000000e0d00000|100%| O|  |TAMS 0x00000000e0d00000, 0x00000000e0c00000| Untracked 
|  13|0x00000000e0d00000, 0x00000000e0e00000, 0x00000000e0e00000|100%| O|  |TAMS 0x00000000e0e00000, 0x00000000e0d00000| Untracked 
|  14|0x00000000e0e00000, 0x00000000e0f00000, 0x00000000e0f00000|100%| O|  |TAMS 0x00000000e0e51600, 0x00000000e0e00000| Untracked 
|  15|0x00000000e0f00000, 0x00000000e1000000, 0x00000000e1000000|100%|HS|  |TAMS 0x00000000e1000000, 0x00000000e0f00000| Complete 
|  16|0x00000000e1000000, 0x00000000e1100000, 0x00000000e1100000|100%|HC|  |TAMS 0x00000000e1100000, 0x00000000e1000000| Complete 
|  17|0x00000000e1100000, 0x00000000e1200000, 0x00000000e1200000|100%|HS|  |TAMS 0x00000000e1200000, 0x00000000e1100000| Complete 
|  18|0x00000000e1200000, 0x00000000e1300000, 0x00000000e1300000|100%|HC|  |TAMS 0x00000000e1300000, 0x00000000e1200000| Complete 
|  19|0x00000000e1300000, 0x00000000e1400000, 0x00000000e1400000|100%|HC|  |TAMS 0x00000000e1400000, 0x00000000e1300000| Complete 
|  20|0x00000000e1400000, 0x00000000e1500000, 0x00000000e1500000|100%|HS|  |TAMS 0x00000000e1500000, 0x00000000e1400000| Complete 
|  21|0x00000000e1500000, 0x00000000e1600000, 0x00000000e1600000|100%|HC|  |TAMS 0x00000000e1600000, 0x00000000e1500000| Complete 
|  22|0x00000000e1600000, 0x00000000e1700000, 0x00000000e1700000|100%|HC|  |TAMS 0x00000000e1700000, 0x00000000e1600000| Complete 
|  23|0x00000000e1700000, 0x00000000e1800000, 0x00000000e1800000|100%|HC|  |TAMS 0x00000000e1800000, 0x00000000e1700000| Complete 
|  24|0x00000000e1800000, 0x00000000e1900000, 0x00000000e1900000|100%|HS|  |TAMS 0x00000000e1900000, 0x00000000e1800000| Complete 
|  25|0x00000000e1900000, 0x00000000e1a00000, 0x00000000e1a00000|100%|HC|  |TAMS 0x00000000e1a00000, 0x00000000e1900000| Complete 
|  26|0x00000000e1a00000, 0x00000000e1b00000, 0x00000000e1b00000|100%| O|  |TAMS 0x00000000e1a00000, 0x00000000e1a00000| Untracked 
|  27|0x00000000e1b00000, 0x00000000e1bc9c00, 0x00000000e1c00000| 78%| O|  |TAMS 0x00000000e1b00000, 0x00000000e1b00000| Untracked 
|  28|0x00000000e1c00000, 0x00000000e1d00000, 0x00000000e1d00000|100%|HS|  |TAMS 0x00000000e1c00000, 0x00000000e1c00000| Complete 
|  29|0x00000000e1d00000, 0x00000000e1e00000, 0x00000000e1e00000|100%|HS|  |TAMS 0x00000000e1d00000, 0x00000000e1d00000| Complete 
|  30|0x00000000e1e00000, 0x00000000e1f00000, 0x00000000e1f00000|100%|HC|  |TAMS 0x00000000e1e00000, 0x00000000e1e00000| Complete 
|  31|0x00000000e1f00000, 0x00000000e1f00000, 0x00000000e2000000|  0%| F|  |TAMS 0x00000000e1f00000, 0x00000000e1f00000| Untracked 
|  32|0x00000000e2000000, 0x00000000e2000000, 0x00000000e2100000|  0%| F|  |TAMS 0x00000000e2000000, 0x00000000e2000000| Untracked 
|  33|0x00000000e2100000, 0x00000000e2100000, 0x00000000e2200000|  0%| F|  |TAMS 0x00000000e2100000, 0x00000000e2100000| Untracked 
|  34|0x00000000e2200000, 0x00000000e2200000, 0x00000000e2300000|  0%| F|  |TAMS 0x00000000e2200000, 0x00000000e2200000| Untracked 
|  35|0x00000000e2300000, 0x00000000e2300000, 0x00000000e2400000|  0%| F|  |TAMS 0x00000000e2300000, 0x00000000e2300000| Untracked 
|  36|0x00000000e2400000, 0x00000000e2400000, 0x00000000e2500000|  0%| F|  |TAMS 0x00000000e2400000, 0x00000000e2400000| Untracked 
|  37|0x00000000e2500000, 0x00000000e2500000, 0x00000000e2600000|  0%| F|  |TAMS 0x00000000e2500000, 0x00000000e2500000| Untracked 
|  38|0x00000000e2600000, 0x00000000e2600000, 0x00000000e2700000|  0%| F|  |TAMS 0x00000000e2600000, 0x00000000e2600000| Untracked 
|  39|0x00000000e2700000, 0x00000000e2700000, 0x00000000e2800000|  0%| F|  |TAMS 0x00000000e2700000, 0x00000000e2700000| Untracked 
|  40|0x00000000e2800000, 0x00000000e2800000, 0x00000000e2900000|  0%| F|  |TAMS 0x00000000e2800000, 0x00000000e2800000| Untracked 
|  41|0x00000000e2900000, 0x00000000e2900000, 0x00000000e2a00000|  0%| F|  |TAMS 0x00000000e2900000, 0x00000000e2900000| Untracked 
|  42|0x00000000e2a00000, 0x00000000e2a00000, 0x00000000e2b00000|  0%| F|  |TAMS 0x00000000e2a00000, 0x00000000e2a00000| Untracked 
|  43|0x00000000e2b00000, 0x00000000e2b00000, 0x00000000e2c00000|  0%| F|  |TAMS 0x00000000e2b00000, 0x00000000e2b00000| Untracked 
|  44|0x00000000e2c00000, 0x00000000e2c00000, 0x00000000e2d00000|  0%| F|  |TAMS 0x00000000e2c00000, 0x00000000e2c00000| Untracked 
|  45|0x00000000e2d00000, 0x00000000e2d00000, 0x00000000e2e00000|  0%| F|  |TAMS 0x00000000e2d00000, 0x00000000e2d00000| Untracked 
|  46|0x00000000e2e00000, 0x00000000e2e00000, 0x00000000e2f00000|  0%| F|  |TAMS 0x00000000e2e00000, 0x00000000e2e00000| Untracked 
|  47|0x00000000e2f00000, 0x00000000e2f00000, 0x00000000e3000000|  0%| F|  |TAMS 0x00000000e2f00000, 0x00000000e2f00000| Untracked 
|  48|0x00000000e3000000, 0x00000000e3000000, 0x00000000e3100000|  0%| F|  |TAMS 0x00000000e3000000, 0x00000000e3000000| Untracked 
|  49|0x00000000e3100000, 0x00000000e3100000, 0x00000000e3200000|  0%| F|  |TAMS 0x00000000e3100000, 0x00000000e3100000| Untracked 
|  50|0x00000000e3200000, 0x00000000e3200000, 0x00000000e3300000|  0%| F|  |TAMS 0x00000000e3200000, 0x00000000e3200000| Untracked 
|  51|0x00000000e3300000, 0x00000000e3300000, 0x00000000e3400000|  0%| F|  |TAMS 0x00000000e3300000, 0x00000000e3300000| Untracked 
|  52|0x00000000e3400000, 0x00000000e3400000, 0x00000000e3500000|  0%| F|  |TAMS 0x00000000e3400000, 0x00000000e3400000| Untracked 
|  53|0x00000000e3500000, 0x00000000e3500000, 0x00000000e3600000|  0%| F|  |TAMS 0x00000000e3500000, 0x00000000e3500000| Untracked 
|  54|0x00000000e3600000, 0x00000000e3600000, 0x00000000e3700000|  0%| F|  |TAMS 0x00000000e3600000, 0x00000000e3600000| Untracked 
|  55|0x00000000e3700000, 0x00000000e3700000, 0x00000000e3800000|  0%| F|  |TAMS 0x00000000e3700000, 0x00000000e3700000| Untracked 
|  56|0x00000000e3800000, 0x00000000e3800000, 0x00000000e3900000|  0%| F|  |TAMS 0x00000000e3800000, 0x00000000e3800000| Untracked 
|  57|0x00000000e3900000, 0x00000000e3900000, 0x00000000e3a00000|  0%| F|  |TAMS 0x00000000e3900000, 0x00000000e3900000| Untracked 
|  58|0x00000000e3a00000, 0x00000000e3a00000, 0x00000000e3b00000|  0%| F|  |TAMS 0x00000000e3a00000, 0x00000000e3a00000| Untracked 
|  59|0x00000000e3b00000, 0x00000000e3b00000, 0x00000000e3c00000|  0%| F|  |TAMS 0x00000000e3b00000, 0x00000000e3b00000| Untracked 
|  60|0x00000000e3c00000, 0x00000000e3c00000, 0x00000000e3d00000|  0%| F|  |TAMS 0x00000000e3c00000, 0x00000000e3c00000| Untracked 
|  61|0x00000000e3d00000, 0x00000000e3d00000, 0x00000000e3e00000|  0%| F|  |TAMS 0x00000000e3d00000, 0x00000000e3d00000| Untracked 
|  62|0x00000000e3e00000, 0x00000000e3e00000, 0x00000000e3f00000|  0%| F|  |TAMS 0x00000000e3e00000, 0x00000000e3e00000| Untracked 
|  63|0x00000000e3f00000, 0x00000000e3f00000, 0x00000000e4000000|  0%| F|  |TAMS 0x00000000e3f00000, 0x00000000e3f00000| Untracked 
|  64|0x00000000e4000000, 0x00000000e4000000, 0x00000000e4100000|  0%| F|  |TAMS 0x00000000e4000000, 0x00000000e4000000| Untracked 
|  65|0x00000000e4100000, 0x00000000e4100000, 0x00000000e4200000|  0%| F|  |TAMS 0x00000000e4100000, 0x00000000e4100000| Untracked 
|  66|0x00000000e4200000, 0x00000000e4200000, 0x00000000e4300000|  0%| F|  |TAMS 0x00000000e4200000, 0x00000000e4200000| Untracked 
|  67|0x00000000e4300000, 0x00000000e4300000, 0x00000000e4400000|  0%| F|  |TAMS 0x00000000e4300000, 0x00000000e4300000| Untracked 
|  68|0x00000000e4400000, 0x00000000e4400000, 0x00000000e4500000|  0%| F|  |TAMS 0x00000000e4400000, 0x00000000e4400000| Untracked 
|  69|0x00000000e4500000, 0x00000000e4500000, 0x00000000e4600000|  0%| F|  |TAMS 0x00000000e4500000, 0x00000000e4500000| Untracked 
|  70|0x00000000e4600000, 0x00000000e4600000, 0x00000000e4700000|  0%| F|  |TAMS 0x00000000e4600000, 0x00000000e4600000| Untracked 
|  71|0x00000000e4700000, 0x00000000e4700000, 0x00000000e4800000|  0%| F|  |TAMS 0x00000000e4700000, 0x00000000e4700000| Untracked 
|  72|0x00000000e4800000, 0x00000000e4800000, 0x00000000e4900000|  0%| F|  |TAMS 0x00000000e4800000, 0x00000000e4800000| Untracked 
|  73|0x00000000e4900000, 0x00000000e4900000, 0x00000000e4a00000|  0%| F|  |TAMS 0x00000000e4900000, 0x00000000e4900000| Untracked 
|  74|0x00000000e4a00000, 0x00000000e4a00000, 0x00000000e4b00000|  0%| F|  |TAMS 0x00000000e4a00000, 0x00000000e4a00000| Untracked 
|  75|0x00000000e4b00000, 0x00000000e4b00000, 0x00000000e4c00000|  0%| F|  |TAMS 0x00000000e4b00000, 0x00000000e4b00000| Untracked 
|  76|0x00000000e4c00000, 0x00000000e4c00000, 0x00000000e4d00000|  0%| F|  |TAMS 0x00000000e4c00000, 0x00000000e4c00000| Untracked 
|  77|0x00000000e4d00000, 0x00000000e4d00000, 0x00000000e4e00000|  0%| F|  |TAMS 0x00000000e4d00000, 0x00000000e4d00000| Untracked 
|  78|0x00000000e4e00000, 0x00000000e4e00000, 0x00000000e4f00000|  0%| F|  |TAMS 0x00000000e4e00000, 0x00000000e4e00000| Untracked 
|  79|0x00000000e4f00000, 0x00000000e4f00000, 0x00000000e5000000|  0%| F|  |TAMS 0x00000000e4f00000, 0x00000000e4f00000| Untracked 
|  80|0x00000000e5000000, 0x00000000e5000000, 0x00000000e5100000|  0%| F|  |TAMS 0x00000000e5000000, 0x00000000e5000000| Untracked 
|  81|0x00000000e5100000, 0x00000000e5100000, 0x00000000e5200000|  0%| F|  |TAMS 0x00000000e5100000, 0x00000000e5100000| Untracked 
|  82|0x00000000e5200000, 0x00000000e5200000, 0x00000000e5300000|  0%| F|  |TAMS 0x00000000e5200000, 0x00000000e5200000| Untracked 
|  83|0x00000000e5300000, 0x00000000e5300000, 0x00000000e5400000|  0%| F|  |TAMS 0x00000000e5300000, 0x00000000e5300000| Untracked 
|  84|0x00000000e5400000, 0x00000000e5400000, 0x00000000e5500000|  0%| F|  |TAMS 0x00000000e5400000, 0x00000000e5400000| Untracked 
|  85|0x00000000e5500000, 0x00000000e5500000, 0x00000000e5600000|  0%| F|  |TAMS 0x00000000e5500000, 0x00000000e5500000| Untracked 
|  86|0x00000000e5600000, 0x00000000e5600000, 0x00000000e5700000|  0%| F|  |TAMS 0x00000000e5600000, 0x00000000e5600000| Untracked 
|  87|0x00000000e5700000, 0x00000000e5700000, 0x00000000e5800000|  0%| F|  |TAMS 0x00000000e5700000, 0x00000000e5700000| Untracked 
|  88|0x00000000e5800000, 0x00000000e5800000, 0x00000000e5900000|  0%| F|  |TAMS 0x00000000e5800000, 0x00000000e5800000| Untracked 
|  89|0x00000000e5900000, 0x00000000e5900000, 0x00000000e5a00000|  0%| F|  |TAMS 0x00000000e5900000, 0x00000000e5900000| Untracked 
|  90|0x00000000e5a00000, 0x00000000e5a00000, 0x00000000e5b00000|  0%| F|  |TAMS 0x00000000e5a00000, 0x00000000e5a00000| Untracked 
|  91|0x00000000e5b00000, 0x00000000e5b00000, 0x00000000e5c00000|  0%| F|  |TAMS 0x00000000e5b00000, 0x00000000e5b00000| Untracked 
|  92|0x00000000e5c00000, 0x00000000e5c00000, 0x00000000e5d00000|  0%| F|  |TAMS 0x00000000e5c00000, 0x00000000e5c00000| Untracked 
|  93|0x00000000e5d00000, 0x00000000e5d00000, 0x00000000e5e00000|  0%| F|  |TAMS 0x00000000e5d00000, 0x00000000e5d00000| Untracked 
|  94|0x00000000e5e00000, 0x00000000e5e00000, 0x00000000e5f00000|  0%| F|  |TAMS 0x00000000e5e00000, 0x00000000e5e00000| Untracked 
|  95|0x00000000e5f00000, 0x00000000e5f00000, 0x00000000e6000000|  0%| F|  |TAMS 0x00000000e5f00000, 0x00000000e5f00000| Untracked 
|  96|0x00000000e6000000, 0x00000000e6000000, 0x00000000e6100000|  0%| F|  |TAMS 0x00000000e6000000, 0x00000000e6000000| Untracked 
|  97|0x00000000e6100000, 0x00000000e6100000, 0x00000000e6200000|  0%| F|  |TAMS 0x00000000e6100000, 0x00000000e6100000| Untracked 
|  98|0x00000000e6200000, 0x00000000e6200000, 0x00000000e6300000|  0%| F|  |TAMS 0x00000000e6200000, 0x00000000e6200000| Untracked 
|  99|0x00000000e6300000, 0x00000000e6300000, 0x00000000e6400000|  0%| F|  |TAMS 0x00000000e6300000, 0x00000000e6300000| Untracked 
| 100|0x00000000e6400000, 0x00000000e6400000, 0x00000000e6500000|  0%| F|  |TAMS 0x00000000e6400000, 0x00000000e6400000| Untracked 
| 101|0x00000000e6500000, 0x00000000e6500000, 0x00000000e6600000|  0%| F|  |TAMS 0x00000000e6500000, 0x00000000e6500000| Untracked 
| 102|0x00000000e6600000, 0x00000000e6600000, 0x00000000e6700000|  0%| F|  |TAMS 0x00000000e6600000, 0x00000000e6600000| Untracked 
| 103|0x00000000e6700000, 0x00000000e6700000, 0x00000000e6800000|  0%| F|  |TAMS 0x00000000e6700000, 0x00000000e6700000| Untracked 
| 104|0x00000000e6800000, 0x00000000e6800000, 0x00000000e6900000|  0%| F|  |TAMS 0x00000000e6800000, 0x00000000e6800000| Untracked 
| 105|0x00000000e6900000, 0x00000000e6900000, 0x00000000e6a00000|  0%| F|  |TAMS 0x00000000e6900000, 0x00000000e6900000| Untracked 
| 106|0x00000000e6a00000, 0x00000000e6a00000, 0x00000000e6b00000|  0%| F|  |TAMS 0x00000000e6a00000, 0x00000000e6a00000| Untracked 
| 107|0x00000000e6b00000, 0x00000000e6b00000, 0x00000000e6c00000|  0%| F|  |TAMS 0x00000000e6b00000, 0x00000000e6b00000| Untracked 
| 108|0x00000000e6c00000, 0x00000000e6c00000, 0x00000000e6d00000|  0%| F|  |TAMS 0x00000000e6c00000, 0x00000000e6c00000| Untracked 
| 109|0x00000000e6d00000, 0x00000000e6d00000, 0x00000000e6e00000|  0%| F|  |TAMS 0x00000000e6d00000, 0x00000000e6d00000| Untracked 
| 110|0x00000000e6e00000, 0x00000000e6e00000, 0x00000000e6f00000|  0%| F|  |TAMS 0x00000000e6e00000, 0x00000000e6e00000| Untracked 
| 111|0x00000000e6f00000, 0x00000000e6f00000, 0x00000000e7000000|  0%| F|  |TAMS 0x00000000e6f00000, 0x00000000e6f00000| Untracked 
| 112|0x00000000e7000000, 0x00000000e7000000, 0x00000000e7100000|  0%| F|  |TAMS 0x00000000e7000000, 0x00000000e7000000| Untracked 
| 113|0x00000000e7100000, 0x00000000e7100000, 0x00000000e7200000|  0%| F|  |TAMS 0x00000000e7100000, 0x00000000e7100000| Untracked 
| 114|0x00000000e7200000, 0x00000000e7200000, 0x00000000e7300000|  0%| F|  |TAMS 0x00000000e7200000, 0x00000000e7200000| Untracked 
| 115|0x00000000e7300000, 0x00000000e7300000, 0x00000000e7400000|  0%| F|  |TAMS 0x00000000e7300000, 0x00000000e7300000| Untracked 
| 116|0x00000000e7400000, 0x00000000e7400000, 0x00000000e7500000|  0%| F|  |TAMS 0x00000000e7400000, 0x00000000e7400000| Untracked 
| 117|0x00000000e7500000, 0x00000000e7500000, 0x00000000e7600000|  0%| F|  |TAMS 0x00000000e7500000, 0x00000000e7500000| Untracked 
| 118|0x00000000e7600000, 0x00000000e7600000, 0x00000000e7700000|  0%| F|  |TAMS 0x00000000e7600000, 0x00000000e7600000| Untracked 
| 119|0x00000000e7700000, 0x00000000e7700000, 0x00000000e7800000|  0%| F|  |TAMS 0x00000000e7700000, 0x00000000e7700000| Untracked 
| 120|0x00000000e7800000, 0x00000000e7800000, 0x00000000e7900000|  0%| F|  |TAMS 0x00000000e7800000, 0x00000000e7800000| Untracked 
| 121|0x00000000e7900000, 0x00000000e7900000, 0x00000000e7a00000|  0%| F|  |TAMS 0x00000000e7900000, 0x00000000e7900000| Untracked 
| 122|0x00000000e7a00000, 0x00000000e7a00000, 0x00000000e7b00000|  0%| F|  |TAMS 0x00000000e7a00000, 0x00000000e7a00000| Untracked 
| 123|0x00000000e7b00000, 0x00000000e7b00000, 0x00000000e7c00000|  0%| F|  |TAMS 0x00000000e7b00000, 0x00000000e7b00000| Untracked 
| 124|0x00000000e7c00000, 0x00000000e7c00000, 0x00000000e7d00000|  0%| F|  |TAMS 0x00000000e7c00000, 0x00000000e7c00000| Untracked 
| 125|0x00000000e7d00000, 0x00000000e7d00000, 0x00000000e7e00000|  0%| F|  |TAMS 0x00000000e7d00000, 0x00000000e7d00000| Untracked 
| 126|0x00000000e7e00000, 0x00000000e7e00000, 0x00000000e7f00000|  0%| F|  |TAMS 0x00000000e7e00000, 0x00000000e7e00000| Untracked 
| 127|0x00000000e7f00000, 0x00000000e7f00000, 0x00000000e8000000|  0%| F|  |TAMS 0x00000000e7f00000, 0x00000000e7f00000| Untracked 
| 128|0x00000000e8000000, 0x00000000e8000000, 0x00000000e8100000|  0%| F|  |TAMS 0x00000000e8000000, 0x00000000e8000000| Untracked 
| 129|0x00000000e8100000, 0x00000000e8100000, 0x00000000e8200000|  0%| F|  |TAMS 0x00000000e8100000, 0x00000000e8100000| Untracked 
| 130|0x00000000e8200000, 0x00000000e8200000, 0x00000000e8300000|  0%| F|  |TAMS 0x00000000e8200000, 0x00000000e8200000| Untracked 
| 131|0x00000000e8300000, 0x00000000e8300000, 0x00000000e8400000|  0%| F|  |TAMS 0x00000000e8300000, 0x00000000e8300000| Untracked 
| 132|0x00000000e8400000, 0x00000000e8400000, 0x00000000e8500000|  0%| F|  |TAMS 0x00000000e8400000, 0x00000000e8400000| Untracked 
| 133|0x00000000e8500000, 0x00000000e8500000, 0x00000000e8600000|  0%| F|  |TAMS 0x00000000e8500000, 0x00000000e8500000| Untracked 
| 134|0x00000000e8600000, 0x00000000e8600000, 0x00000000e8700000|  0%| F|  |TAMS 0x00000000e8600000, 0x00000000e8600000| Untracked 
| 135|0x00000000e8700000, 0x00000000e8700000, 0x00000000e8800000|  0%| F|  |TAMS 0x00000000e8700000, 0x00000000e8700000| Untracked 
| 136|0x00000000e8800000, 0x00000000e8800000, 0x00000000e8900000|  0%| F|  |TAMS 0x00000000e8800000, 0x00000000e8800000| Untracked 
| 137|0x00000000e8900000, 0x00000000e8900000, 0x00000000e8a00000|  0%| F|  |TAMS 0x00000000e8900000, 0x00000000e8900000| Untracked 
| 138|0x00000000e8a00000, 0x00000000e8a00000, 0x00000000e8b00000|  0%| F|  |TAMS 0x00000000e8a00000, 0x00000000e8a00000| Untracked 
| 139|0x00000000e8b00000, 0x00000000e8b00000, 0x00000000e8c00000|  0%| F|  |TAMS 0x00000000e8b00000, 0x00000000e8b00000| Untracked 
| 140|0x00000000e8c00000, 0x00000000e8c00000, 0x00000000e8d00000|  0%| F|  |TAMS 0x00000000e8c00000, 0x00000000e8c00000| Untracked 
| 141|0x00000000e8d00000, 0x00000000e8d00000, 0x00000000e8e00000|  0%| F|  |TAMS 0x00000000e8d00000, 0x00000000e8d00000| Untracked 
| 142|0x00000000e8e00000, 0x00000000e8e75d58, 0x00000000e8f00000| 46%| S|CS|TAMS 0x00000000e8e00000, 0x00000000e8e00000| Complete 
| 143|0x00000000e8f00000, 0x00000000e9000000, 0x00000000e9000000|100%| S|CS|TAMS 0x00000000e8f00000, 0x00000000e8f00000| Complete 
| 144|0x00000000e9000000, 0x00000000e9100000, 0x00000000e9100000|100%| S|CS|TAMS 0x00000000e9000000, 0x00000000e9000000| Complete 
| 145|0x00000000e9100000, 0x00000000e9200000, 0x00000000e9200000|100%| S|CS|TAMS 0x00000000e9100000, 0x00000000e9100000| Complete 
| 146|0x00000000e9200000, 0x00000000e9300000, 0x00000000e9300000|100%| S|CS|TAMS 0x00000000e9200000, 0x00000000e9200000| Complete 
| 147|0x00000000e9300000, 0x00000000e9400000, 0x00000000e9400000|100%| S|CS|TAMS 0x00000000e9300000, 0x00000000e9300000| Complete 
| 148|0x00000000e9400000, 0x00000000e9500000, 0x00000000e9500000|100%| S|CS|TAMS 0x00000000e9400000, 0x00000000e9400000| Complete 
| 149|0x00000000e9500000, 0x00000000e9600000, 0x00000000e9600000|100%| S|CS|TAMS 0x00000000e9500000, 0x00000000e9500000| Complete 
| 150|0x00000000e9600000, 0x00000000e9700000, 0x00000000e9700000|100%| S|CS|TAMS 0x00000000e9600000, 0x00000000e9600000| Complete 
| 151|0x00000000e9700000, 0x00000000e9800000, 0x00000000e9800000|100%| S|CS|TAMS 0x00000000e9700000, 0x00000000e9700000| Complete 
| 152|0x00000000e9800000, 0x00000000e9900000, 0x00000000e9900000|100%| S|CS|TAMS 0x00000000e9800000, 0x00000000e9800000| Complete 
| 153|0x00000000e9900000, 0x00000000e9a00000, 0x00000000e9a00000|100%| S|CS|TAMS 0x00000000e9900000, 0x00000000e9900000| Complete 
| 154|0x00000000e9a00000, 0x00000000e9a00000, 0x00000000e9b00000|  0%| F|  |TAMS 0x00000000e9a00000, 0x00000000e9a00000| Untracked 
| 155|0x00000000e9b00000, 0x00000000e9b00000, 0x00000000e9c00000|  0%| F|  |TAMS 0x00000000e9b00000, 0x00000000e9b00000| Untracked 
| 156|0x00000000e9c00000, 0x00000000e9c00000, 0x00000000e9d00000|  0%| F|  |TAMS 0x00000000e9c00000, 0x00000000e9c00000| Untracked 
| 157|0x00000000e9d00000, 0x00000000e9d00000, 0x00000000e9e00000|  0%| F|  |TAMS 0x00000000e9d00000, 0x00000000e9d00000| Untracked 
| 158|0x00000000e9e00000, 0x00000000e9e00000, 0x00000000e9f00000|  0%| F|  |TAMS 0x00000000e9e00000, 0x00000000e9e00000| Untracked 
| 159|0x00000000e9f00000, 0x00000000e9f00000, 0x00000000ea000000|  0%| F|  |TAMS 0x00000000e9f00000, 0x00000000e9f00000| Untracked 
| 160|0x00000000ea000000, 0x00000000ea000000, 0x00000000ea100000|  0%| F|  |TAMS 0x00000000ea000000, 0x00000000ea000000| Untracked 
| 161|0x00000000ea100000, 0x00000000ea100000, 0x00000000ea200000|  0%| F|  |TAMS 0x00000000ea100000, 0x00000000ea100000| Untracked 
| 162|0x00000000ea200000, 0x00000000ea200000, 0x00000000ea300000|  0%| F|  |TAMS 0x00000000ea200000, 0x00000000ea200000| Untracked 
| 163|0x00000000ea300000, 0x00000000ea300000, 0x00000000ea400000|  0%| F|  |TAMS 0x00000000ea300000, 0x00000000ea300000| Untracked 
| 164|0x00000000ea400000, 0x00000000ea400000, 0x00000000ea500000|  0%| F|  |TAMS 0x00000000ea400000, 0x00000000ea400000| Untracked 
| 165|0x00000000ea500000, 0x00000000ea500000, 0x00000000ea600000|  0%| F|  |TAMS 0x00000000ea500000, 0x00000000ea500000| Untracked 
| 166|0x00000000ea600000, 0x00000000ea600000, 0x00000000ea700000|  0%| F|  |TAMS 0x00000000ea600000, 0x00000000ea600000| Untracked 
| 167|0x00000000ea700000, 0x00000000ea700000, 0x00000000ea800000|  0%| F|  |TAMS 0x00000000ea700000, 0x00000000ea700000| Untracked 
| 168|0x00000000ea800000, 0x00000000ea800000, 0x00000000ea900000|  0%| F|  |TAMS 0x00000000ea800000, 0x00000000ea800000| Untracked 
| 169|0x00000000ea900000, 0x00000000ea900000, 0x00000000eaa00000|  0%| F|  |TAMS 0x00000000ea900000, 0x00000000ea900000| Untracked 
| 170|0x00000000eaa00000, 0x00000000eaa00000, 0x00000000eab00000|  0%| F|  |TAMS 0x00000000eaa00000, 0x00000000eaa00000| Untracked 
| 171|0x00000000eab00000, 0x00000000eab00000, 0x00000000eac00000|  0%| F|  |TAMS 0x00000000eab00000, 0x00000000eab00000| Untracked 
| 172|0x00000000eac00000, 0x00000000eac00000, 0x00000000ead00000|  0%| F|  |TAMS 0x00000000eac00000, 0x00000000eac00000| Untracked 
| 173|0x00000000ead00000, 0x00000000ead00000, 0x00000000eae00000|  0%| F|  |TAMS 0x00000000ead00000, 0x00000000ead00000| Untracked 
| 174|0x00000000eae00000, 0x00000000eae00000, 0x00000000eaf00000|  0%| F|  |TAMS 0x00000000eae00000, 0x00000000eae00000| Untracked 
| 175|0x00000000eaf00000, 0x00000000eaf00000, 0x00000000eb000000|  0%| F|  |TAMS 0x00000000eaf00000, 0x00000000eaf00000| Untracked 
| 176|0x00000000eb000000, 0x00000000eb000000, 0x00000000eb100000|  0%| F|  |TAMS 0x00000000eb000000, 0x00000000eb000000| Untracked 
| 177|0x00000000eb100000, 0x00000000eb100000, 0x00000000eb200000|  0%| F|  |TAMS 0x00000000eb100000, 0x00000000eb100000| Untracked 
| 178|0x00000000eb200000, 0x00000000eb200000, 0x00000000eb300000|  0%| F|  |TAMS 0x00000000eb200000, 0x00000000eb200000| Untracked 
| 179|0x00000000eb300000, 0x00000000eb300000, 0x00000000eb400000|  0%| F|  |TAMS 0x00000000eb300000, 0x00000000eb300000| Untracked 
| 180|0x00000000eb400000, 0x00000000eb400000, 0x00000000eb500000|  0%| F|  |TAMS 0x00000000eb400000, 0x00000000eb400000| Untracked 
| 181|0x00000000eb500000, 0x00000000eb500000, 0x00000000eb600000|  0%| F|  |TAMS 0x00000000eb500000, 0x00000000eb500000| Untracked 
| 182|0x00000000eb600000, 0x00000000eb600000, 0x00000000eb700000|  0%| F|  |TAMS 0x00000000eb600000, 0x00000000eb600000| Untracked 
| 183|0x00000000eb700000, 0x00000000eb700000, 0x00000000eb800000|  0%| F|  |TAMS 0x00000000eb700000, 0x00000000eb700000| Untracked 
| 184|0x00000000eb800000, 0x00000000eb800000, 0x00000000eb900000|  0%| F|  |TAMS 0x00000000eb800000, 0x00000000eb800000| Untracked 
| 185|0x00000000eb900000, 0x00000000eb900000, 0x00000000eba00000|  0%| F|  |TAMS 0x00000000eb900000, 0x00000000eb900000| Untracked 
| 186|0x00000000eba00000, 0x00000000eba00000, 0x00000000ebb00000|  0%| F|  |TAMS 0x00000000eba00000, 0x00000000eba00000| Untracked 
| 187|0x00000000ebb00000, 0x00000000ebb00000, 0x00000000ebc00000|  0%| F|  |TAMS 0x00000000ebb00000, 0x00000000ebb00000| Untracked 
| 188|0x00000000ebc00000, 0x00000000ebc00000, 0x00000000ebd00000|  0%| F|  |TAMS 0x00000000ebc00000, 0x00000000ebc00000| Untracked 
| 189|0x00000000ebd00000, 0x00000000ebd00000, 0x00000000ebe00000|  0%| F|  |TAMS 0x00000000ebd00000, 0x00000000ebd00000| Untracked 
| 190|0x00000000ebe00000, 0x00000000ebe00000, 0x00000000ebf00000|  0%| F|  |TAMS 0x00000000ebe00000, 0x00000000ebe00000| Untracked 
| 191|0x00000000ebf00000, 0x00000000ebf00000, 0x00000000ec000000|  0%| F|  |TAMS 0x00000000ebf00000, 0x00000000ebf00000| Untracked 
| 192|0x00000000ec000000, 0x00000000ec000000, 0x00000000ec100000|  0%| F|  |TAMS 0x00000000ec000000, 0x00000000ec000000| Untracked 
| 193|0x00000000ec100000, 0x00000000ec100000, 0x00000000ec200000|  0%| F|  |TAMS 0x00000000ec100000, 0x00000000ec100000| Untracked 
| 194|0x00000000ec200000, 0x00000000ec200000, 0x00000000ec300000|  0%| F|  |TAMS 0x00000000ec200000, 0x00000000ec200000| Untracked 
| 195|0x00000000ec300000, 0x00000000ec300000, 0x00000000ec400000|  0%| F|  |TAMS 0x00000000ec300000, 0x00000000ec300000| Untracked 
| 196|0x00000000ec400000, 0x00000000ec400000, 0x00000000ec500000|  0%| F|  |TAMS 0x00000000ec400000, 0x00000000ec400000| Untracked 
| 197|0x00000000ec500000, 0x00000000ec500000, 0x00000000ec600000|  0%| F|  |TAMS 0x00000000ec500000, 0x00000000ec500000| Untracked 
| 198|0x00000000ec600000, 0x00000000ec600000, 0x00000000ec700000|  0%| F|  |TAMS 0x00000000ec600000, 0x00000000ec600000| Untracked 
| 199|0x00000000ec700000, 0x00000000ec700000, 0x00000000ec800000|  0%| F|  |TAMS 0x00000000ec700000, 0x00000000ec700000| Untracked 
| 200|0x00000000ec800000, 0x00000000ec800000, 0x00000000ec900000|  0%| F|  |TAMS 0x00000000ec800000, 0x00000000ec800000| Untracked 
| 201|0x00000000ec900000, 0x00000000ec900000, 0x00000000eca00000|  0%| F|  |TAMS 0x00000000ec900000, 0x00000000ec900000| Untracked 
| 202|0x00000000eca00000, 0x00000000eca00000, 0x00000000ecb00000|  0%| F|  |TAMS 0x00000000eca00000, 0x00000000eca00000| Untracked 
| 203|0x00000000ecb00000, 0x00000000ecb00000, 0x00000000ecc00000|  0%| F|  |TAMS 0x00000000ecb00000, 0x00000000ecb00000| Untracked 
| 204|0x00000000ecc00000, 0x00000000ecc00000, 0x00000000ecd00000|  0%| F|  |TAMS 0x00000000ecc00000, 0x00000000ecc00000| Untracked 
| 205|0x00000000ecd00000, 0x00000000ecd00000, 0x00000000ece00000|  0%| F|  |TAMS 0x00000000ecd00000, 0x00000000ecd00000| Untracked 
| 206|0x00000000ece00000, 0x00000000ece00000, 0x00000000ecf00000|  0%| F|  |TAMS 0x00000000ece00000, 0x00000000ece00000| Untracked 
| 207|0x00000000ecf00000, 0x00000000ecf00000, 0x00000000ed000000|  0%| F|  |TAMS 0x00000000ecf00000, 0x00000000ecf00000| Untracked 
| 208|0x00000000ed000000, 0x00000000ed000000, 0x00000000ed100000|  0%| F|  |TAMS 0x00000000ed000000, 0x00000000ed000000| Untracked 
| 209|0x00000000ed100000, 0x00000000ed100000, 0x00000000ed200000|  0%| F|  |TAMS 0x00000000ed100000, 0x00000000ed100000| Untracked 
| 210|0x00000000ed200000, 0x00000000ed200000, 0x00000000ed300000|  0%| F|  |TAMS 0x00000000ed200000, 0x00000000ed200000| Untracked 
| 211|0x00000000ed300000, 0x00000000ed300000, 0x00000000ed400000|  0%| F|  |TAMS 0x00000000ed300000, 0x00000000ed300000| Untracked 
| 212|0x00000000ed400000, 0x00000000ed400000, 0x00000000ed500000|  0%| F|  |TAMS 0x00000000ed400000, 0x00000000ed400000| Untracked 
| 213|0x00000000ed500000, 0x00000000ed500000, 0x00000000ed600000|  0%| F|  |TAMS 0x00000000ed500000, 0x00000000ed500000| Untracked 
| 214|0x00000000ed600000, 0x00000000ed600000, 0x00000000ed700000|  0%| F|  |TAMS 0x00000000ed600000, 0x00000000ed600000| Untracked 
| 215|0x00000000ed700000, 0x00000000ed700000, 0x00000000ed800000|  0%| F|  |TAMS 0x00000000ed700000, 0x00000000ed700000| Untracked 
| 216|0x00000000ed800000, 0x00000000ed800000, 0x00000000ed900000|  0%| F|  |TAMS 0x00000000ed800000, 0x00000000ed800000| Untracked 
| 217|0x00000000ed900000, 0x00000000ed900000, 0x00000000eda00000|  0%| F|  |TAMS 0x00000000ed900000, 0x00000000ed900000| Untracked 
| 218|0x00000000eda00000, 0x00000000eda00000, 0x00000000edb00000|  0%| F|  |TAMS 0x00000000eda00000, 0x00000000eda00000| Untracked 
| 219|0x00000000edb00000, 0x00000000edb00000, 0x00000000edc00000|  0%| F|  |TAMS 0x00000000edb00000, 0x00000000edb00000| Untracked 
| 220|0x00000000edc00000, 0x00000000edc00000, 0x00000000edd00000|  0%| F|  |TAMS 0x00000000edc00000, 0x00000000edc00000| Untracked 
| 221|0x00000000edd00000, 0x00000000edd00000, 0x00000000ede00000|  0%| F|  |TAMS 0x00000000edd00000, 0x00000000edd00000| Untracked 
| 222|0x00000000ede00000, 0x00000000ede00000, 0x00000000edf00000|  0%| F|  |TAMS 0x00000000ede00000, 0x00000000ede00000| Untracked 
| 223|0x00000000edf00000, 0x00000000edf00000, 0x00000000ee000000|  0%| F|  |TAMS 0x00000000edf00000, 0x00000000edf00000| Untracked 
| 224|0x00000000ee000000, 0x00000000ee000000, 0x00000000ee100000|  0%| F|  |TAMS 0x00000000ee000000, 0x00000000ee000000| Untracked 
| 225|0x00000000ee100000, 0x00000000ee100000, 0x00000000ee200000|  0%| F|  |TAMS 0x00000000ee100000, 0x00000000ee100000| Untracked 
| 226|0x00000000ee200000, 0x00000000ee200000, 0x00000000ee300000|  0%| F|  |TAMS 0x00000000ee200000, 0x00000000ee200000| Untracked 
| 227|0x00000000ee300000, 0x00000000ee300000, 0x00000000ee400000|  0%| F|  |TAMS 0x00000000ee300000, 0x00000000ee300000| Untracked 
| 228|0x00000000ee400000, 0x00000000ee400000, 0x00000000ee500000|  0%| F|  |TAMS 0x00000000ee400000, 0x00000000ee400000| Untracked 
| 229|0x00000000ee500000, 0x00000000ee500000, 0x00000000ee600000|  0%| F|  |TAMS 0x00000000ee500000, 0x00000000ee500000| Untracked 
| 230|0x00000000ee600000, 0x00000000ee600000, 0x00000000ee700000|  0%| F|  |TAMS 0x00000000ee600000, 0x00000000ee600000| Untracked 
| 231|0x00000000ee700000, 0x00000000ee700000, 0x00000000ee800000|  0%| F|  |TAMS 0x00000000ee700000, 0x00000000ee700000| Untracked 
| 232|0x00000000ee800000, 0x00000000ee800000, 0x00000000ee900000|  0%| F|  |TAMS 0x00000000ee800000, 0x00000000ee800000| Untracked 
| 233|0x00000000ee900000, 0x00000000ee900000, 0x00000000eea00000|  0%| F|  |TAMS 0x00000000ee900000, 0x00000000ee900000| Untracked 
| 234|0x00000000eea00000, 0x00000000eea00000, 0x00000000eeb00000|  0%| F|  |TAMS 0x00000000eea00000, 0x00000000eea00000| Untracked 
| 235|0x00000000eeb00000, 0x00000000eeb00000, 0x00000000eec00000|  0%| F|  |TAMS 0x00000000eeb00000, 0x00000000eeb00000| Untracked 
| 236|0x00000000eec00000, 0x00000000eec00000, 0x00000000eed00000|  0%| F|  |TAMS 0x00000000eec00000, 0x00000000eec00000| Untracked 
| 237|0x00000000eed00000, 0x00000000eed00000, 0x00000000eee00000|  0%| F|  |TAMS 0x00000000eed00000, 0x00000000eed00000| Untracked 
| 238|0x00000000eee00000, 0x00000000eee00000, 0x00000000eef00000|  0%| F|  |TAMS 0x00000000eee00000, 0x00000000eee00000| Untracked 
| 239|0x00000000eef00000, 0x00000000eef00000, 0x00000000ef000000|  0%| F|  |TAMS 0x00000000eef00000, 0x00000000eef00000| Untracked 
| 240|0x00000000ef000000, 0x00000000ef081500, 0x00000000ef100000| 50%| E|  |TAMS 0x00000000ef000000, 0x00000000ef000000| Complete 
| 241|0x00000000ef100000, 0x00000000ef200000, 0x00000000ef200000|100%| E|CS|TAMS 0x00000000ef100000, 0x00000000ef100000| Complete 
| 242|0x00000000ef200000, 0x00000000ef300000, 0x00000000ef300000|100%| E|CS|TAMS 0x00000000ef200000, 0x00000000ef200000| Complete 
| 243|0x00000000ef300000, 0x00000000ef400000, 0x00000000ef400000|100%| E|CS|TAMS 0x00000000ef300000, 0x00000000ef300000| Complete 
| 244|0x00000000ef400000, 0x00000000ef500000, 0x00000000ef500000|100%| E|  |TAMS 0x00000000ef400000, 0x00000000ef400000| Complete 
| 245|0x00000000ef500000, 0x00000000ef600000, 0x00000000ef600000|100%| E|CS|TAMS 0x00000000ef500000, 0x00000000ef500000| Complete 
| 246|0x00000000ef600000, 0x00000000ef700000, 0x00000000ef700000|100%| E|CS|TAMS 0x00000000ef600000, 0x00000000ef600000| Complete 
| 247|0x00000000ef700000, 0x00000000ef800000, 0x00000000ef800000|100%| E|CS|TAMS 0x00000000ef700000, 0x00000000ef700000| Complete 
| 248|0x00000000ef800000, 0x00000000ef900000, 0x00000000ef900000|100%| E|CS|TAMS 0x00000000ef800000, 0x00000000ef800000| Complete 
| 249|0x00000000ef900000, 0x00000000efa00000, 0x00000000efa00000|100%| E|CS|TAMS 0x00000000ef900000, 0x00000000ef900000| Complete 
| 250|0x00000000efa00000, 0x00000000efb00000, 0x00000000efb00000|100%| E|CS|TAMS 0x00000000efa00000, 0x00000000efa00000| Complete 
| 251|0x00000000efb00000, 0x00000000efc00000, 0x00000000efc00000|100%| E|CS|TAMS 0x00000000efb00000, 0x00000000efb00000| Complete 
| 252|0x00000000efc00000, 0x00000000efd00000, 0x00000000efd00000|100%| E|CS|TAMS 0x00000000efc00000, 0x00000000efc00000| Complete 
| 253|0x00000000efd00000, 0x00000000efe00000, 0x00000000efe00000|100%| E|CS|TAMS 0x00000000efd00000, 0x00000000efd00000| Complete 
| 254|0x00000000efe00000, 0x00000000eff00000, 0x00000000eff00000|100%| E|CS|TAMS 0x00000000efe00000, 0x00000000efe00000| Complete 
| 255|0x00000000eff00000, 0x00000000f0000000, 0x00000000f0000000|100%| E|CS|TAMS 0x00000000eff00000, 0x00000000eff00000| Complete 

Card table byte_map: [0x0000020cb7ea0000,0x0000020cb7fa0000] _byte_map_base: 0x0000020cb77a0000

Marking Bits (Prev, Next): (CMBitMap*) 0x0000020c9da851a8, (CMBitMap*) 0x0000020c9da851e0
 Prev Bits: [0x0000020cb80a0000, 0x0000020cb88a0000)
 Next Bits: [0x0000020cb88a0000, 0x0000020cb90a0000)

Polling page: 0x0000020c9db40000

Metaspace:

Usage:
  Non-class:     36.77 MB capacity,    36.09 MB ( 98%) used,   595.41 KB (  2%) free+waste,   104.50 KB ( <1%) overhead. 
      Class:      5.62 MB capacity,     5.27 MB ( 94%) used,   308.98 KB (  5%) free+waste,    48.94 KB ( <1%) overhead. 
       Both:     42.39 MB capacity,    41.36 MB ( 98%) used,   904.39 KB (  2%) free+waste,   153.44 KB ( <1%) overhead. 

Virtual space:
  Non-class space:       38.00 MB reserved,      37.00 MB ( 97%) committed 
      Class space:      248.00 MB reserved,       5.63 MB (  2%) committed 
             Both:      286.00 MB reserved,      42.63 MB ( 15%) committed 

Chunk freelists:
   Non-Class:  39.00 KB
       Class:  5.00 KB
        Both:  44.00 KB

MaxMetaspaceSize: 256.00 MB
CompressedClassSpaceSize: 248.00 MB
Initial GC threshold: 20.80 MB
Current GC threshold: 47.92 MB
CDS: off

CodeHeap 'non-profiled nmethods': size=120000Kb used=1891Kb max_used=1891Kb free=118108Kb
 bounds [0x0000020cafe10000, 0x0000020cb0080000, 0x0000020cb7340000]
CodeHeap 'profiled nmethods': size=120000Kb used=7819Kb max_used=7819Kb free=112180Kb
 bounds [0x0000020ca88e0000, 0x0000020ca9090000, 0x0000020cafe10000]
CodeHeap 'non-nmethods': size=5760Kb used=2275Kb max_used=2288Kb free=3484Kb
 bounds [0x0000020ca8340000, 0x0000020ca85b0000, 0x0000020ca88e0000]
 total_blobs=4480 nmethods=3715 adapters=676
 compilation: enabled
              stopped_count=0, restarted_count=0
 full_count=0

Compilation events (20 events):
Event: 123.752 Thread 0x0000020cbbb2d000 nmethod 3145 0x0000020ca8f5e590 code [0x0000020ca8f5e8c0, 0x0000020ca8f5fae8]
Event: 124.036 Thread 0x0000020cbbb2d000 3146       1       org.gradle.launcher.daemon.server.health.gc.GarbageCollectionEvent::getUsage (5 bytes)
Event: 124.036 Thread 0x0000020cbbb2d000 nmethod 3146 0x0000020caffac510 code [0x0000020caffac6c0, 0x0000020caffac778]
Event: 124.038 Thread 0x0000020cbbb2d000 3147       3       java.lang.Long::hashCode (8 bytes)
Event: 124.038 Thread 0x0000020cbbb2d000 nmethod 3147 0x0000020ca8f60090 code [0x0000020ca8f60240, 0x0000020ca8f603b8]
Event: 124.038 Thread 0x0000020cbbb2d000 3148       3       java.lang.Long::hashCode (8 bytes)
Event: 124.038 Thread 0x0000020cbbb2d000 nmethod 3148 0x0000020ca8f60490 code [0x0000020ca8f60640, 0x0000020ca8f60738]
Event: 125.679 Thread 0x0000020cbbb2d000 3149       3       java.lang.Class::getDeclaredMethods (27 bytes)
Event: 125.679 Thread 0x0000020cbbb2d000 nmethod 3149 0x0000020ca8f60810 code [0x0000020ca8f60a00, 0x0000020ca8f60c98]
Event: 126.131 Thread 0x0000020cbbb2d000 3150       3       java.util.HashMap$HashMapSpliterator::<init> (32 bytes)
Event: 126.131 Thread 0x0000020cbbb2d000 nmethod 3150 0x0000020ca8f60d90 code [0x0000020ca8f60f40, 0x0000020ca8f610f8]
Event: 128.272 Thread 0x0000020cbc49c000 3151       4       java.lang.reflect.Method::copy (84 bytes)
Event: 128.275 Thread 0x0000020cbc49c000 nmethod 3151 0x0000020caffac810 code [0x0000020caffac9c0, 0x0000020caffacc78]
Event: 128.402 Thread 0x0000020cbbb2d000 3152       3       java.lang.PublicMethods::toArray (76 bytes)
Event: 128.402 Thread 0x0000020cbbb2d000 nmethod 3152 0x0000020ca8f61190 code [0x0000020ca8f613c0, 0x0000020ca8f61c58]
Event: 128.402 Thread 0x0000020cbbb2d000 3153       3       java.util.StringJoiner::add (104 bytes)
Event: 128.403 Thread 0x0000020cbbb2d000 nmethod 3153 0x0000020ca8f61e90 code [0x0000020ca8f620e0, 0x0000020ca8f62ab8]
Event: 128.424 Thread 0x0000020cbc49c000 3154       4       java.lang.Class::reflectionData (43 bytes)
Event: 128.428 Thread 0x0000020cbc49c000 nmethod 3154 0x0000020caffacd10 code [0x0000020caffacee0, 0x0000020caffad2f8]
Event: 128.428 Thread 0x0000020cbc49c000 3155       4       java.util.AbstractCollection::addAll (42 bytes)

GC Heap History (10 events):
Event: 48.714 GC heap before
{Heap before GC invocations=0 (full 0):
 garbage-first heap   total 262144K, used 29696K [0x00000000e0000000, 0x0000000100000000)
  region size 1024K, 24 young (24576K), 0 survivors (0K)
 Metaspace       used 10480K, capacity 10788K, committed 11008K, reserved 264192K
  class space    used 1088K, capacity 1169K, committed 1280K, reserved 253952K
}
Event: 48.838 GC heap after
{Heap after GC invocations=1 (full 0):
 garbage-first heap   total 262144K, used 9535K [0x00000000e0000000, 0x0000000100000000)
  region size 1024K, 3 young (3072K), 3 survivors (3072K)
 Metaspace       used 10480K, capacity 10788K, committed 11008K, reserved 264192K
  class space    used 1088K, capacity 1169K, committed 1280K, reserved 253952K
}
Event: 50.119 GC heap before
{Heap before GC invocations=1 (full 0):
 garbage-first heap   total 262144K, used 19775K [0x00000000e0000000, 0x0000000100000000)
  region size 1024K, 13 young (13312K), 3 survivors (3072K)
 Metaspace       used 11524K, capacity 11810K, committed 12032K, reserved 266240K
  class space    used 1203K, capacity 1275K, committed 1280K, reserved 253952K
}
Event: 50.122 GC heap after
{Heap after GC invocations=2 (full 0):
 garbage-first heap   total 262144K, used 10069K [0x00000000e0000000, 0x0000000100000000)
  region size 1024K, 1 young (1024K), 1 survivors (1024K)
 Metaspace       used 11524K, capacity 11810K, committed 12032K, reserved 266240K
  class space    used 1203K, capacity 1275K, committed 1280K, reserved 253952K
}
Event: 59.344 GC heap before
{Heap before GC invocations=2 (full 0):
 garbage-first heap   total 262144K, used 45909K [0x00000000e0000000, 0x0000000100000000)
  region size 1024K, 35 young (35840K), 1 survivors (1024K)
 Metaspace       used 12309K, capacity 12638K, committed 12800K, reserved 266240K
  class space    used 1349K, capacity 1444K, committed 1536K, reserved 253952K
}
Event: 59.347 GC heap after
{Heap after GC invocations=3 (full 0):
 garbage-first heap   total 262144K, used 14512K [0x00000000e0000000, 0x0000000100000000)
  region size 1024K, 5 young (5120K), 5 survivors (5120K)
 Metaspace       used 12309K, capacity 12638K, committed 12800K, reserved 266240K
  class space    used 1349K, capacity 1444K, committed 1536K, reserved 253952K
}
Event: 67.096 GC heap before
{Heap before GC invocations=3 (full 0):
 garbage-first heap   total 262144K, used 57520K [0x00000000e0000000, 0x0000000100000000)
  region size 1024K, 48 young (49152K), 5 survivors (5120K)
 Metaspace       used 20751K, capacity 21240K, committed 21296K, reserved 274432K
  class space    used 2554K, capacity 2684K, committed 2688K, reserved 253952K
}
Event: 67.113 GC heap after
{Heap after GC invocations=4 (full 0):
 garbage-first heap   total 262144K, used 17486K [0x00000000e0000000, 0x0000000100000000)
  region size 1024K, 3 young (3072K), 3 survivors (3072K)
 Metaspace       used 20751K, capacity 21240K, committed 21296K, reserved 274432K
  class space    used 2554K, capacity 2684K, committed 2688K, reserved 253952K
}
Event: 99.494 GC heap before
{Heap before GC invocations=5 (full 0):
 garbage-first heap   total 262144K, used 93262K [0x00000000e0000000, 0x0000000100000000)
  region size 1024K, 67 young (68608K), 3 survivors (3072K)
 Metaspace       used 28350K, capacity 29147K, committed 29440K, reserved 280576K
  class space    used 3751K, capacity 4016K, committed 4096K, reserved 253952K
}
Event: 99.504 GC heap after
{Heap after GC invocations=6 (full 0):
 garbage-first heap   total 262144K, used 32880K [0x00000000e0000000, 0x0000000100000000)
  region size 1024K, 7 young (7168K), 7 survivors (7168K)
 Metaspace       used 28350K, capacity 29147K, committed 29440K, reserved 280576K
  class space    used 3751K, capacity 4016K, committed 4096K, reserved 253952K
}

Deoptimization events (20 events):
Event: 122.126 Thread 0x0000020cbe420800 Uncommon trap: trap_request=0xffffffbe fr.pc=0x0000020caffa5a44 relative=0x0000000000000804
Event: 122.126 Thread 0x0000020cbe420800 Uncommon trap: reason=profile_predicate action=maybe_recompile pc=0x0000020caffa5a44 method=java.util.stream.ReferencePipeline.forEachWithCancel(Ljava/util/Spliterator;Ljava/util/stream/Sink;)Z @ 8 c2
Event: 122.126 Thread 0x0000020cbe420800 DEOPT PACKING pc=0x0000020caffa5a44 sp=0x0000001625cfead0
Event: 122.126 Thread 0x0000020cbe420800 DEOPT UNPACKING pc=0x0000020ca838a1af sp=0x0000001625cfeaa0 mode 2
Event: 122.517 Thread 0x0000020cbd6c5800 Uncommon trap: trap_request=0xffffff4d fr.pc=0x0000020cafe95664 relative=0x00000000000004c4
Event: 122.517 Thread 0x0000020cbd6c5800 Uncommon trap: reason=unstable_if action=reinterpret pc=0x0000020cafe95664 method=java.util.Properties$LineReader.readLine()I @ 95 c2
Event: 122.517 Thread 0x0000020cbd6c5800 DEOPT PACKING pc=0x0000020cafe95664 sp=0x00000016279f7b00
Event: 122.517 Thread 0x0000020cbd6c5800 DEOPT UNPACKING pc=0x0000020ca838a1af sp=0x00000016279f7a98 mode 2
Event: 123.124 Thread 0x0000020cbe420800 Uncommon trap: trap_request=0xffffffbe fr.pc=0x0000020caffa5a44 relative=0x0000000000000804
Event: 123.124 Thread 0x0000020cbe420800 Uncommon trap: reason=profile_predicate action=maybe_recompile pc=0x0000020caffa5a44 method=java.util.stream.ReferencePipeline.forEachWithCancel(Ljava/util/Spliterator;Ljava/util/stream/Sink;)Z @ 8 c2
Event: 123.124 Thread 0x0000020cbe420800 DEOPT PACKING pc=0x0000020caffa5a44 sp=0x0000001625cfead0
Event: 123.124 Thread 0x0000020cbe420800 DEOPT UNPACKING pc=0x0000020ca838a1af sp=0x0000001625cfeaa0 mode 2
Event: 124.129 Thread 0x0000020cbe420800 Uncommon trap: trap_request=0xffffffbe fr.pc=0x0000020caffa5a44 relative=0x0000000000000804
Event: 124.129 Thread 0x0000020cbe420800 Uncommon trap: reason=profile_predicate action=maybe_recompile pc=0x0000020caffa5a44 method=java.util.stream.ReferencePipeline.forEachWithCancel(Ljava/util/Spliterator;Ljava/util/stream/Sink;)Z @ 8 c2
Event: 124.129 Thread 0x0000020cbe420800 DEOPT PACKING pc=0x0000020caffa5a44 sp=0x0000001625cfead0
Event: 124.129 Thread 0x0000020cbe420800 DEOPT UNPACKING pc=0x0000020ca838a1af sp=0x0000001625cfeaa0 mode 2
Event: 125.137 Thread 0x0000020cbe420800 Uncommon trap: trap_request=0xffffffbe fr.pc=0x0000020caffa5a44 relative=0x0000000000000804
Event: 125.137 Thread 0x0000020cbe420800 Uncommon trap: reason=profile_predicate action=maybe_recompile pc=0x0000020caffa5a44 method=java.util.stream.ReferencePipeline.forEachWithCancel(Ljava/util/Spliterator;Ljava/util/stream/Sink;)Z @ 8 c2
Event: 125.137 Thread 0x0000020cbe420800 DEOPT PACKING pc=0x0000020caffa5a44 sp=0x0000001625cfead0
Event: 125.137 Thread 0x0000020cbe420800 DEOPT UNPACKING pc=0x0000020ca838a1af sp=0x0000001625cfeaa0 mode 2

Classes redefined (0 events):
No events

Internal exceptions (20 events):
Event: 106.327 Thread 0x0000020cbd6c5800 Exception <a 'java/lang/NoSuchMethodError'{0x00000000efdf9a98}: <clinit>> (0x00000000efdf9a98) thrown at [src/hotspot/share/prims/jni.cpp, line 1367]
Event: 106.327 Thread 0x0000020cbd6c5800 Exception <a 'java/lang/NoSuchMethodError'{0x00000000efdfad28}: <clinit>> (0x00000000efdfad28) thrown at [src/hotspot/share/prims/jni.cpp, line 1367]
Event: 106.718 Thread 0x0000020cbd6c5800 Exception <a 'java/lang/NoSuchMethodError'{0x00000000efa5c288}: 'java.lang.Object java.lang.invoke.Invokers$Holder.linkToTargetMethod(java.lang.Object, int, java.lang.Object)'> (0x00000000efa5c288) thrown at [src/hotspot/share/interpreter/linkResolver.cpp, line 779]
Event: 107.934 Thread 0x0000020cbd6c5800 Exception <a 'java/lang/NoSuchMethodError'{0x00000000ee971010}: 'java.lang.Object java.lang.invoke.DirectMethodHandle$Holder.invokeSpecialIFC(java.lang.Object, java.lang.Object, java.lang.Object, java.lang.Object)'> (0x00000000ee971010) thrown at [src/hotspot/share/interpreter/linkResolver.cpp, line 779]
Event: 109.181 Thread 0x0000020cbd6c5800 Implicit null exception at 0x0000020cafef9b75 to 0x0000020cafef9d3c
Event: 109.181 Thread 0x0000020cbd6c5800 Implicit null exception at 0x0000020cafe255af to 0x0000020cafe2561d
Event: 110.075 Thread 0x0000020cbd6c5800 Exception <a 'java/lang/NoSuchMethodError'{0x00000000edfce278}: 'java.lang.Object java.lang.invoke.DirectMethodHandle$Holder.invokeSpecial(java.lang.Object, java.lang.Object, java.lang.Object, java.lang.Object, java.lang.Object, java.lang.Object, java.lang.Object, java.lang.Object, java.lang.Object, java.lang.Object, java.lang.Object, java.lang.Object, java.lang.Object)'> (0x00000000edfce278) thrown at [src/hotspot/share/interpreter/linkResolver.cpp, line 779]
Event: 110.076 Thread 0x0000020cbd6c5800 Exception <a 'java/lang/NoSuchMethodError'{0x00000000edfdf380}: 'java.lang.Object java.lang.invoke.DirectMethodHandle$Holder.invokeSpecial(java.lang.Object, java.lang.Object, java.lang.Object, java.lang.Object, java.lang.Object, java.lang.Object, java.lang.Object, java.lang.Object, java.lang.Object, java.lang.Object, java.lang.Object, java.lang.Object)'> (0x00000000edfdf380) thrown at [src/hotspot/share/interpreter/linkResolver.cpp, line 779]
Event: 110.077 Thread 0x0000020cbd6c5800 Exception <a 'java/lang/NoSuchMethodError'{0x00000000edfe4750}: 'java.lang.Object java.lang.invoke.Invokers$Holder.linkToTargetMethod(java.lang.Object, java.lang.Object, java.lang.Object, java.lang.Object, java.lang.Object, java.lang.Object, java.lang.Object, java.lang.Object, java.lang.Object, java.lang.Object, java.lang.Object)'> (0x00000000edfe4750) thrown at [src/hotspot/share/interpreter/linkResolver.cpp, line 779]
Event: 110.092 Thread 0x0000020cbd6c5800 Exception <a 'java/lang/NoSuchMethodError'{0x00000000ede7a770}: 'java.lang.Object java.lang.invoke.DirectMethodHandle$Holder.invokeSpecial(java.lang.Object, java.lang.Object, java.lang.Object, java.lang.Object, java.lang.Object, java.lang.Object, java.lang.Object, java.lang.Object, java.lang.Object, java.lang.Object, java.lang.Object, java.lang.Object, java.lang.Object, java.lang.Object)'> (0x00000000ede7a770) thrown at [src/hotspot/share/interpreter/linkResolver.cpp, line 779]
Event: 110.093 Thread 0x0000020cbd6c5800 Exception <a 'java/lang/NoSuchMethodError'{0x00000000ede8c3a0}: 'java.lang.Object java.lang.invoke.Invokers$Holder.linkToTargetMethod(java.lang.Object, java.lang.Object, java.lang.Object, java.lang.Object, java.lang.Object, java.lang.Object, java.lang.Object, java.lang.Object, java.lang.Object, java.lang.Object, java.lang.Object, java.lang.Object)'> (0x00000000ede8c3a0) thrown at [src/hotspot/share/interpreter/linkResolver.cpp, line 779]
Event: 110.503 Thread 0x0000020cbd6c5800 Exception <a 'java/lang/NoSuchMethodError'{0x00000000edd6dc68}: 'java.lang.Object java.lang.invoke.DirectMethodHandle$Holder.invokeStaticInit(java.lang.Object, java.lang.Object, java.lang.Object, java.lang.Object)'> (0x00000000edd6dc68) thrown at [src/hotspot/share/interpreter/linkResolver.cpp, line 779]
Event: 112.627 Thread 0x0000020cbd6c5800 Exception <a 'java/lang/NoSuchMethodError'{0x00000000ed364e68}: 'java.lang.Object java.lang.invoke.Invokers$Holder.linkToTargetMethod(java.lang.Object, java.lang.Object, java.lang.Object, java.lang.Object, java.lang.Object, java.lang.Object, java.lang.Object, java.lang.Object)'> (0x00000000ed364e68) thrown at [src/hotspot/share/interpreter/linkResolver.cpp, line 779]
Event: 112.630 Thread 0x0000020cbd6c5800 Exception <a 'java/lang/NoSuchMethodError'{0x00000000ed3b9de8}: 'java.lang.Object java.lang.invoke.Invokers$Holder.linkToTargetMethod(java.lang.Object, java.lang.Object, java.lang.Object, java.lang.Object, java.lang.Object, java.lang.Object, java.lang.Object)'> (0x00000000ed3b9de8) thrown at [src/hotspot/share/interpreter/linkResolver.cpp, line 779]
Event: 112.634 Thread 0x0000020cbd6c5800 Exception <a 'java/lang/IncompatibleClassChangeError'{0x00000000ed20f8c0}: Found class java.lang.Object, but interface was expected> (0x00000000ed20f8c0) thrown at [src/hotspot/share/interpreter/linkResolver.cpp, line 845]
Event: 116.432 Thread 0x0000020cbd6c5800 Exception <a 'java/lang/NoSuchMethodError'{0x00000000ec566c70}: 'int java.lang.invoke.DirectMethodHandle$Holder.invokeStatic(java.lang.Object, java.lang.Object, java.lang.Object, java.lang.Object, java.lang.Object)'> (0x00000000ec566c70) thrown at [src/hotspot/share/interpreter/linkResolver.cpp, line 779]
Event: 121.086 Thread 0x0000020cbd6c5800 Exception <a 'java/lang/NoSuchMethodError'{0x00000000ebf7cd10}: 'void java.lang.invoke.DirectMethodHandle$Holder.invokeStaticInit(java.lang.Object, java.lang.Object, java.lang.Object)'> (0x00000000ebf7cd10) thrown at [src/hotspot/share/interpreter/linkResolver.cpp, line 779]
Event: 121.087 Thread 0x0000020cbd6c5800 Exception <a 'java/lang/NoSuchMethodError'{0x00000000ebf84210}: 'void java.lang.invoke.DirectMethodHandle$Holder.invokeStaticInit(java.lang.Object, java.lang.Object, java.lang.Object, java.lang.Object)'> (0x00000000ebf84210) thrown at [src/hotspot/share/interpreter/linkResolver.cpp, line 779]
Event: 121.091 Thread 0x0000020cbd6c5800 Exception <a 'java/lang/NoSuchMethodError'{0x00000000ebfa8420}: 'void java.lang.invoke.DirectMethodHandle$Holder.invokeStaticInit(java.lang.Object, java.lang.Object, java.lang.Object, java.lang.Object, java.lang.Object)'> (0x00000000ebfa8420) thrown at [src/hotspot/share/interpreter/linkResolver.cpp, line 779]
Event: 121.172 Thread 0x0000020cbd6c5800 Exception <a 'java/lang/NoSuchMethodError'{0x00000000ebe22788}: 'int java.lang.invoke.DirectMethodHandle$Holder.invokeStaticInit(java.lang.Object, java.lang.Object, java.lang.Object, java.lang.Object)'> (0x00000000ebe22788) thrown at [src/hotspot/share/interpreter/linkResolver.cpp, line 779]

Events (20 events):
Event: 128.093 loading class java/awt/event/InputMethodListener done
Event: 128.093 loading class java/awt/im/InputMethodRequests
Event: 128.208 loading class java/awt/im/InputMethodRequests done
Event: 128.208 loading class java/awt/im/InputContext
Event: 128.209 loading class java/awt/im/InputContext done
Event: 128.209 loading class java/awt/event/FocusEvent
Event: 128.209 loading class java/awt/event/FocusEvent done
Event: 128.209 loading class java/awt/event/InputMethodEvent
Event: 128.209 loading class java/awt/event/InputMethodEvent done
Event: 128.209 loading class java/awt/event/HierarchyEvent
Event: 128.209 loading class java/awt/event/HierarchyEvent done
Event: 128.209 loading class sun/awt/RequestFocusController
Event: 128.272 loading class sun/awt/RequestFocusController done
Event: 128.273 loading class java/awt/event/ItemListener
Event: 128.401 loading class java/awt/event/ItemListener done
Event: 128.402 loading class javax/swing/event/ListDataEvent
Event: 128.402 loading class javax/swing/event/ListDataEvent done
Event: 128.402 loading class java/awt/event/ActionEvent
Event: 128.423 loading class java/awt/event/ActionEvent done
Event: 128.424 loading class javax/swing/TransferHandler


Dynamic libraries:
0x00007ff77d4a0000 - 0x00007ff77d4aa000 	C:\Users\mirza\.jdks\jbr-11.0.14.1\bin\java.exe
0x00007ffdeb550000 - 0x00007ffdeb745000 	C:\WINDOWS\SYSTEM32\ntdll.dll
0x00007ffde99a0000 - 0x00007ffde9a5e000 	C:\WINDOWS\System32\KERNEL32.DLL
0x00007ffde92e0000 - 0x00007ffde95a8000 	C:\WINDOWS\System32\KERNELBASE.dll
0x00007ffde8f40000 - 0x00007ffde9040000 	C:\WINDOWS\System32\ucrtbase.dll
0x00007ffdd4cf0000 - 0x00007ffdd4d09000 	C:\Users\mirza\.jdks\jbr-11.0.14.1\bin\jli.dll
0x00007ffdd3420000 - 0x00007ffdd3436000 	C:\Users\mirza\.jdks\jbr-11.0.14.1\bin\VCRUNTIME140.dll
0x00007ffdeaf10000 - 0x00007ffdeb0b0000 	C:\WINDOWS\System32\USER32.dll
0x00007ffde8f10000 - 0x00007ffde8f32000 	C:\WINDOWS\System32\win32u.dll
0x00007ffdd6910000 - 0x00007ffdd6baa000 	C:\WINDOWS\WinSxS\amd64_microsoft.windows.common-controls_6595b64144ccf1df_6.0.19041.1110_none_60b5254171f9507e\COMCTL32.dll
0x00007ffde9890000 - 0x00007ffde98ba000 	C:\WINDOWS\System32\GDI32.dll
0x00007ffde90d0000 - 0x00007ffde91db000 	C:\WINDOWS\System32\gdi32full.dll
0x00007ffde9770000 - 0x00007ffde980e000 	C:\WINDOWS\System32\msvcrt.dll
0x00007ffde8ca0000 - 0x00007ffde8d3d000 	C:\WINDOWS\System32\msvcp_win.dll
0x00007ffde98c0000 - 0x00007ffde98f0000 	C:\WINDOWS\System32\IMM32.DLL
0x00007ffdcb600000 - 0x00007ffdcb6aa000 	C:\Users\mirza\.jdks\jbr-11.0.14.1\bin\msvcp140.dll
0x00007ffdc01d0000 - 0x00007ffdc0d5a000 	C:\Users\mirza\.jdks\jbr-11.0.14.1\bin\server\jvm.dll
0x00007ffde9a60000 - 0x00007ffde9b0e000 	C:\WINDOWS\System32\ADVAPI32.dll
0x00007ffde96d0000 - 0x00007ffde976c000 	C:\WINDOWS\System32\sechost.dll
0x00007ffdead60000 - 0x00007ffdeae85000 	C:\WINDOWS\System32\RPCRT4.dll
0x00007ffdeb2f0000 - 0x00007ffdeb2f8000 	C:\WINDOWS\System32\PSAPI.DLL
0x00007ffdd9f70000 - 0x00007ffdd9f79000 	C:\WINDOWS\SYSTEM32\WSOCK32.dll
0x00007ffddf1d0000 - 0x00007ffddf1da000 	C:\WINDOWS\SYSTEM32\VERSION.dll
0x00007ffddf1a0000 - 0x00007ffddf1c7000 	C:\WINDOWS\SYSTEM32\WINMM.dll
0x00007ffdeb4a0000 - 0x00007ffdeb50b000 	C:\WINDOWS\System32\WS2_32.dll
0x00007ffde6ab0000 - 0x00007ffde6ac2000 	C:\WINDOWS\SYSTEM32\kernel.appcore.dll
0x00007ffdcf5a0000 - 0x00007ffdcf5b1000 	C:\Users\mirza\.jdks\jbr-11.0.14.1\bin\verify.dll
0x00007ffdd31f0000 - 0x00007ffdd33d4000 	C:\WINDOWS\SYSTEM32\DBGHELP.DLL
0x00007ffdd31c0000 - 0x00007ffdd31ec000 	C:\WINDOWS\SYSTEM32\dbgcore.DLL
0x00007ffde9040000 - 0x00007ffde90c2000 	C:\WINDOWS\System32\bcryptPrimitives.dll
0x00007ffdcf4b0000 - 0x00007ffdcf4d9000 	C:\Users\mirza\.jdks\jbr-11.0.14.1\bin\java.dll
0x00007ffddaa30000 - 0x00007ffddaa3b000 	C:\Users\mirza\.jdks\jbr-11.0.14.1\bin\jimage.dll
0x00007ffdcf580000 - 0x00007ffdcf599000 	C:\Users\mirza\.jdks\jbr-11.0.14.1\bin\zip.dll
0x00007ffdea610000 - 0x00007ffdead54000 	C:\WINDOWS\System32\SHELL32.dll
0x00007ffde6d90000 - 0x00007ffde7524000 	C:\WINDOWS\SYSTEM32\windows.storage.dll
0x00007ffdea100000 - 0x00007ffdea454000 	C:\WINDOWS\System32\combase.dll
0x00007ffde8610000 - 0x00007ffde863c000 	C:\WINDOWS\SYSTEM32\Wldp.dll
0x00007ffde9be0000 - 0x00007ffde9c8d000 	C:\WINDOWS\System32\SHCORE.dll
0x00007ffdeb300000 - 0x00007ffdeb355000 	C:\WINDOWS\System32\shlwapi.dll
0x00007ffde8bb0000 - 0x00007ffde8bcf000 	C:\WINDOWS\SYSTEM32\profapi.dll
0x00007ffdcf0d0000 - 0x00007ffdcf0ea000 	C:\Users\mirza\.jdks\jbr-11.0.14.1\bin\net.dll
0x00007ffde1210000 - 0x00007ffde131a000 	C:\WINDOWS\SYSTEM32\WINHTTP.dll
0x00007ffde8370000 - 0x00007ffde83da000 	C:\WINDOWS\system32\mswsock.dll
0x00007ffdcefe0000 - 0x00007ffdceff4000 	C:\Users\mirza\.jdks\jbr-11.0.14.1\bin\nio.dll
0x00007ffdcd760000 - 0x00007ffdcd787000 	C:\Users\mirza\.gradle\native\e1d6ef7f7dcc3fd88c89a11ec53ec762bb8ba0a96d01ffa2cd45eb1d1d8dd5c5\windows-amd64\native-platform.dll
0x00007ffdc4ae0000 - 0x00007ffdc4c24000 	C:\Users\mirza\.gradle\native\0d407fdbe67a94daf76414ababcb853783967236a71b16ec16e742cd7a986fd3\windows-amd64\native-platform-file-events.dll
0x00007ffde16c0000 - 0x00007ffde16ca000 	C:\Users\mirza\.jdks\jbr-11.0.14.1\bin\management.dll
0x00007ffddaa70000 - 0x00007ffddaa7d000 	C:\Users\mirza\.jdks\jbr-11.0.14.1\bin\management_ext.dll
0x00007ffde8570000 - 0x00007ffde8588000 	C:\WINDOWS\SYSTEM32\CRYPTSP.dll
0x00007ffde7cf0000 - 0x00007ffde7d24000 	C:\WINDOWS\system32\rsaenh.dll
0x00007ffde8c70000 - 0x00007ffde8c97000 	C:\WINDOWS\System32\bcrypt.dll
0x00007ffde8ac0000 - 0x00007ffde8aee000 	C:\WINDOWS\SYSTEM32\USERENV.dll
0x00007ffde8560000 - 0x00007ffde856c000 	C:\WINDOWS\SYSTEM32\CRYPTBASE.dll
0x00007ffde8060000 - 0x00007ffde809b000 	C:\WINDOWS\SYSTEM32\IPHLPAPI.DLL
0x00007ffdeaf00000 - 0x00007ffdeaf08000 	C:\WINDOWS\System32\NSI.dll
0x00007ffddfd30000 - 0x00007ffddfd47000 	C:\WINDOWS\SYSTEM32\dhcpcsvc6.DLL
0x00007ffde1cd0000 - 0x00007ffde1ced000 	C:\WINDOWS\SYSTEM32\dhcpcsvc.DLL
0x00007ffde80a0000 - 0x00007ffde816b000 	C:\WINDOWS\SYSTEM32\DNSAPI.dll

dbghelp: loaded successfully - version: 4.0.5 - missing functions: none
symbol engine: initialized successfully - sym options: 0x614 - pdb path: .;C:\Users\mirza\.jdks\jbr-11.0.14.1\bin;C:\WINDOWS\SYSTEM32;C:\WINDOWS\WinSxS\amd64_microsoft.windows.common-controls_6595b64144ccf1df_6.0.19041.1110_none_60b5254171f9507e;C:\Users\mirza\.jdks\jbr-11.0.14.1\bin\server;C:\Users\mirza\.gradle\native\e1d6ef7f7dcc3fd88c89a11ec53ec762bb8ba0a96d01ffa2cd45eb1d1d8dd5c5\windows-amd64;C:\Users\mirza\.gradle\native\0d407fdbe67a94daf76414ababcb853783967236a71b16ec16e742cd7a986fd3\windows-amd64

VM Arguments:
jvm_args: -XX:MaxMetaspaceSize=256m -XX:+HeapDumpOnOutOfMemoryError --add-opens=java.base/java.util=ALL-UNNAMED --add-opens=java.base/java.lang=ALL-UNNAMED --add-opens=java.base/java.lang.invoke=ALL-UNNAMED --add-opens=java.base/java.util=ALL-UNNAMED --add-opens=java.prefs/java.util.prefs=ALL-UNNAMED --add-opens=java.prefs/java.util.prefs=ALL-UNNAMED --add-opens=java.base/java.nio.charset=ALL-UNNAMED --add-opens=java.base/java.net=ALL-UNNAMED --add-opens=java.base/java.util.concurrent.atomic=ALL-UNNAMED -Xms256m -Xmx512m -Dfile.encoding=windows-1251 -Duser.country=RU -Duser.language=ru -Duser.variant 
java_command: org.gradle.launcher.daemon.bootstrap.GradleDaemon 7.4.1
java_class_path (initial): C:\Users\mirza\.gradle\wrapper\dists\gradle-7.4.1-bin\58kw26xllvsiedyf3nujyarhn\gradle-7.4.1\lib\gradle-launcher-7.4.1.jar
Launcher Type: SUN_STANDARD

[Global flags]
     intx CICompilerCount                          = 4                                         {product} {ergonomic}
   size_t CompressedClassSpaceSize                 = 260046848                                 {product} {ergonomic}
     uint ConcGCThreads                            = 2                                         {product} {ergonomic}
     uint G1ConcRefinementThreads                  = 8                                         {product} {ergonomic}
   size_t G1HeapRegionSize                         = 1048576                                   {product} {ergonomic}
    uintx GCDrainStackTargetSize                   = 64                                        {product} {ergonomic}
     bool HeapDumpOnOutOfMemoryError               = true                                   {manageable} {command line}
   size_t InitialHeapSize                          = 268435456                                 {product} {command line}
   size_t MarkStackSize                            = 4194304                                   {product} {ergonomic}
   size_t MaxHeapSize                              = 536870912                                 {product} {command line}
   size_t MaxMetaspaceSize                         = 268435456                                 {product} {command line}
   size_t MaxNewSize                               = 321912832                                 {product} {ergonomic}
   size_t MinHeapDeltaBytes                        = 1048576                                   {product} {ergonomic}
    uintx NonNMethodCodeHeapSize                   = 5836300                                {pd product} {ergonomic}
    uintx NonProfiledCodeHeapSize                  = 122910970                              {pd product} {ergonomic}
    uintx ProfiledCodeHeapSize                     = 122910970                              {pd product} {ergonomic}
    uintx ReservedCodeCacheSize                    = 251658240                              {pd product} {ergonomic}
     bool SegmentedCodeCache                       = true                                      {product} {ergonomic}
     bool UseCompressedClassPointers               = true                                 {lp64_product} {ergonomic}
     bool UseCompressedOops                        = true                                 {lp64_product} {ergonomic}
     bool UseG1GC                                  = true                                      {product} {ergonomic}
     bool UseLargePagesIndividualAllocation        = false                                  {pd product} {ergonomic}

Logging:
Log output configuration:
 #0: stdout all=warning uptime,level,tags
 #1: stderr all=off uptime,level,tags

Environment Variables:
JAVA_HOME=C:\Program Files\Java\jdk-9.0.1
PATH=C:\Program Files\Common Files\Oracle\Java\javapath;C:\ProgramData\Oracle\Java\javapath;C:\WINDOWS\system32;C:\WINDOWS;C:\WINDOWS\System32\Wbem;C:\WINDOWS\System32\WindowsPowerShell\v1.0\;C:\Program Files (x86)\ATI Technologies\ATI.ACE\Core-Static;C:\WINDOWS\System32\OpenSSH\;C:\Program Files (x86)\AMD\ATI.ACE\Core-Static;C:\Program Files\Java\jdk1.7.0_80\bin;C:\Program Files\Git\cmd;C:\Users\mirza\UnpackedMaven\apache-maven-3.6.3\bin;C:\Users\mirza\AppData\Local\Microsoft\WindowsApps;;C:\Program Files\JetBrains\DataGrip 2020.1.2\bin;;C:\Program Files\heroku\bin
USERNAME=mirza
OS=Windows_NT
PROCESSOR_IDENTIFIER=Intel64 Family 6 Model 58 Stepping 9, GenuineIntel



---------------  S Y S T E M  ---------------

OS: Windows 10 , 64 bit Build 19041 (10.0.19041.1645)
OS uptime: 0 days 6:02 hours

CPU:total 8 (initial active 8) (4 cores per cpu, 2 threads per core) family 6 model 58 stepping 9 microcode 0x21, cmov, cx8, fxsr, mmx, sse, sse2, sse3, ssse3, sse4.1, sse4.2, popcnt, avx, aes, clmul, erms, ht, tsc, tscinvbit, tscinv

Memory: 4k page, system-wide physical 6103M (616M free)
TotalPageFile size 9103M (AvailPageFile size 590M)
current process WorkingSet (physical memory assigned to process): 297M, peak: 299M
current process commit charge ("private bytes"): 455M, peak: 457M

vm_info: Dynamic Code Evolution 64-Bit Server VM (11.0.14.1+1-b2043.25) for windows-amd64 JRE (11.0.14.1+1-b2043.25), built on Mar 30 2022 04:28:40 by "" with MS VC++ 14.0 (VS2015)

END.
